#Build: Fabric Compiler 2022.1, Build 99559, Jul 12 00:20 2022
#Install: D:\pango\PDS_2022.1\bin
#Application name: pds_shell.exe
#OS: Windows 10 10.0.19045
#Hostname: LAPTOP-HH0DB6L7
Generated by Fabric Compiler (version 2022.1 build 99559) at Sat Oct 14 21:25:19 2023
Compiling verification operator library.
Compiling common defs.
Compiling prim grid devices.
Compiling gate devices.
Compiling gate operators.
Building architecture model.
Loading device packaging model.
Reading design from pnr DB.
Start Report Post-PnR timing.
Constructing timing graph ...
Timing graph has been constructed successfully
C: STA-3009: The clock tinyriscv_soc_top|clk_in is not connected to any clock endpoints,it will be treated as a normal port or pin.
W: Timing-4086: Port 'gpio[0]' is not constrained, it is treated as combinational input.
W: Timing-4087: Port 'gpio[0]' is not constrained, it is treated as combinational output.
W: Timing-4086: Port 'gpio[1]' is not constrained, it is treated as combinational input.
W: Timing-4087: Port 'gpio[1]' is not constrained, it is treated as combinational output.
W: Timing-4086: Port 'gpio[2]' is not constrained, it is treated as combinational input.
W: Timing-4087: Port 'gpio[2]' is not constrained, it is treated as combinational output.
W: Timing-4086: Port 'gpio[3]' is not constrained, it is treated as combinational input.
W: Timing-4087: Port 'gpio[3]' is not constrained, it is treated as combinational output.
W: Timing-4086: Port 'gpio[4]' is not constrained, it is treated as combinational input.
W: Timing-4087: Port 'gpio[4]' is not constrained, it is treated as combinational output.
W: Timing-4086: Port 'gpio[5]' is not constrained, it is treated as combinational input.
W: Timing-4087: Port 'gpio[5]' is not constrained, it is treated as combinational output.
W: Timing-4086: Port 'gpio[6]' is not constrained, it is treated as combinational input.
W: Timing-4087: Port 'gpio[6]' is not constrained, it is treated as combinational output.
W: Timing-4086: Port 'gpio[7]' is not constrained, it is treated as combinational input.
W: Timing-4087: Port 'gpio[7]' is not constrained, it is treated as combinational output.
W: Timing-4087: Port 'halted_ind' is not constrained, it is treated as combinational output.
W: Timing-4087: Port 'jtag_TDO' is not constrained, it is treated as combinational output.
W: Timing-4087: Port 'spi2_clk' is not constrained, it is treated as combinational output.
W: Timing-4087: Port 'spi2_mosi' is not constrained, it is treated as combinational output.
W: Timing-4087: Port 'spi2_ss' is not constrained, it is treated as combinational output.
W: Timing-4087: Port 'spi_clk' is not constrained, it is treated as combinational output.
W: Timing-4087: Port 'spi_mosi' is not constrained, it is treated as combinational output.
W: Timing-4087: Port 'spi_ss' is not constrained, it is treated as combinational output.
W: Timing-4087: Port 'uart_tx_pin' is not constrained, it is treated as combinational output.
W: Timing-4086: Port 'jtag_TDI' is not constrained, it is treated as combinational input.
W: Timing-4086: Port 'jtag_TMS' is not constrained, it is treated as combinational input.
W: Timing-4086: Port 'rst_ext_i' is not constrained, it is treated as combinational input.
W: Timing-4086: Port 'spi2_miso' is not constrained, it is treated as combinational input.
W: Timing-4086: Port 'spi_miso' is not constrained, it is treated as combinational input.
W: Timing-4086: Port 'uart_rx_pin' is not constrained, it is treated as combinational input.
Report timing is finished successfully.
Action report_timing: Real time elapsed is 0h:0m:10s
Action report_timing: CPU time elapsed is 0h:0m:9s
Action report_timing: Process CPU time elapsed is 0h:0m:9s
Current time: Sat Oct 14 21:25:27 2023
Action report_timing: Peak memory pool usage is 721 MB
