IP Generator (Version 2022.1 build 99559)
Check out license ...
Start generating at 2023-10-16 22:59
Instance: ram1 (D:\FPGA_LAB_pangomicro\tinyriscv\FPGA_Competition-RISC-V_Processor-in-PGL22G-main\ipcore\ram1\ram1.idf)
IP: DRM Based Single Port RAM (1.5)
Part: Logos-PGL22G-MBG324--6
Create directory 'rtl' ...
Copy 'rtl\ipml_spram_v1_5.v.xml' to 'rtl' ...
Compile file 'rtl\ipml_spram_v1_5.v.xml' to 'rtl\ipml_spram_v1_5_ram1.v' ...
Copy 'ipml_spram_wrapper_v1_5.v.xml' ...
Compile file 'ipml_spram_wrapper_v1_5.v.xml' to 'ram1.v' ...
Found top module 'ram1' in file 'ram1.v'.
Copy 'ipml_spram_wrapper_v1_3_tb.v.xml' ...
Compile file 'ipml_spram_wrapper_v1_3_tb.v.xml' to 'ram1_tb.v' ...
Copy 'init_param_bin_exmp.dat' ...
Copy 'init_param_hex_exmp.dat' ...
Run file 'createParam.tcl' ...
Create template file 'ram1_tmpl.v' ...
Create template file 'ram1_tmpl.vhdl' ...
There are 2 source files to synthesize.
Synthesis is disabled.
Done: 0 error(s), 0 warning(s)
