#Build: Fabric Compiler 2022.1, Build 99559, Jul 12 00:20 2022
#Install: D:\pango\PDS_2022.1\bin
#Application name: pds_shell.exe
#OS: Windows 10 10.0.19045
#Hostname: LAPTOP-HH0DB6L7
Generated by Fabric Compiler (version 2022.1 build 99559) at Mon Oct 16 20:14:23 2023
License checkout: fabric_ads
Compiling verification operator library.
Compiling common defs.
Loading technology operator library.
Compiling technology operator library.
Compiling technology operator (valence) library.
Reading design from compile DB
Reading design from compile DB successfully.
Constraint check start.
Compiling prim grid devices.
Building architecture model.
Loading device packaging model.
Building architecture floorplan logic view.
Constraint check end.
C: SDC-2025: Clock source 'n:jtag_TCK' need a clock constraint, please use 'create_clock' or 'create_generate_clock' to generate.
Executing : get_ports jtag_TCK
Executing : get_ports jtag_TCK successfully.
Executing : create_clock -name tinyriscv_soc_top|jtag_TCK [get_ports jtag_TCK] -period 1000.000 -waveform {0.000 500.000} -add
Executing : create_clock -name tinyriscv_soc_top|jtag_TCK [get_ports jtag_TCK] -period 1000.000 -waveform {0.000 500.000} -add successfully.
Executing : set_clock_groups -name Inferred_clock_group_0 -asynchronous -group tinyriscv_soc_top|jtag_TCK
Executing : set_clock_groups -name Inferred_clock_group_0 -asynchronous -group tinyriscv_soc_top|jtag_TCK successfully.
C: SDC-2025: Clock source 'n:clk_in' need a clock constraint, please use 'create_clock' or 'create_generate_clock' to generate.
Executing : get_ports clk_in
Executing : get_ports clk_in successfully.
Executing : create_clock -name tinyriscv_soc_top|clk_in [get_ports clk_in] -period 1000.000 -waveform {0.000 500.000} -add
Executing : create_clock -name tinyriscv_soc_top|clk_in [get_ports clk_in] -period 1000.000 -waveform {0.000 500.000} -add successfully.
Executing : set_clock_groups -name Inferred_clock_group_1 -asynchronous -group tinyriscv_soc_top|clk_in
Executing : set_clock_groups -name Inferred_clock_group_1 -asynchronous -group tinyriscv_soc_top|clk_in successfully.
C: SDC-2025: Clock source 'n:pll1/clkout1' need a clock constraint, please use 'create_clock' or 'create_generate_clock' to generate.
Executing : get_pins pll1/u_pll_e1:CLKOUT1
Executing : get_pins pll1/u_pll_e1:CLKOUT1 successfully.
Executing : create_clock -name pll|pll1/u_pll_e1/CLKOUT1 [get_pins pll1/u_pll_e1:CLKOUT1] -period 1000.000 -waveform {0.000 500.000} -add
Executing : create_clock -name pll|pll1/u_pll_e1/CLKOUT1 [get_pins pll1/u_pll_e1:CLKOUT1] -period 1000.000 -waveform {0.000 500.000} -add successfully.
Executing : set_clock_groups -name Inferred_clock_group_2 -asynchronous -group pll|pll1/u_pll_e1/CLKOUT1
Executing : set_clock_groups -name Inferred_clock_group_2 -asynchronous -group pll|pll1/u_pll_e1/CLKOUT1 successfully.
Start pre-mapping.
I: Constant propagation done on u_ram/ram222/U_ipml_spram_ram2/ADDR_LOOP[0].DATA_LOOP[0].U_GTP_DRM18K (GTP_DRM18K).
I: Constant propagation done on u_ram/ram222/U_ipml_spram_ram2/ADDR_LOOP[0].DATA_LOOP[1].U_GTP_DRM18K (GTP_DRM18K).
I: Constant propagation done on u_ram/ram222/U_ipml_spram_ram2/ADDR_LOOP[1].DATA_LOOP[0].U_GTP_DRM18K (GTP_DRM18K).
I: Constant propagation done on u_ram/ram222/U_ipml_spram_ram2/ADDR_LOOP[1].DATA_LOOP[1].U_GTP_DRM18K (GTP_DRM18K).
I: Constant propagation done on u_ram/ram222/U_ipml_spram_ram2/ADDR_LOOP[2].DATA_LOOP[0].U_GTP_DRM18K (GTP_DRM18K).
I: Constant propagation done on u_ram/ram222/U_ipml_spram_ram2/ADDR_LOOP[2].DATA_LOOP[1].U_GTP_DRM18K (GTP_DRM18K).
I: Constant propagation done on u_ram/ram222/U_ipml_spram_ram2/ADDR_LOOP[3].DATA_LOOP[0].U_GTP_DRM18K (GTP_DRM18K).
I: Constant propagation done on u_ram/ram222/U_ipml_spram_ram2/ADDR_LOOP[3].DATA_LOOP[1].U_GTP_DRM18K (GTP_DRM18K).
I: Constant propagation done on u_ram/ram222/U_ipml_spram_ram2/ADDR_LOOP[4].DATA_LOOP[0].U_GTP_DRM18K (GTP_DRM18K).
I: Constant propagation done on u_ram/ram222/U_ipml_spram_ram2/ADDR_LOOP[4].DATA_LOOP[1].U_GTP_DRM18K (GTP_DRM18K).
I: Encoding type of FSM 'csr_state_fsm[4:0]' is: onehot.
I: [D:/FPGA_LAB_pangomicro/tinyriscv/FPGA_Competition-RISC-V_Processor-in-PGL22G-main/source/core/clint.v(line number:112)] The user initial state for regs on FSM csr_state_fsm[4:0] is 00001 and be encoded 00001.
I: Encoding table of FSM 'csr_state_fsm[4:0]':
I: from  u_tinyriscv_core/u_clint/csr_state[4] u_tinyriscv_core/u_clint/csr_state[3] u_tinyriscv_core/u_clint/csr_state[2] u_tinyriscv_core/u_clint/csr_state[1] u_tinyriscv_core/u_clint/csr_state[0]
I: to  u_tinyriscv_core/u_clint/csr_state_4 u_tinyriscv_core/u_clint/csr_state_3 u_tinyriscv_core/u_clint/csr_state_2 u_tinyriscv_core/u_clint/csr_state_1 u_tinyriscv_core/u_clint/csr_state_0
I: 00001 => 00001
I: 00010 => 00010
I: 00100 => 00100
I: 01000 => 01000
I: 10000 => 10000
I: Encoding type of FSM 'state_fsm[3:0]' is: onehot.
I: [D:/FPGA_LAB_pangomicro/tinyriscv/FPGA_Competition-RISC-V_Processor-in-PGL22G-main/source/core/divider.v(line number:66)] The user initial state for regs on FSM state_fsm[3:0] is 0001 and be encoded 0001.
I: Encoding table of FSM 'state_fsm[3:0]':
I: from  u_tinyriscv_core/u_exu/u_exu_muldiv/u_divider/state[3] u_tinyriscv_core/u_exu/u_exu_muldiv/u_divider/state[2] u_tinyriscv_core/u_exu/u_exu_muldiv/u_divider/state[1] u_tinyriscv_core/u_exu/u_exu_muldiv/u_divider/state[0]
I: to  u_tinyriscv_core/u_exu/u_exu_muldiv/u_divider/state_3 u_tinyriscv_core/u_exu/u_exu_muldiv/u_divider/state_2 u_tinyriscv_core/u_exu/u_exu_muldiv/u_divider/state_1 u_tinyriscv_core/u_exu/u_exu_muldiv/u_divider/state_0
I: 0001 => 0001
I: 0010 => 0010
I: 0100 => 0100
I: 1000 => 1000
I: Encoding type of FSM 'state_fsm[3:0]' is: onehot.
I: [D:/FPGA_LAB_pangomicro/tinyriscv/FPGA_Competition-RISC-V_Processor-in-PGL22G-main/source/perips/uart.v(line number:226)] The user initial state for regs on FSM state_fsm[3:0] is 0001 and be encoded 0001.
I: Encoding table of FSM 'state_fsm[3:0]':
I: from  uart_0/state[3] uart_0/state[2] uart_0/state[1] uart_0/state[0]
I: to  uart_0/state_3 uart_0/state_2 uart_0/state_1 uart_0/state_0
I: 0001 => 0001
I: 0010 => 0010
I: 0100 => 0100
I: 1000 => 1000
I: Encoding type of FSM 'state_fsm[2:0]' is: onehot.
I: [D:/FPGA_LAB_pangomicro/tinyriscv/FPGA_Competition-RISC-V_Processor-in-PGL22G-main/source/debug/jtag_dm.v(line number:152)] The user initial state for regs on FSM state_fsm[2:0] is 001 and be encoded 001.
I: Encoding table of FSM 'state_fsm[2:0]':
I: from  u_jtag_top/u_jtag_dm/state[2] u_jtag_top/u_jtag_dm/state[1] u_jtag_top/u_jtag_dm/state[0]
I: to  u_jtag_top/u_jtag_dm/state_2 u_jtag_top/u_jtag_dm/state_1 u_jtag_top/u_jtag_dm/state_0
I: 001 => 001
I: 010 => 010
I: 100 => 100
I: Encoding type of FSM 'state_fsm[2:0]' is: onehot.
I: [D:/FPGA_LAB_pangomicro/tinyriscv/FPGA_Competition-RISC-V_Processor-in-PGL22G-main/source/utils/full_handshake_tx.v(line number:52)] The user initial state for regs on FSM state_fsm[2:0] is 001 and be encoded 001.
I: Encoding table of FSM 'state_fsm[2:0]':
I: from  u_jtag_top/u_jtag_dm/tx/state[2] u_jtag_top/u_jtag_dm/tx/state[1] u_jtag_top/u_jtag_dm/tx/state[0]
I: to  u_jtag_top/u_jtag_dm/tx/state_2 u_jtag_top/u_jtag_dm/tx/state_1 u_jtag_top/u_jtag_dm/tx/state_0
I: 001 => 001
I: 010 => 010
I: 100 => 100
I: Encoding type of FSM 'state_fsm[1:0]' is: onehot.
I: [D:/FPGA_LAB_pangomicro/tinyriscv/FPGA_Competition-RISC-V_Processor-in-PGL22G-main/source/utils/full_handshake_rx.v(line number:48)] The user initial state for regs on FSM state_fsm[1:0] is 01 and be encoded 01.
I: Encoding table of FSM 'state_fsm[1:0]':
I: from  u_jtag_top/u_jtag_dm/rx/state[1] u_jtag_top/u_jtag_dm/rx/state[0]
I: to  u_jtag_top/u_jtag_dm/rx/state_1 u_jtag_top/u_jtag_dm/rx/state_0
I: 01 => 01
I: 10 => 10
W: Public-4008: Instance 'state_1' of 'bmsWIDEDFFCPE' unit is dangling and will be cleaned.
I: Encoding type of FSM 'jtag_state_fsm[3:0]' is: onehot.
I: [D:/FPGA_LAB_pangomicro/tinyriscv/FPGA_Competition-RISC-V_Processor-in-PGL22G-main/source/debug/jtag_driver.v(line number:130)] The user initial state for regs on FSM jtag_state_fsm[3:0] is 0000 and be encoded 0000000000000001.
I: Encoding table of FSM 'jtag_state_fsm[3:0]':
I: from  u_jtag_top/u_jtag_driver/jtag_state[3] u_jtag_top/u_jtag_driver/jtag_state[2] u_jtag_top/u_jtag_driver/jtag_state[1] u_jtag_top/u_jtag_driver/jtag_state[0]
I: to  u_jtag_top/u_jtag_driver/jtag_state_15 u_jtag_top/u_jtag_driver/jtag_state_14 u_jtag_top/u_jtag_driver/jtag_state_13 u_jtag_top/u_jtag_driver/jtag_state_12 u_jtag_top/u_jtag_driver/jtag_state_11 u_jtag_top/u_jtag_driver/jtag_state_10 u_jtag_top/u_jtag_driver/jtag_state_9 u_jtag_top/u_jtag_driver/jtag_state_8 u_jtag_top/u_jtag_driver/jtag_state_7 u_jtag_top/u_jtag_driver/jtag_state_6 u_jtag_top/u_jtag_driver/jtag_state_5 u_jtag_top/u_jtag_driver/jtag_state_4 u_jtag_top/u_jtag_driver/jtag_state_3 u_jtag_top/u_jtag_driver/jtag_state_2 u_jtag_top/u_jtag_driver/jtag_state_1 u_jtag_top/u_jtag_driver/jtag_state_0
I: 0000 => 0000000000000001
I: 0001 => 0000000000000010
I: 0010 => 0000000000000100
I: 0011 => 0000000000001000
I: 0100 => 0000000000010000
I: 0101 => 0000000000100000
I: 0110 => 0000000001000000
I: 0111 => 0000000010000000
I: 1000 => 0000000100000000
I: 1001 => 0000001000000000
I: 1010 => 0000010000000000
I: 1011 => 0000100000000000
I: 1100 => 0001000000000000
I: 1101 => 0010000000000000
I: 1110 => 0100000000000000
I: 1111 => 1000000000000000
I: Encoding type of FSM 'state_fsm[2:0]' is: onehot.
I: [D:/FPGA_LAB_pangomicro/tinyriscv/FPGA_Competition-RISC-V_Processor-in-PGL22G-main/source/utils/full_handshake_tx.v(line number:52)] The user initial state for regs on FSM state_fsm[2:0] is 001 and be encoded 001.
I: Encoding table of FSM 'state_fsm[2:0]':
I: from  u_jtag_top/u_jtag_driver/tx/state[2] u_jtag_top/u_jtag_driver/tx/state[1] u_jtag_top/u_jtag_driver/tx/state[0]
I: to  u_jtag_top/u_jtag_driver/tx/state_2 u_jtag_top/u_jtag_driver/tx/state_1 u_jtag_top/u_jtag_driver/tx/state_0
I: 001 => 001
I: 010 => 010
I: 100 => 100
I: Encoding type of FSM 'state_fsm[1:0]' is: onehot.
I: [D:/FPGA_LAB_pangomicro/tinyriscv/FPGA_Competition-RISC-V_Processor-in-PGL22G-main/source/utils/full_handshake_rx.v(line number:48)] The user initial state for regs on FSM state_fsm[1:0] is 01 and be encoded 01.
I: Encoding table of FSM 'state_fsm[1:0]':
I: from  u_jtag_top/u_jtag_driver/rx/state[1] u_jtag_top/u_jtag_driver/rx/state[0]
I: to  u_jtag_top/u_jtag_driver/rx/state_1 u_jtag_top/u_jtag_driver/rx/state_0
I: 01 => 01
I: 10 => 10
W: Public-4008: Instance 'state_1' of 'bmsWIDEDFFCPE' unit is dangling and will be cleaned.
W: Removed bmsWIDEDFFCPE inst cause[31:0] at 4 that is stuck at constant 0.
W: Removed bmsWIDEDFFCPE inst csr_waddr_o[31:0] at 2 that is stuck at constant 0.
W: Removed bmsWIDEDFFCPE inst count[31:0] at 31 that is stuck at constant 0.
W: Removed bmsWIDEDFFCPE inst dcsr[31:0] at 0 that is stuck at constant 0.
Executing : pre-mapping successfully. Time elapsed: 0.574s wall, 0.562s user + 0.016s system = 0.578s CPU (100.7%)

Start mod-gen.
W: Public-4008: Instance 'u_idu_exu/inst_ff/qout_r[31:0]' of 'bmsWIDEDFFCPE' unit is dangling and will be cleaned.
W: Public-4008: Instance 'tx/idle' of 'bmsWIDEDFFCPE' unit is dangling and will be cleaned.
W: Public-4008: Instance 'u_jtag_top/u_jtag_dm/dm_reg_addr[4:0]' of 'bmsWIDEDFFCPE' unit is dangling and will be cleaned.
W: Public-4008: Instance 'u_jtag_top/u_jtag_dm/dm_reg_wdata[31:0]' of 'bmsWIDEDFFCPE' unit is dangling and will be cleaned.
W: Public-4008: Instance 'u_jtag_top/u_jtag_dm/dm_reg_we' of 'bmsWIDEDFFCPE' unit is dangling and will be cleaned.
W: Removed bmsWIDEDFFCPE inst u_jtag_top/u_jtag_dm/tx/req_data[39:0] at 0 that is stuck at constant 0.
W: Removed bmsWIDEDFFCPE inst u_jtag_top/u_jtag_dm/tx/req_data[39:0] at 1 that is stuck at constant 0.
W: Removed bmsWIDEDFFCPE inst u_jtag_top/u_jtag_driver/rx/recv_data[39:0] at 0 that is stuck at constant 0.
W: Removed bmsWIDEDFFCPE inst u_jtag_top/u_jtag_driver/rx/recv_data[39:0] at 1 that is stuck at constant 0.
W: Removed bmsWIDEDFFCPE inst u_jtag_top/u_jtag_driver/dm_resp_data[39:0] at 0 that is stuck at constant 0.
W: Removed bmsWIDEDFFCPE inst u_jtag_top/u_jtag_driver/dm_resp_data[39:0] at 1 that is stuck at constant 0.
W: Public-4008: Instance 'u_ram/ram222/U_ipml_spram_ram2/cs_bit0_ff' of 'bmsWIDEDFFCPE' unit is dangling and will be cleaned.
W: Public-4008: Instance 'u_ram/ram222/U_ipml_spram_ram2/cs_bit1_bus_ff[7:0]' of 'bmsWIDEDFFCPE' unit is dangling and will be cleaned.
W: Public-4008: Instance 'u_ram/ram222/U_ipml_spram_ram2/cs_bit2_bus_ff[7:0]' of 'bmsWIDEDFFCPE' unit is dangling and will be cleaned.
W: Public-4008: Instance 'u_rom/rom111/U_ipml_spram_ram1/cs_bit0_ff' of 'bmsWIDEDFFCPE' unit is dangling and will be cleaned.
W: Public-4008: Instance 'u_rom/rom111/U_ipml_spram_ram1/cs_bit1_bus_ff[15:0]' of 'bmsWIDEDFFCPE' unit is dangling and will be cleaned.
W: Public-4008: Instance 'u_rom/rom111/U_ipml_spram_ram1/cs_bit2_bus_ff[15:0]' of 'bmsWIDEDFFCPE' unit is dangling and will be cleaned.
I: Removed inst uart_0/uart_baud[31:16] which is redundant to gpio_0/gpio_data[31:16] (type bmsWIDEDFFCPE)
I: Removed inst uart_0/uart_tx[31:8] which is redundant to timer_0/timer_ctrl[31:8] (type bmsWIDEDFFCPE)
I: Removed inst uart_0/uart_ctrl[31:8] which is redundant to timer_0/timer_ctrl[31:8] (type bmsWIDEDFFCPE)
I: Removed inst uart_0/uart_rx[31:8] which is redundant to timer_0/timer_ctrl[31:8] (type bmsWIDEDFFCPE)
Executing : mod-gen successfully. Time elapsed: 1.309s wall, 1.219s user + 0.094s system = 1.312s CPU (100.2%)

Start logic-optimization.
W: Removed bmsWIDEDFFCPE inst gpio_0/gpio_data[31:16] at 0 that is stuck at constant 0.
W: Removed bmsWIDEDFFCPE inst gpio_0/gpio_data[31:16] at 1 that is stuck at constant 0.
W: Removed bmsWIDEDFFCPE inst gpio_0/gpio_data[31:16] at 2 that is stuck at constant 0.
W: Removed bmsWIDEDFFCPE inst gpio_0/gpio_data[31:16] at 3 that is stuck at constant 0.
W: Removed bmsWIDEDFFCPE inst gpio_0/gpio_data[31:16] at 4 that is stuck at constant 0.
W: Removed bmsWIDEDFFCPE inst gpio_0/gpio_data[31:16] at 5 that is stuck at constant 0.
W: Removed bmsWIDEDFFCPE inst gpio_0/gpio_data[31:16] at 6 that is stuck at constant 0.
W: Removed bmsWIDEDFFCPE inst gpio_0/gpio_data[31:16] at 7 that is stuck at constant 0.
W: Removed bmsWIDEDFFCPE inst gpio_0/gpio_data[31:16] at 8 that is stuck at constant 0.
W: Removed bmsWIDEDFFCPE inst gpio_0/gpio_data[31:16] at 9 that is stuck at constant 0.
W: Removed bmsWIDEDFFCPE inst gpio_0/gpio_data[31:16] at 10 that is stuck at constant 0.
W: Removed bmsWIDEDFFCPE inst gpio_0/gpio_data[31:16] at 11 that is stuck at constant 0.
W: Removed bmsWIDEDFFCPE inst gpio_0/gpio_data[31:16] at 12 that is stuck at constant 0.
W: Removed bmsWIDEDFFCPE inst gpio_0/gpio_data[31:16] at 13 that is stuck at constant 0.
W: Removed bmsWIDEDFFCPE inst gpio_0/gpio_data[31:16] at 14 that is stuck at constant 0.
W: Removed bmsWIDEDFFCPE inst gpio_0/gpio_data[31:16] at 15 that is stuck at constant 0.
W: Removed bmsWIDEDFFCPE inst timer_0/timer_ctrl[2] that is stuck at constant 0.
W: Removed bmsWIDEDFFCPE inst timer_0/timer_ctrl[31:8] at 0 that is stuck at constant 0.
W: Removed bmsWIDEDFFCPE inst timer_0/timer_ctrl[31:8] at 1 that is stuck at constant 0.
W: Removed bmsWIDEDFFCPE inst timer_0/timer_ctrl[31:8] at 2 that is stuck at constant 0.
W: Removed bmsWIDEDFFCPE inst timer_0/timer_ctrl[31:8] at 3 that is stuck at constant 0.
W: Removed bmsWIDEDFFCPE inst timer_0/timer_ctrl[31:8] at 4 that is stuck at constant 0.
W: Removed bmsWIDEDFFCPE inst timer_0/timer_ctrl[31:8] at 5 that is stuck at constant 0.
W: Removed bmsWIDEDFFCPE inst timer_0/timer_ctrl[31:8] at 6 that is stuck at constant 0.
W: Removed bmsWIDEDFFCPE inst timer_0/timer_ctrl[31:8] at 7 that is stuck at constant 0.
W: Removed bmsWIDEDFFCPE inst timer_0/timer_ctrl[31:8] at 8 that is stuck at constant 0.
W: Removed bmsWIDEDFFCPE inst timer_0/timer_ctrl[31:8] at 9 that is stuck at constant 0.
W: Removed bmsWIDEDFFCPE inst timer_0/timer_ctrl[31:8] at 10 that is stuck at constant 0.
W: Removed bmsWIDEDFFCPE inst timer_0/timer_ctrl[31:8] at 11 that is stuck at constant 0.
W: Removed bmsWIDEDFFCPE inst timer_0/timer_ctrl[31:8] at 12 that is stuck at constant 0.
W: Removed bmsWIDEDFFCPE inst timer_0/timer_ctrl[31:8] at 13 that is stuck at constant 0.
W: Removed bmsWIDEDFFCPE inst timer_0/timer_ctrl[31:8] at 14 that is stuck at constant 0.
W: Removed bmsWIDEDFFCPE inst timer_0/timer_ctrl[31:8] at 15 that is stuck at constant 0.
W: Removed bmsWIDEDFFCPE inst timer_0/timer_ctrl[31:8] at 16 that is stuck at constant 0.
W: Removed bmsWIDEDFFCPE inst timer_0/timer_ctrl[31:8] at 17 that is stuck at constant 0.
W: Removed bmsWIDEDFFCPE inst timer_0/timer_ctrl[31:8] at 18 that is stuck at constant 0.
W: Removed bmsWIDEDFFCPE inst timer_0/timer_ctrl[31:8] at 19 that is stuck at constant 0.
W: Removed bmsWIDEDFFCPE inst timer_0/timer_ctrl[31:8] at 20 that is stuck at constant 0.
W: Removed bmsWIDEDFFCPE inst timer_0/timer_ctrl[31:8] at 21 that is stuck at constant 0.
W: Removed bmsWIDEDFFCPE inst timer_0/timer_ctrl[31:8] at 22 that is stuck at constant 0.
W: Removed bmsWIDEDFFCPE inst timer_0/timer_ctrl[31:8] at 23 that is stuck at constant 0.
W: Removed bmsWIDEDFFCPE inst uart_0/uart_status[31:2] at 0 that is stuck at constant 0.
W: Removed bmsWIDEDFFCPE inst uart_0/uart_status[31:2] at 1 that is stuck at constant 0.
W: Removed bmsWIDEDFFCPE inst uart_0/uart_status[31:2] at 2 that is stuck at constant 0.
W: Removed bmsWIDEDFFCPE inst uart_0/uart_status[31:2] at 3 that is stuck at constant 0.
W: Removed bmsWIDEDFFCPE inst uart_0/uart_status[31:2] at 4 that is stuck at constant 0.
W: Removed bmsWIDEDFFCPE inst uart_0/uart_status[31:2] at 5 that is stuck at constant 0.
W: Removed bmsWIDEDFFCPE inst uart_0/uart_status[31:2] at 6 that is stuck at constant 0.
W: Removed bmsWIDEDFFCPE inst uart_0/uart_status[31:2] at 7 that is stuck at constant 0.
W: Removed bmsWIDEDFFCPE inst uart_0/uart_status[31:2] at 8 that is stuck at constant 0.
W: Removed bmsWIDEDFFCPE inst uart_0/uart_status[31:2] at 9 that is stuck at constant 0.
W: Removed bmsWIDEDFFCPE inst uart_0/uart_status[31:2] at 10 that is stuck at constant 0.
W: Removed bmsWIDEDFFCPE inst uart_0/uart_status[31:2] at 11 that is stuck at constant 0.
W: Removed bmsWIDEDFFCPE inst uart_0/uart_status[31:2] at 12 that is stuck at constant 0.
W: Removed bmsWIDEDFFCPE inst uart_0/uart_status[31:2] at 13 that is stuck at constant 0.
W: Removed bmsWIDEDFFCPE inst uart_0/uart_status[31:2] at 14 that is stuck at constant 0.
W: Removed bmsWIDEDFFCPE inst uart_0/uart_status[31:2] at 15 that is stuck at constant 0.
W: Removed bmsWIDEDFFCPE inst uart_0/uart_status[31:2] at 16 that is stuck at constant 0.
W: Removed bmsWIDEDFFCPE inst uart_0/uart_status[31:2] at 17 that is stuck at constant 0.
W: Removed bmsWIDEDFFCPE inst uart_0/uart_status[31:2] at 18 that is stuck at constant 0.
W: Removed bmsWIDEDFFCPE inst uart_0/uart_status[31:2] at 19 that is stuck at constant 0.
W: Removed bmsWIDEDFFCPE inst uart_0/uart_status[31:2] at 20 that is stuck at constant 0.
W: Removed bmsWIDEDFFCPE inst uart_0/uart_status[31:2] at 21 that is stuck at constant 0.
W: Removed bmsWIDEDFFCPE inst uart_0/uart_status[31:2] at 22 that is stuck at constant 0.
W: Removed bmsWIDEDFFCPE inst uart_0/uart_status[31:2] at 23 that is stuck at constant 0.
W: Removed bmsWIDEDFFCPE inst uart_0/uart_status[31:2] at 24 that is stuck at constant 0.
W: Removed bmsWIDEDFFCPE inst uart_0/uart_status[31:2] at 25 that is stuck at constant 0.
W: Removed bmsWIDEDFFCPE inst uart_0/uart_status[31:2] at 26 that is stuck at constant 0.
W: Removed bmsWIDEDFFCPE inst uart_0/uart_status[31:2] at 27 that is stuck at constant 0.
W: Removed bmsWIDEDFFCPE inst uart_0/uart_status[31:2] at 28 that is stuck at constant 0.
W: Removed bmsWIDEDFFCPE inst uart_0/uart_status[31:2] at 29 that is stuck at constant 0.
I: Removed bmsWIDEMUX inst u_tinyriscv_core/u_exu/u_exu_mem/mem_wdata_o_18 that is redundant to u_tinyriscv_core/u_exu/u_exu_mem/mem_wdata_o_17
I: Removed bmsWIDEDFFCPE inst u_tinyriscv_core/u_ifu/pc_prev[31:0] that is redundant to u_tinyriscv_core/u_ifu/pc_dff/qout_r[31:0]
Executing : logic-optimization successfully. Time elapsed: 10.167s wall, 8.984s user + 1.188s system = 10.172s CPU (100.0%)

Start tech-mapping phase 1.
W: Public-4008: Instance 'u_jtag_top/u_jtag_driver/rx/recv_data[0]' of 'bmsWIDEDFFCPE' unit is dangling and will be cleaned.
W: Public-4008: Instance 'u_jtag_top/u_jtag_driver/rx/recv_data[1]' of 'bmsWIDEDFFCPE' unit is dangling and will be cleaned.
W: Public-4008: Instance 'u_jtag_top/u_jtag_dm/tx/req_data[0]' of 'bmsWIDEDFFCPE' unit is dangling and will be cleaned.
W: Public-4008: Instance 'u_jtag_top/u_jtag_dm/tx/req_data[1]' of 'bmsWIDEDFFCPE' unit is dangling and will be cleaned.
W: Public-4008: Instance 'u_jtag_top/u_jtag_driver/dm_resp_data[0]' of 'bmsWIDEDFFCPE' unit is dangling and will be cleaned.
W: Public-4008: Instance 'u_jtag_top/u_jtag_driver/dm_resp_data[1]' of 'bmsWIDEDFFCPE' unit is dangling and will be cleaned.
W: Public-4008: Instance 'u_tinyriscv_core/u_clint/csr_waddr_o[2]' of 'bmsWIDEDFFCPE' unit is dangling and will be cleaned.
W: Public-4008: Instance 'u_tinyriscv_core/u_clint/csr_waddr_o[3]' of 'bmsWIDEDFFCPE' unit is dangling and will be cleaned.
W: Public-4008: Instance 'u_tinyriscv_core/u_clint/csr_waddr_o[4]' of 'bmsWIDEDFFCPE' unit is dangling and will be cleaned.
W: Public-4008: Instance 'u_tinyriscv_core/u_clint/csr_waddr_o[5]' of 'bmsWIDEDFFCPE' unit is dangling and will be cleaned.
W: Public-4008: Instance 'u_tinyriscv_core/u_clint/csr_waddr_o[7]' of 'bmsWIDEDFFCPE' unit is dangling and will be cleaned.
W: Public-4008: Instance 'u_tinyriscv_core/u_clint/csr_waddr_o[9]' of 'bmsWIDEDFFCPE' unit is dangling and will be cleaned.
W: Public-4008: Instance 'u_tinyriscv_core/u_clint/csr_waddr_o[10]' of 'bmsWIDEDFFCPE' unit is dangling and will be cleaned.
W: Public-4008: Instance 'u_tinyriscv_core/u_clint/csr_waddr_o[11]' of 'bmsWIDEDFFCPE' unit is dangling and will be cleaned.
W: Public-4008: Instance 'u_tinyriscv_core/u_clint/csr_waddr_o[12]' of 'bmsWIDEDFFCPE' unit is dangling and will be cleaned.
W: Public-4008: Instance 'u_tinyriscv_core/u_clint/csr_waddr_o[13]' of 'bmsWIDEDFFCPE' unit is dangling and will be cleaned.
W: Public-4008: Instance 'u_tinyriscv_core/u_clint/csr_waddr_o[14]' of 'bmsWIDEDFFCPE' unit is dangling and will be cleaned.
W: Public-4008: Instance 'u_tinyriscv_core/u_clint/csr_waddr_o[15]' of 'bmsWIDEDFFCPE' unit is dangling and will be cleaned.
W: Public-4008: Instance 'u_tinyriscv_core/u_clint/csr_waddr_o[16]' of 'bmsWIDEDFFCPE' unit is dangling and will be cleaned.
W: Public-4008: Instance 'u_tinyriscv_core/u_clint/csr_waddr_o[17]' of 'bmsWIDEDFFCPE' unit is dangling and will be cleaned.
W: Public-4008: Instance 'u_tinyriscv_core/u_clint/csr_waddr_o[18]' of 'bmsWIDEDFFCPE' unit is dangling and will be cleaned.
W: Public-4008: Instance 'u_tinyriscv_core/u_clint/csr_waddr_o[19]' of 'bmsWIDEDFFCPE' unit is dangling and will be cleaned.
W: Public-4008: Instance 'u_tinyriscv_core/u_clint/csr_waddr_o[20]' of 'bmsWIDEDFFCPE' unit is dangling and will be cleaned.
W: Public-4008: Instance 'u_tinyriscv_core/u_clint/csr_waddr_o[21]' of 'bmsWIDEDFFCPE' unit is dangling and will be cleaned.
W: Public-4008: Instance 'u_tinyriscv_core/u_clint/csr_waddr_o[22]' of 'bmsWIDEDFFCPE' unit is dangling and will be cleaned.
W: Public-4008: Instance 'u_tinyriscv_core/u_clint/csr_waddr_o[23]' of 'bmsWIDEDFFCPE' unit is dangling and will be cleaned.
W: Public-4008: Instance 'u_tinyriscv_core/u_clint/csr_waddr_o[24]' of 'bmsWIDEDFFCPE' unit is dangling and will be cleaned.
W: Public-4008: Instance 'u_tinyriscv_core/u_clint/csr_waddr_o[25]' of 'bmsWIDEDFFCPE' unit is dangling and will be cleaned.
W: Public-4008: Instance 'u_tinyriscv_core/u_clint/csr_waddr_o[26]' of 'bmsWIDEDFFCPE' unit is dangling and will be cleaned.
W: Public-4008: Instance 'u_tinyriscv_core/u_clint/csr_waddr_o[27]' of 'bmsWIDEDFFCPE' unit is dangling and will be cleaned.
W: Public-4008: Instance 'u_tinyriscv_core/u_clint/csr_waddr_o[28]' of 'bmsWIDEDFFCPE' unit is dangling and will be cleaned.
W: Public-4008: Instance 'u_tinyriscv_core/u_clint/csr_waddr_o[29]' of 'bmsWIDEDFFCPE' unit is dangling and will be cleaned.
W: Public-4008: Instance 'u_tinyriscv_core/u_clint/csr_waddr_o[30]' of 'bmsWIDEDFFCPE' unit is dangling and will be cleaned.
W: Public-4008: Instance 'u_tinyriscv_core/u_clint/csr_waddr_o[31]' of 'bmsWIDEDFFCPE' unit is dangling and will be cleaned.
W: Public-4008: Instance 'u_tinyriscv_core/u_clint/cause[4]' of 'bmsWIDEDFFCPE' unit is dangling and will be cleaned.
W: Public-4008: Instance 'u_tinyriscv_core/u_clint/cause[5]' of 'bmsWIDEDFFCPE' unit is dangling and will be cleaned.
W: Public-4008: Instance 'u_tinyriscv_core/u_clint/cause[6]' of 'bmsWIDEDFFCPE' unit is dangling and will be cleaned.
W: Public-4008: Instance 'u_tinyriscv_core/u_clint/cause[7]' of 'bmsWIDEDFFCPE' unit is dangling and will be cleaned.
W: Public-4008: Instance 'u_tinyriscv_core/u_clint/cause[8]' of 'bmsWIDEDFFCPE' unit is dangling and will be cleaned.
W: Public-4008: Instance 'u_tinyriscv_core/u_clint/cause[9]' of 'bmsWIDEDFFCPE' unit is dangling and will be cleaned.
W: Public-4008: Instance 'u_tinyriscv_core/u_clint/cause[10]' of 'bmsWIDEDFFCPE' unit is dangling and will be cleaned.
W: Public-4008: Instance 'u_tinyriscv_core/u_clint/cause[11]' of 'bmsWIDEDFFCPE' unit is dangling and will be cleaned.
W: Public-4008: Instance 'u_tinyriscv_core/u_clint/cause[12]' of 'bmsWIDEDFFCPE' unit is dangling and will be cleaned.
W: Public-4008: Instance 'u_tinyriscv_core/u_clint/cause[13]' of 'bmsWIDEDFFCPE' unit is dangling and will be cleaned.
W: Public-4008: Instance 'u_tinyriscv_core/u_clint/cause[14]' of 'bmsWIDEDFFCPE' unit is dangling and will be cleaned.
W: Public-4008: Instance 'u_tinyriscv_core/u_clint/cause[15]' of 'bmsWIDEDFFCPE' unit is dangling and will be cleaned.
W: Public-4008: Instance 'u_tinyriscv_core/u_clint/cause[16]' of 'bmsWIDEDFFCPE' unit is dangling and will be cleaned.
W: Public-4008: Instance 'u_tinyriscv_core/u_clint/cause[17]' of 'bmsWIDEDFFCPE' unit is dangling and will be cleaned.
W: Public-4008: Instance 'u_tinyriscv_core/u_clint/cause[18]' of 'bmsWIDEDFFCPE' unit is dangling and will be cleaned.
W: Public-4008: Instance 'u_tinyriscv_core/u_clint/cause[19]' of 'bmsWIDEDFFCPE' unit is dangling and will be cleaned.
W: Public-4008: Instance 'u_tinyriscv_core/u_clint/cause[20]' of 'bmsWIDEDFFCPE' unit is dangling and will be cleaned.
W: Public-4008: Instance 'u_tinyriscv_core/u_clint/cause[21]' of 'bmsWIDEDFFCPE' unit is dangling and will be cleaned.
W: Public-4008: Instance 'u_tinyriscv_core/u_clint/cause[22]' of 'bmsWIDEDFFCPE' unit is dangling and will be cleaned.
W: Public-4008: Instance 'u_tinyriscv_core/u_clint/cause[23]' of 'bmsWIDEDFFCPE' unit is dangling and will be cleaned.
W: Public-4008: Instance 'u_tinyriscv_core/u_clint/cause[24]' of 'bmsWIDEDFFCPE' unit is dangling and will be cleaned.
W: Public-4008: Instance 'u_tinyriscv_core/u_clint/cause[25]' of 'bmsWIDEDFFCPE' unit is dangling and will be cleaned.
W: Public-4008: Instance 'u_tinyriscv_core/u_clint/cause[26]' of 'bmsWIDEDFFCPE' unit is dangling and will be cleaned.
W: Public-4008: Instance 'u_tinyriscv_core/u_clint/cause[27]' of 'bmsWIDEDFFCPE' unit is dangling and will be cleaned.
W: Public-4008: Instance 'u_tinyriscv_core/u_clint/cause[28]' of 'bmsWIDEDFFCPE' unit is dangling and will be cleaned.
W: Public-4008: Instance 'u_tinyriscv_core/u_clint/cause[29]' of 'bmsWIDEDFFCPE' unit is dangling and will be cleaned.
W: Public-4008: Instance 'u_tinyriscv_core/u_clint/cause[30]' of 'bmsWIDEDFFCPE' unit is dangling and will be cleaned.
W: Public-4008: Instance 'u_tinyriscv_core/u_exu/u_exu_muldiv/u_divider/count[31]' of 'bmsWIDEDFFCPE' unit is dangling and will be cleaned.
W: Public-4008: Instance 'u_tinyriscv_core/u_exu/u_exu_muldiv/u_divider/op_r[0]' of 'bmsWIDEDFFCPE' unit is dangling and will be cleaned.
W: Public-4008: Instance 'u_jtag_top/u_jtag_dm/dcsr[0]' of 'bmsWIDEDFFCPE' unit is dangling and will be cleaned.
W: Public-4008: Instance 'u_jtag_top/u_jtag_dm/dcsr[1]' of 'bmsWIDEDFFCPE' unit is dangling and will be cleaned.
W: Public-4008: Instance 'u_jtag_top/u_jtag_dm/dcsr[2]' of 'bmsWIDEDFFCPE' unit is dangling and will be cleaned.
W: Public-4008: Instance 'u_jtag_top/u_jtag_dm/dcsr[3]' of 'bmsWIDEDFFCPE' unit is dangling and will be cleaned.
W: Public-4008: Instance 'u_jtag_top/u_jtag_dm/dcsr[4]' of 'bmsWIDEDFFCPE' unit is dangling and will be cleaned.
W: Public-4008: Instance 'u_jtag_top/u_jtag_dm/dcsr[5]' of 'bmsWIDEDFFCPE' unit is dangling and will be cleaned.
W: Public-4008: Instance 'u_jtag_top/u_jtag_dm/dcsr[7]' of 'bmsWIDEDFFCPE' unit is dangling and will be cleaned.
W: Public-4008: Instance 'u_jtag_top/u_jtag_dm/dcsr[8]' of 'bmsWIDEDFFCPE' unit is dangling and will be cleaned.
W: Public-4008: Instance 'u_jtag_top/u_jtag_dm/dcsr[9]' of 'bmsWIDEDFFCPE' unit is dangling and will be cleaned.
W: Public-4008: Instance 'u_jtag_top/u_jtag_dm/dcsr[10]' of 'bmsWIDEDFFCPE' unit is dangling and will be cleaned.
W: Public-4008: Instance 'u_jtag_top/u_jtag_dm/dcsr[11]' of 'bmsWIDEDFFCPE' unit is dangling and will be cleaned.
W: Public-4008: Instance 'u_jtag_top/u_jtag_dm/dcsr[12]' of 'bmsWIDEDFFCPE' unit is dangling and will be cleaned.
W: Public-4008: Instance 'u_jtag_top/u_jtag_dm/dcsr[13]' of 'bmsWIDEDFFCPE' unit is dangling and will be cleaned.
W: Public-4008: Instance 'u_jtag_top/u_jtag_dm/dcsr[14]' of 'bmsWIDEDFFCPE' unit is dangling and will be cleaned.
W: Public-4008: Instance 'u_jtag_top/u_jtag_dm/dcsr[15]' of 'bmsWIDEDFFCPE' unit is dangling and will be cleaned.
W: Public-4008: Instance 'u_jtag_top/u_jtag_dm/dcsr[16]' of 'bmsWIDEDFFCPE' unit is dangling and will be cleaned.
W: Public-4008: Instance 'u_jtag_top/u_jtag_dm/dcsr[17]' of 'bmsWIDEDFFCPE' unit is dangling and will be cleaned.
W: Public-4008: Instance 'u_jtag_top/u_jtag_dm/dcsr[18]' of 'bmsWIDEDFFCPE' unit is dangling and will be cleaned.
W: Public-4008: Instance 'u_jtag_top/u_jtag_dm/dcsr[19]' of 'bmsWIDEDFFCPE' unit is dangling and will be cleaned.
W: Public-4008: Instance 'u_jtag_top/u_jtag_dm/dcsr[20]' of 'bmsWIDEDFFCPE' unit is dangling and will be cleaned.
W: Public-4008: Instance 'u_jtag_top/u_jtag_dm/dcsr[21]' of 'bmsWIDEDFFCPE' unit is dangling and will be cleaned.
W: Public-4008: Instance 'u_jtag_top/u_jtag_dm/dcsr[22]' of 'bmsWIDEDFFCPE' unit is dangling and will be cleaned.
W: Public-4008: Instance 'u_jtag_top/u_jtag_dm/dcsr[23]' of 'bmsWIDEDFFCPE' unit is dangling and will be cleaned.
W: Public-4008: Instance 'u_jtag_top/u_jtag_dm/dcsr[24]' of 'bmsWIDEDFFCPE' unit is dangling and will be cleaned.
W: Public-4008: Instance 'u_jtag_top/u_jtag_dm/dcsr[25]' of 'bmsWIDEDFFCPE' unit is dangling and will be cleaned.
W: Public-4008: Instance 'u_jtag_top/u_jtag_dm/dcsr[26]' of 'bmsWIDEDFFCPE' unit is dangling and will be cleaned.
W: Public-4008: Instance 'u_jtag_top/u_jtag_dm/dcsr[27]' of 'bmsWIDEDFFCPE' unit is dangling and will be cleaned.
W: Public-4008: Instance 'u_jtag_top/u_jtag_dm/dcsr[28]' of 'bmsWIDEDFFCPE' unit is dangling and will be cleaned.
W: Public-4008: Instance 'u_jtag_top/u_jtag_dm/dcsr[29]' of 'bmsWIDEDFFCPE' unit is dangling and will be cleaned.
W: Public-4008: Instance 'u_jtag_top/u_jtag_dm/dcsr[30]' of 'bmsWIDEDFFCPE' unit is dangling and will be cleaned.
W: Public-4008: Instance 'u_jtag_top/u_jtag_dm/dcsr[31]' of 'bmsWIDEDFFCPE' unit is dangling and will be cleaned.
W: Public-4008: Instance 'u_jtag_top/u_jtag_dm/dm_mem_addr[16]' of 'bmsWIDEDFFCPE' unit is dangling and will be cleaned.
W: Public-4008: Instance 'u_jtag_top/u_jtag_dm/dm_mem_addr[17]' of 'bmsWIDEDFFCPE' unit is dangling and will be cleaned.
W: Public-4008: Instance 'u_jtag_top/u_jtag_dm/dm_mem_addr[18]' of 'bmsWIDEDFFCPE' unit is dangling and will be cleaned.
W: Public-4008: Instance 'u_jtag_top/u_jtag_dm/dm_mem_addr[19]' of 'bmsWIDEDFFCPE' unit is dangling and will be cleaned.
W: Public-4008: Instance 'u_jtag_top/u_jtag_dm/dm_mem_addr[20]' of 'bmsWIDEDFFCPE' unit is dangling and will be cleaned.
W: Public-4008: Instance 'u_jtag_top/u_jtag_dm/dm_mem_addr[21]' of 'bmsWIDEDFFCPE' unit is dangling and will be cleaned.
W: Public-4008: Instance 'u_jtag_top/u_jtag_dm/dm_mem_addr[22]' of 'bmsWIDEDFFCPE' unit is dangling and will be cleaned.
W: Public-4008: Instance 'u_jtag_top/u_jtag_dm/dm_mem_addr[23]' of 'bmsWIDEDFFCPE' unit is dangling and will be cleaned.
W: Public-4008: Instance 'u_jtag_top/u_jtag_dm/dm_mem_addr[24]' of 'bmsWIDEDFFCPE' unit is dangling and will be cleaned.
W: Public-4008: Instance 'u_jtag_top/u_jtag_dm/dm_mem_addr[25]' of 'bmsWIDEDFFCPE' unit is dangling and will be cleaned.
W: Public-4008: Instance 'u_jtag_top/u_jtag_dm/dm_mem_addr[26]' of 'bmsWIDEDFFCPE' unit is dangling and will be cleaned.
W: Public-4008: Instance 'u_jtag_top/u_jtag_dm/dm_mem_addr[27]' of 'bmsWIDEDFFCPE' unit is dangling and will be cleaned.
W: Removed GTP_DFF_PE inst u_jtag_top/u_jtag_dm/abstractcs[0] that is stuck at constant 1.
W: Removed GTP_DFF_PE inst u_jtag_top/u_jtag_dm/abstractcs[1] that is stuck at constant 1.
W: Removed GTP_DFF_CE inst u_jtag_top/u_jtag_dm/abstractcs[2] that is stuck at constant 0.
W: Removed GTP_DFF_CE inst u_jtag_top/u_jtag_dm/abstractcs[3] that is stuck at constant 0.
W: Removed GTP_DFF_CE inst u_jtag_top/u_jtag_dm/abstractcs[4] that is stuck at constant 0.
W: Removed GTP_DFF_CE inst u_jtag_top/u_jtag_dm/abstractcs[5] that is stuck at constant 0.
W: Removed GTP_DFF_CE inst u_jtag_top/u_jtag_dm/abstractcs[6] that is stuck at constant 0.
W: Removed GTP_DFF_CE inst u_jtag_top/u_jtag_dm/abstractcs[7] that is stuck at constant 0.
W: Removed GTP_DFF_CE inst u_jtag_top/u_jtag_dm/abstractcs[8] that is stuck at constant 0.
W: Removed GTP_DFF_CE inst u_jtag_top/u_jtag_dm/abstractcs[10] that is stuck at constant 0.
W: Removed GTP_DFF_CE inst u_jtag_top/u_jtag_dm/abstractcs[11] that is stuck at constant 0.
W: Removed GTP_DFF_CE inst u_jtag_top/u_jtag_dm/abstractcs[12] that is stuck at constant 0.
W: Removed GTP_DFF_CE inst u_jtag_top/u_jtag_dm/abstractcs[13] that is stuck at constant 0.
W: Removed GTP_DFF_CE inst u_jtag_top/u_jtag_dm/abstractcs[14] that is stuck at constant 0.
W: Removed GTP_DFF_CE inst u_jtag_top/u_jtag_dm/abstractcs[15] that is stuck at constant 0.
W: Removed GTP_DFF_CE inst u_jtag_top/u_jtag_dm/abstractcs[16] that is stuck at constant 0.
W: Removed GTP_DFF_CE inst u_jtag_top/u_jtag_dm/abstractcs[17] that is stuck at constant 0.
W: Removed GTP_DFF_CE inst u_jtag_top/u_jtag_dm/abstractcs[18] that is stuck at constant 0.
W: Removed GTP_DFF_CE inst u_jtag_top/u_jtag_dm/abstractcs[19] that is stuck at constant 0.
W: Removed GTP_DFF_CE inst u_jtag_top/u_jtag_dm/abstractcs[20] that is stuck at constant 0.
W: Removed GTP_DFF_CE inst u_jtag_top/u_jtag_dm/abstractcs[21] that is stuck at constant 0.
W: Removed GTP_DFF_CE inst u_jtag_top/u_jtag_dm/abstractcs[22] that is stuck at constant 0.
W: Removed GTP_DFF_CE inst u_jtag_top/u_jtag_dm/abstractcs[23] that is stuck at constant 0.
W: Removed GTP_DFF_PE inst u_jtag_top/u_jtag_dm/abstractcs[24] that is stuck at constant 1.
W: Removed GTP_DFF_CE inst u_jtag_top/u_jtag_dm/abstractcs[25] that is stuck at constant 0.
W: Removed GTP_DFF_CE inst u_jtag_top/u_jtag_dm/abstractcs[26] that is stuck at constant 0.
W: Removed GTP_DFF_CE inst u_jtag_top/u_jtag_dm/abstractcs[27] that is stuck at constant 0.
W: Removed GTP_DFF_CE inst u_jtag_top/u_jtag_dm/abstractcs[28] that is stuck at constant 0.
W: Removed GTP_DFF_CE inst u_jtag_top/u_jtag_dm/abstractcs[29] that is stuck at constant 0.
W: Removed GTP_DFF_CE inst u_jtag_top/u_jtag_dm/abstractcs[30] that is stuck at constant 0.
W: Removed GTP_DFF_CE inst u_jtag_top/u_jtag_dm/abstractcs[31] that is stuck at constant 0.
W: Removed GTP_DFF_CE inst u_jtag_top/u_jtag_dm/dmstatus[0] that is stuck at constant 0.
W: Removed GTP_DFF_PE inst u_jtag_top/u_jtag_dm/dmstatus[1] that is stuck at constant 1.
W: Removed GTP_DFF_CE inst u_jtag_top/u_jtag_dm/dmstatus[2] that is stuck at constant 0.
W: Removed GTP_DFF_CE inst u_jtag_top/u_jtag_dm/dmstatus[3] that is stuck at constant 0.
W: Removed GTP_DFF_CE inst u_jtag_top/u_jtag_dm/dmstatus[4] that is stuck at constant 0.
W: Removed GTP_DFF_CE inst u_jtag_top/u_jtag_dm/dmstatus[5] that is stuck at constant 0.
W: Removed GTP_DFF_CE inst u_jtag_top/u_jtag_dm/dmstatus[6] that is stuck at constant 0.
W: Removed GTP_DFF_PE inst u_jtag_top/u_jtag_dm/dmstatus[7] that is stuck at constant 1.
W: Removed GTP_DFF_CE inst u_jtag_top/u_jtag_dm/dmstatus[12] that is stuck at constant 0.
W: Removed GTP_DFF_CE inst u_jtag_top/u_jtag_dm/dmstatus[13] that is stuck at constant 0.
W: Removed GTP_DFF_CE inst u_jtag_top/u_jtag_dm/dmstatus[14] that is stuck at constant 0.
W: Removed GTP_DFF_CE inst u_jtag_top/u_jtag_dm/dmstatus[15] that is stuck at constant 0.
W: Removed GTP_DFF_PE inst u_jtag_top/u_jtag_dm/dmstatus[16] that is stuck at constant 1.
W: Removed GTP_DFF_PE inst u_jtag_top/u_jtag_dm/dmstatus[17] that is stuck at constant 1.
W: Removed GTP_DFF_CE inst u_jtag_top/u_jtag_dm/dmstatus[18] that is stuck at constant 0.
W: Removed GTP_DFF_CE inst u_jtag_top/u_jtag_dm/dmstatus[19] that is stuck at constant 0.
W: Removed GTP_DFF_CE inst u_jtag_top/u_jtag_dm/dmstatus[20] that is stuck at constant 0.
W: Removed GTP_DFF_CE inst u_jtag_top/u_jtag_dm/dmstatus[21] that is stuck at constant 0.
W: Removed GTP_DFF_PE inst u_jtag_top/u_jtag_dm/dmstatus[22] that is stuck at constant 1.
W: Removed GTP_DFF_CE inst u_jtag_top/u_jtag_dm/dmstatus[23] that is stuck at constant 0.
W: Removed GTP_DFF_CE inst u_jtag_top/u_jtag_dm/dmstatus[24] that is stuck at constant 0.
W: Removed GTP_DFF_CE inst u_jtag_top/u_jtag_dm/dmstatus[25] that is stuck at constant 0.
W: Removed GTP_DFF_CE inst u_jtag_top/u_jtag_dm/dmstatus[26] that is stuck at constant 0.
W: Removed GTP_DFF_CE inst u_jtag_top/u_jtag_dm/dmstatus[27] that is stuck at constant 0.
W: Removed GTP_DFF_CE inst u_jtag_top/u_jtag_dm/dmstatus[28] that is stuck at constant 0.
W: Removed GTP_DFF_CE inst u_jtag_top/u_jtag_dm/dmstatus[29] that is stuck at constant 0.
W: Removed GTP_DFF_CE inst u_jtag_top/u_jtag_dm/dmstatus[30] that is stuck at constant 0.
W: Removed GTP_DFF_CE inst u_jtag_top/u_jtag_dm/dmstatus[31] that is stuck at constant 0.
I: Removed GTP_DFF_C inst u_tinyriscv_core/u_clint/csr_we_o that is redundant to u_tinyriscv_core/u_clint/csr_waddr_o[8]
I: Removed GTP_DFF_CE inst u_jtag_top/u_jtag_dm/dmstatus[8] that is redundant to u_jtag_top/u_jtag_dm/dm_halt_req
I: Removed GTP_DFF_CE inst u_jtag_top/u_jtag_dm/dmstatus[9] that is redundant to u_jtag_top/u_jtag_dm/dm_halt_req
I: Removed GTP_DFF_PE inst u_jtag_top/u_jtag_dm/dmstatus[11] that is redundant to u_jtag_top/u_jtag_dm/dmstatus[10]
Executing : tech-mapping phase 1 successfully. Time elapsed: 1.163s wall, 1.125s user + 0.031s system = 1.156s CPU (99.4%)

Start tech-mapping phase 2.
Executing : tech-mapping phase 2 successfully. Time elapsed: 10.422s wall, 10.188s user + 0.234s system = 10.422s CPU (100.0%)

Start tech-optimization.
Executing : tech-optimization successfully. Time elapsed: 0.919s wall, 0.875s user + 0.047s system = 0.922s CPU (100.4%)

Start phys-optimization.
Executing : phys-optimization successfully. Time elapsed: 0.000s wall, 0.000s user + 0.000s system = 0.000s CPU (n/a%)

Start restore-hierarchy.
Executing : restore-hierarchy successfully. Time elapsed: 0.909s wall, 0.906s user + 0.000s system = 0.906s CPU (99.7%)

W: Unable to honor max fanout constraint for gtp_inv driven net N24
W: Unable to honor max fanout constraint for gtp_inv driven net N24

Cell Usage:
GTP_APM_E1                    4 uses
GTP_DFF                       4 uses
GTP_DFF_C                   391 uses
GTP_DFF_CE                 1388 uses
GTP_DFF_E                  1072 uses
GTP_DFF_P                     9 uses
GTP_DFF_PE                   13 uses
GTP_DFF_R                    30 uses
GTP_DFF_RE                  168 uses
GTP_DFF_SE                    1 use
GTP_DRM18K                   48 uses
GTP_GRS                       1 use
GTP_INV                       4 uses
GTP_LUT1                     11 uses
GTP_LUT2                    564 uses
GTP_LUT3                    473 uses
GTP_LUT4                    427 uses
GTP_LUT5                   1060 uses
GTP_LUT5CARRY               631 uses
GTP_LUT5M                  1360 uses
GTP_MUX2LUT6                336 uses
GTP_MUX2LUT7                160 uses
GTP_PLL_E1                    1 use

I/O ports: 25
GTP_INBUF                   8 uses
GTP_IOBUF                   8 uses
GTP_OUTBUF                  9 uses

Mapping Summary:
Total LUTs: 4526 of 17536 (25.81%)
	LUTs as dram: 0 of 4440 (0.00%)
	LUTs as logic: 4526
Total Registers: 3076 of 26304 (11.69%)
Total Latches: 0

DRM18K:
Total DRM18K = 48.0 of 48 (100.00%)

APMs:
Total APMs = 4.00 of 30 (13.33%)

Total I/O ports = 25 of 240 (10.42%)


Overview of Control Sets:

Number of unique control sets : 125

Histogram:
**************************************************************
  Fanout      | Count    | Sync Set/Reset    Async Set/Reset
--------------------------------------------------------------
  [0, 2)      | 5        | 5                 0
  [2, 4)      | 5        | 1                 4
  [4, 6)      | 13       | 8                 5
  [6, 8)      | 3        | 2                 1
  [8, 10)     | 33       | 18                15
  [10, 12)    | 0        | 0                 0
  [12, 14)    | 0        | 0                 0
  [14, 16)    | 0        | 0                 0
  [16, Inf)   | 66       | 33                33
--------------------------------------------------------------
  The maximum fanout: 352
==============================================================

Flip-Flop Distribution:
************************************************************************
  Clock Enable    Sync Set/Reset    Async Set/Reset    Total Registers
------------------------------------------------------------------------
  NO              NO                NO                 4
  NO              NO                YES                400
  NO              YES               NO                 30
  YES             NO                NO                 1072
  YES             NO                YES                1401
  YES             YES               NO                 169
========================================================================

Latch Distribution:
************************************************
  Gate Enable    Preset/Clear    Total Latches
************************************************
  NO             NO              0
  NO             YES             0
  YES            NO              0
  YES            YES             0
************************************************

Design 'tinyriscv_soc_top' has been successfully synthesized to architecture-specific objects.
Saving design to DB.
Saving design to tinyriscv_soc_top_syn.vm
Constructing timing graph ...
Timing graph has been constructed successfully
C: STA-3009: The clock tinyriscv_soc_top|clk_in is not connected to any clock endpoints,it will be treated as a normal port or pin.
W: Timing-4086: Port 'gpio[0]' is not constrained, it is treated as combinational input.
W: Timing-4087: Port 'gpio[0]' is not constrained, it is treated as combinational output.
W: Timing-4086: Port 'gpio[1]' is not constrained, it is treated as combinational input.
W: Timing-4087: Port 'gpio[1]' is not constrained, it is treated as combinational output.
W: Timing-4086: Port 'gpio[2]' is not constrained, it is treated as combinational input.
W: Timing-4087: Port 'gpio[2]' is not constrained, it is treated as combinational output.
W: Timing-4086: Port 'gpio[3]' is not constrained, it is treated as combinational input.
W: Timing-4087: Port 'gpio[3]' is not constrained, it is treated as combinational output.
W: Timing-4086: Port 'gpio[4]' is not constrained, it is treated as combinational input.
W: Timing-4087: Port 'gpio[4]' is not constrained, it is treated as combinational output.
W: Timing-4086: Port 'gpio[5]' is not constrained, it is treated as combinational input.
W: Timing-4087: Port 'gpio[5]' is not constrained, it is treated as combinational output.
W: Timing-4086: Port 'gpio[6]' is not constrained, it is treated as combinational input.
W: Timing-4087: Port 'gpio[6]' is not constrained, it is treated as combinational output.
W: Timing-4086: Port 'gpio[7]' is not constrained, it is treated as combinational input.
W: Timing-4087: Port 'gpio[7]' is not constrained, it is treated as combinational output.
W: Timing-4087: Port 'halted_ind' is not constrained, it is treated as combinational output.
W: Timing-4087: Port 'jtag_TDO' is not constrained, it is treated as combinational output.
W: Timing-4087: Port 'spi2_clk' is not constrained, it is treated as combinational output.
W: Timing-4087: Port 'spi2_mosi' is not constrained, it is treated as combinational output.
W: Timing-4087: Port 'spi2_ss' is not constrained, it is treated as combinational output.
W: Timing-4087: Port 'spi_clk' is not constrained, it is treated as combinational output.
W: Timing-4087: Port 'spi_mosi' is not constrained, it is treated as combinational output.
W: Timing-4087: Port 'spi_ss' is not constrained, it is treated as combinational output.
W: Timing-4087: Port 'uart_tx_pin' is not constrained, it is treated as combinational output.
W: Timing-4086: Port 'jtag_TDI' is not constrained, it is treated as combinational input.
W: Timing-4086: Port 'jtag_TMS' is not constrained, it is treated as combinational input.
W: Timing-4086: Port 'rst_ext_i' is not constrained, it is treated as combinational input.
W: Timing-4086: Port 'spi2_miso' is not constrained, it is treated as combinational input.
W: Timing-4086: Port 'spi_miso' is not constrained, it is treated as combinational input.
W: Timing-4086: Port 'uart_rx_pin' is not constrained, it is treated as combinational input.
Action synthesize: Real time elapsed is 0h:0m:35s
Action synthesize: CPU time elapsed is 0h:0m:30s
Action synthesize: Process CPU time elapsed is 0h:0m:30s
Current time: Mon Oct 16 20:14:56 2023
Action synthesize: Peak memory pool usage is 371 MB
