#Build: Fabric Compiler 2022.1, Build 99559, Jul 12 00:20 2022
#Install: D:\pango\PDS_2022.1\bin
#Application name: pds_shell.exe
#OS: Windows 10 10.0.19045
#Hostname: LAPTOP-HH0DB6L7
Generated by Fabric Compiler (version 2022.1 build 99559) at Thu Oct 12 15:30:50 2023
License checkout: fabric_ads
Compiling verification operator library.
Compiling common defs.
Loading technology operator library.
Compiling technology operator library.
Compiling technology operator (valence) library.
Reading design from compile DB
Reading design from compile DB successfully.
Constraint check start.
Compiling prim grid devices.
Building architecture model.
Loading device packaging model.
Building architecture floorplan logic view.
E: ConstraintEditor-0046: [D:/FPGA_LAB_pangomicro/tinyriscv/FPGA_Competition-RISC-V_Processor-in-PGL22G-main/tinydram.fdc(line number: 78)] Object 'p:clk' can not be found in current view.
Constraint check end.
Action synthesize: Real time elapsed is 0h:0m:4s
Action synthesize: CPU time elapsed is 0h:0m:2s
Action synthesize: Process CPU time elapsed is 0h:0m:2s
Current time: Thu Oct 12 15:30:52 2023
Action synthesize: Peak memory pool usage is 213 MB
