#Build: Fabric Configuration 2022.1, Build 99559, Jul 12 00:20 2022
#Install: D:\pango\PDS_2022.1\bin
#Application name: cdt_cfg.exe
#OS: Windows 10 10.0.19045
#Hostname: LAPTOP-HH0DB6L7
Generated by Fabric Configuration (version 2022.1 build 99559) at Mon Oct 16 23:02:53 2023
M_PROCESS_FINISH_STARTED

Connecting to server[127.0.0.1 : 65420].
Connect to server[127.0.0.1 : 65420] successfully.
COMMAND[check version information] execute successfully, takes 0.2 secs.
The cable List : 
Cable index 0:USB Cable II/fffffffffffffffe 

COMMAND[get_cable_paras] execute successfully, takes 1.1 secs.
PANGO USB CABLE II cable driver: D2XX DLL
PGL22G
COMMAND[Open config cable] execute successfully, takes 72.9 secs.
COMMAND[Scan Outer SPI Flash] execute successfully, takes 3.5 secs.
The Start Address of bit file D:/FPGA_LAB_pangomicro/tinyriscv/FPGA_Competition-RISC-V_Processor-in-PGL22G-main/generate_bitstream/tinyriscv_soc_top.sbit: 0x0
PANGO USB CABLE II cable driver: D2XX DLL
PGL22G
COMMAND[Open config cable] execute successfully, takes 5.4 secs.
COMMAND[Scan Outer SPI Flash] execute successfully, takes 3.2 secs.
The start address of operating flash is 0x0.
COMMAND[Erase Outer Flash] execute finish, takes 4.8 secs.
The start address of operating flash is 0x0.
COMMAND[Program Outer Flash] execute finish, takes 14.4 secs.
The start address of operating flash is 0x0.
COMMAND[Verify Outer Flash] execute successfully, takes 1.2 secs.
