#Build: Fabric Inserter 2022.1, Build 99559, Jul 12 00:20 2022
#Install: D:\pango\PDS_2022.1\bin
#Application name: cdt_ins.exe
#OS: Windows 10 10.0.19045
#Hostname: LAPTOP-HH0DB6L7
Generated by Fabric Inserter (version 2022.1 build 99559) at Sat Oct 14 21:23:42 2023
*************************************************************************
*
*  Parsing design. Please be patient as this can take several minutes.
*
*************************************************************************
Compiling architecture definition.
Loading technology operator library.
Compiling technology operator library.
Compiling technology operator (valence) library.
Compiling file 'D:/FPGA_LAB_pangomicro/tinyriscv/FPGA_Competition-RISC-V_Processor-in-PGL22G-main/synthesize/tinyriscv_soc_top_syn.adf' successful.
Creating module hierarchy.
Collecting net information.
*************************************************************************
*
*  Design Parsing Done.
*
*************************************************************************
Read project 'D:/FPGA_LAB_pangomicro/tinyriscv/FPGA_Competition-RISC-V_Processor-in-PGL22G-main/synthesize/tinyriscv_soc_top_syn.fic' Successfully.
M_PROCESS_FINISH_STARTED

