-------------------------------------------------------------------------------------------------------------------------------------------------------------------------------------------------------------------------------------------------------------------------------------------------------------------------------
Detailed RTL Component Info :
-----Module Name :
                    tinyriscv_soc_top

-----Multipliers :
                    32 x 32     Multipliers := 1

-----Adders :

APM: Final Mapping Report
|----------------------------------------------|--------------------------------------------------------|--------------|--------------|---------|---------|---------|---------|---------|---------|--------------|--------------|--------------|--------------|--------------|
| APM Inst Name                                | APM Cascade                                            | X Size       | Y Size       | Z Size  | P Size  | X_REG   | Y_REG   | Z_REG   | P_REG   | MULT_REG     | PREADD_REG   | USE_PREADD   | USE_POSTADD  | Primitives   |
|----------------------------------------------|--------------------------------------------------------|--------------|--------------|---------|---------|---------|---------|---------|---------|--------------|--------------|--------------|--------------|--------------|
| u_tinyriscv_core/u_exu/u_exu_muldiv/N37_m3   | CPO>>18 + u_tinyriscv_core/u_exu/u_exu_muldiv/N37_m4   | 18(unsigned) | 14(unsigned) | /       | 18      | 0       | 0       | /       | 0       | 0            | 0            | 0            | 1            | GTP_APM_E1   |
|----------------------------------------------|--------------------------------------------------------|--------------|--------------|---------|---------|---------|---------|---------|---------|--------------|--------------|--------------|--------------|--------------|
| u_tinyriscv_core/u_exu/u_exu_muldiv/N37_m2   | CPO>>16 + u_tinyriscv_core/u_exu/u_exu_muldiv/N37_m3   | 18(unsigned) | 14(unsigned) | /       | 0       | 0       | 0       | /       | 0       | 0            | 0            | 0            | 1            | GTP_APM_E1   |
|----------------------------------------------|--------------------------------------------------------|--------------|--------------|---------|---------|---------|---------|---------|---------|--------------|--------------|--------------|--------------|--------------|
| u_tinyriscv_core/u_exu/u_exu_muldiv/N37_m1   | CPO>>18 + u_tinyriscv_core/u_exu/u_exu_muldiv/N37_m2   | 18(unsigned) | 18(unsigned) | /       | 18      | 0       | 0       | /       | 0       | 0            | 0            | 0            | 0            | GTP_APM_E1   |
|----------------------------------------------|--------------------------------------------------------|--------------|--------------|---------|---------|---------|---------|---------|---------|--------------|--------------|--------------|--------------|--------------|
| u_tinyriscv_core/u_exu/u_exu_muldiv/N37_m4   | /                                                      | 14(unsigned) | 14(unsigned) | /       | 28      | 0       | 0       | /       | 0       | 0            | 0            | 0            | 1            | GTP_APM_E1   |
|----------------------------------------------|--------------------------------------------------------|--------------|--------------|---------|---------|---------|---------|---------|---------|--------------|--------------|--------------|--------------|--------------|

-------------------------------------------------------------------------------------------------------------------------------------------------------------------------------------------------------------------------------------------------------------------------------------------------------------------------------

