#Build: Fabric Compiler 2022.1, Build 99559, Jul 12 00:20 2022
#Install: D:\pango\PDS_2022.1\bin
#Application name: pds_shell.exe
#OS: Windows 10 10.0.19045
#Hostname: LAPTOP-HH0DB6L7
Generated by Fabric Compiler (version 2022.1 build 99559) at Sat Oct 14 21:23:04 2023
Compiling verification operator library.
Compiling common defs.
Loading technology operator library.
Compiling technology operator library.
Compiling technology operator (valence) library.
Compiling operator packing rules.
Compiling prim grid devices.
Compiling gate devices.
Compiling gate operators.
Compiling tech operator impls.
Building architecture model.
Loading device packaging model.
Reading design from translate DB.
License checkout: fabric_inserter
E: Inserter-0017: No Debug Core.
Action dev_map: Real time elapsed is 0h:0m:4s
Action dev_map: CPU time elapsed is 0h:0m:3s
Action dev_map: Process CPU time elapsed is 0h:0m:3s
Current time: Sat Oct 14 21:23:07 2023
Action dev_map: Peak memory pool usage is 236 MB
