#Build: Fabric Compiler 2022.1, Build 99559, Jul 12 00:20 2022
#Install: D:\pango\PDS_2022.1\bin
#Application name: pds_shell.exe
#OS: Windows 10 10.0.19045
#Hostname: LAPTOP-HH0DB6L7
Generated by Fabric Compiler (version 2022.1 build 99559) at Thu Oct 12 20:17:15 2023
Compiling verification operator library.
Compiling common defs.
Loading technology operator library.
Compiling technology operator library.
Compiling technology operator (valence) library.
Compiling operator packing rules.
Compiling prim grid devices.
Compiling gate devices.
Compiling gate operators.
Compiling tech operator impls.
Building architecture model.
Loading device packaging model.
Reading design from translate DB.
License checkout: fabric_inserter
Generating cores. Please be patient as this can take several minutes...
  >Generating core DebugCore0...
  >Running ADS for debugcore...
  >Making net connections...
Core Insertion Complete.
Flattening design 'tinyriscv_soc_top'
W: Public-4008: Instance 'u_CORES/u_debug_core_0/u_hub_data_decode/conf_rden[1]' of 'GTP_DFF_C' unit is dangling and will be cleaned.
W: Public-4008: Instance 'u_CORES/u_debug_core_0/u_hub_data_decode/conf_rden[2]' of 'GTP_DFF_C' unit is dangling and will be cleaned.
W: Public-4008: Instance 'u_CORES/u_debug_core_0/u_hub_data_decode/conf_rden[3]' of 'GTP_DFF_C' unit is dangling and will be cleaned.
W: Public-4008: Instance 'u_CORES/u_debug_core_0/u_hub_data_decode/conf_rden[4]' of 'GTP_DFF_C' unit is dangling and will be cleaned.
W: Public-4008: Instance 'u_CORES/u_debug_core_0/u_hub_data_decode/conf_rden[5]' of 'GTP_DFF_C' unit is dangling and will be cleaned.
W: Public-4008: Instance 'u_CORES/u_debug_core_0/u_hub_data_decode/conf_rden[6]' of 'GTP_DFF_C' unit is dangling and will be cleaned.
W: Public-4008: Instance 'u_CORES/u_debug_core_0/u_hub_data_decode/conf_rden[7]' of 'GTP_DFF_C' unit is dangling and will be cleaned.
W: Public-4008: Instance 'u_CORES/u_debug_core_0/u_hub_data_decode/conf_rden[8]' of 'GTP_DFF_C' unit is dangling and will be cleaned.
W: Public-4008: Instance 'u_CORES/u_debug_core_0/u_hub_data_decode/conf_rden[9]' of 'GTP_DFF_C' unit is dangling and will be cleaned.
W: Public-4008: Instance 'u_CORES/u_debug_core_0/u_hub_data_decode/conf_rden[10]' of 'GTP_DFF_C' unit is dangling and will be cleaned.
W: Public-4008: Instance 'u_CORES/u_debug_core_0/u_hub_data_decode/conf_rden[11]' of 'GTP_DFF_C' unit is dangling and will be cleaned.
W: Public-4008: Instance 'u_CORES/u_debug_core_0/u_hub_data_decode/conf_rden[12]' of 'GTP_DFF_C' unit is dangling and will be cleaned.
W: Public-4008: Instance 'u_CORES/u_debug_core_0/u_hub_data_decode/conf_rden[13]' of 'GTP_DFF_C' unit is dangling and will be cleaned.
W: Public-4008: Instance 'u_CORES/u_debug_core_0/u_hub_data_decode/conf_rden[14]' of 'GTP_DFF_C' unit is dangling and will be cleaned.
W: Public-4008: Instance 'u_CORES/u_debug_core_0/u_hub_data_decode/conf_rden[15]' of 'GTP_DFF_C' unit is dangling and will be cleaned.
W: Public-4008: Instance 'u_CORES/u_debug_core_0/u_hub_data_decode/conf_rden[17]' of 'GTP_DFF_C' unit is dangling and will be cleaned.
W: Public-4008: Instance 'u_CORES/u_debug_core_0/u_hub_data_decode/conf_rden[19]' of 'GTP_DFF_C' unit is dangling and will be cleaned.
W: Public-4008: Instance 'u_CORES/u_debug_core_0/u_hub_data_decode/conf_sel_int[1]' of 'GTP_DFF_C' unit is dangling and will be cleaned.
W: Public-4008: Instance 'u_CORES/u_debug_core_0/u_hub_data_decode/conf_sel_int[2]' of 'GTP_DFF_C' unit is dangling and will be cleaned.
W: Public-4008: Instance 'u_CORES/u_debug_core_0/u_hub_data_decode/conf_sel_int[3]' of 'GTP_DFF_C' unit is dangling and will be cleaned.
W: Public-4008: Instance 'u_CORES/u_debug_core_0/u_hub_data_decode/conf_sel_int[4]' of 'GTP_DFF_C' unit is dangling and will be cleaned.
W: Public-4008: Instance 'u_CORES/u_debug_core_0/u_hub_data_decode/conf_sel_int[5]' of 'GTP_DFF_C' unit is dangling and will be cleaned.
W: Public-4008: Instance 'u_CORES/u_debug_core_0/u_hub_data_decode/conf_sel_int[6]' of 'GTP_DFF_C' unit is dangling and will be cleaned.
W: Public-4008: Instance 'u_CORES/u_debug_core_0/u_hub_data_decode/conf_sel_int[7]' of 'GTP_DFF_C' unit is dangling and will be cleaned.
W: Public-4008: Instance 'u_CORES/u_debug_core_0/u_hub_data_decode/conf_sel_int[8]' of 'GTP_DFF_C' unit is dangling and will be cleaned.
W: Public-4008: Instance 'u_CORES/u_debug_core_0/u_hub_data_decode/conf_sel_int[9]' of 'GTP_DFF_C' unit is dangling and will be cleaned.
W: Public-4008: Instance 'u_CORES/u_debug_core_0/u_hub_data_decode/conf_sel_int[10]' of 'GTP_DFF_C' unit is dangling and will be cleaned.
W: Public-4008: Instance 'u_CORES/u_debug_core_0/u_hub_data_decode/conf_sel_int[11]' of 'GTP_DFF_C' unit is dangling and will be cleaned.
W: Public-4008: Instance 'u_CORES/u_debug_core_0/u_hub_data_decode/conf_sel_int[12]' of 'GTP_DFF_C' unit is dangling and will be cleaned.
W: Public-4008: Instance 'u_CORES/u_debug_core_0/u_hub_data_decode/conf_sel_int[13]' of 'GTP_DFF_C' unit is dangling and will be cleaned.
W: Public-4008: Instance 'u_CORES/u_debug_core_0/u_hub_data_decode/conf_sel_int[14]' of 'GTP_DFF_C' unit is dangling and will be cleaned.
W: Public-4008: Instance 'u_CORES/u_debug_core_0/u_hub_data_decode/conf_sel_int[15]' of 'GTP_DFF_C' unit is dangling and will be cleaned.
W: Public-4008: Instance 'u_CORES/u_debug_core_0/u_hub_data_decode/conf_sel_int[17]' of 'GTP_DFF_C' unit is dangling and will be cleaned.
W: Public-4008: Instance 'u_CORES/u_debug_core_0/u_hub_data_decode/conf_sel_int[19]' of 'GTP_DFF_C' unit is dangling and will be cleaned.
Device mapping started.
Optimizing circuit logic.
Checking design netlist.
Processing tech operator.
I: The instance clkbufg_3(GTP_CLKBUFG) has been inserted on the net clk in design, driver pin CLKOUT0(instance pll589824/u_pll_e1) -> load pin CLK(instance gpio_0/data_r[0]).
I: The instance clkbufg_4(GTP_CLKBUFG) has been inserted on the net nt_jtag_TCK in design, driver pin O(instance jtag_TCK_ibuf) -> load pin I(instance u_jtag_top/u_jtag_driver/N358).
I: The instance clkbufg_5(GTP_CLKBUFG) has been inserted on the net nt_clk_in in design, driver pin O(instance clk_in_ibuf) -> load pin CLK(instance u_CORES/u_debug_core_0/DATA_ff[0][0]).
I: The instance clkbufg_6(GTP_CLKBUFG) has been inserted on the net u_CORES/drck_o in design, driver pin TCK_USER(instance u_CORES/u_GTP_SCANCHAIN_PG) -> load pin CLK(instance u_CORES/u_debug_core_0/u0_trig_unit/conf_reg[0]).
I: The instance clkbufg_7(GTP_CLKBUFG) has been inserted on the net u_CORES/capt_o in design, driver pin CAPDR(instance u_CORES/u_GTP_SCANCHAIN_PG) -> load pin CLK(instance u_CORES/u_debug_core_0/u_hub_data_decode/id_sample.conf_id[0]).
Converting tech operator to gate operator.
Processing gate operator.
I: Infer CARRY group, base inst: timer_0/N5.lt_0/gateop, insts:16.
I: Infer CARRY group, base inst: timer_0/N17_1_0/gateop, insts:32.
I: Infer CARRY group, base inst: uart_0/N35.eq_0/gateop, insts:8.
I: Infer CARRY group, base inst: uart_0/N126_1_0/gateop, insts:16.
I: Infer CARRY group, base inst: uart_0/N179.eq_0/gateop, insts:8.
I: Infer CARRY group, base inst: uart_0/N182_1_0/gateop, insts:16.
I: Infer CARRY group, base inst: u_jtag_top/u_jtag_dm/N20_1/gateop, insts:32.
I: Infer CARRY group, base inst: u_tinyriscv_core/u_csr_reg/N3_1_1/gateop, insts:63.
I: Infer CARRY group, base inst: u_tinyriscv_core/u_gpr_reg/N252.eq_0/gateop, insts:3.
I: Infer CARRY group, base inst: u_tinyriscv_core/u_gpr_reg/N260.eq_0/gateop, insts:3.
I: Infer CARRY group, base inst: u_tinyriscv_core/u_exu/u_exu_muldiv/u_divider/N4.fsub_1/gateop, insts:32.
I: Infer CARRY group, base inst: u_tinyriscv_core/u_exu/u_exu_muldiv/u_divider/N110_1.fsub_0/gateop, insts:32.
I: Infer CARRY group, base inst: u_tinyriscv_core/u_exu/u_exu_muldiv/u_divider/N112_1.fsub_1/gateop, insts:31.
I: Infer CARRY group, base inst: u_tinyriscv_core/u_exu/u_exu_muldiv/u_divider/N0_1.fsub_1/gateop, insts:31.
I: Infer CARRY group, base inst: u_tinyriscv_core/u_exu/u_exu_muldiv/u_divider/N1_1.fsub_0/gateop, insts:32.
I: Infer CARRY group, base inst: u_tinyriscv_core/u_exu/u_exu_muldiv/u_divider/N2.lt_0/gateop, insts:16.
I: Infer CARRY group, base inst: u_tinyriscv_core/u_ifu/N13_1_0/gateop, insts:30.
I: Infer CARRY group, base inst: uart_0/spi1/N20.eq_0/gateop, insts:5.
I: Infer CARRY group, base inst: uart_0/spi1/N23_1_1/gateop, insts:8.
I: Infer CARRY group, base inst: uart_0/spi2/N20.eq_0/gateop, insts:5.
I: Infer CARRY group, base inst: uart_0/spi2/N23_1_1/gateop, insts:8.
I: Infer CARRY group, base inst: u_CORES/u_debug_core_0/u_Storage_Condition/N269_1_0/gateop, insts:15.
I: Infer CARRY group, base inst: u_CORES/u_debug_core_0/u_Storage_Condition/N288_1.fsub_1/gateop, insts:14.
I: Infer CARRY group, base inst: u_CORES/u_debug_core_0/u_Storage_Condition/N321_1_1/gateop, insts:14.
I: Infer CARRY group, base inst: u_CORES/u_debug_core_0/u_Storage_Condition/N330_1_1/gateop, insts:14.
I: Infer CARRY group, base inst: u_CORES/u_debug_core_0/u_rd_addr_gen/N2_1_1/gateop, insts:7.
I: Infer CARRY group, base inst: u_CORES/u_debug_core_0/u_rd_addr_gen/N38_1_1/gateop, insts:14.
I: Infer CARRY group, base inst: u_tinyriscv_core/u_exu/u_exu_alu_datapath/N5_1.fsub_0/gateop, insts:32.
I: Infer CARRY group, base inst: u_tinyriscv_core/u_exu/u_exu_alu_datapath/N7_1/gateop, insts:32.
I: Infer CARRY group, base inst: u_tinyriscv_core/u_exu/u_exu_alu_datapath/N17.slt_0/gateop, insts:16.
I: Infer CARRY group, base inst: u_tinyriscv_core/u_exu/u_exu_muldiv/N17_1.fsub_1/gateop, insts:31.
I: Infer CARRY group, base inst: u_tinyriscv_core/u_exu/u_exu_muldiv/N19_1.fsub_1/gateop, insts:31.
I: Infer CARRY group, base inst: u_tinyriscv_core/u_exu/u_exu_muldiv/N38_1.fsub_2/gateop, insts:62.
I: Infer CARRY group, base inst: u_tinyriscv_core/u_exu/u_exu_muldiv/N37_m1/gopapm, insts:4.
Device mapping done.
Total device mapping takes 1.20 sec.

Device Utilization Summary:
+------------------------------------------------------------------------+
| Logic Utilization     | Used     | Available     | Utilization(%)     
+------------------------------------------------------------------------+
| APM                   | 4        | 30            | 14                 
| IOCKDLY               | 0        | 24            | 0                  
| FF                    | 3388     | 26304         | 13                 
| LUT                   | 4870     | 17536         | 28                 
| Distributed RAM       | 0        | 4440          | 0                  
| DLL                   | 0        | 6             | 0                  
| DQSL                  | 0        | 18            | 0                  
| DRM                   | 44       | 48            | 92                 
| FUSECODE              | 0        | 1             | 0                  
| IO                    | 25       | 240           | 11                 
| IOCKDIV               | 0        | 12            | 0                  
| IOCKGATE              | 0        | 12            | 0                  
| IPAL                  | 0        | 1             | 0                  
| PLL                   | 1        | 6             | 17                 
| RCKB                  | 0        | 24            | 0                  
| SCANCHAIN             | 1        | 4             | 25                 
| START                 | 0        | 1             | 0                  
| USCM                  | 5        | 20            | 25                 
| HMEMC                 | 0        | 2             | 0                  
| OSC                   | 0        | 1             | 0                  
| ADC                   | 0        | 1             | 0                  
| CRYSTAL               | 0        | 6             | 0                  
| FLSIF                 | 0        | 1             | 0                  
| RESCAL                | 0        | 6             | 0                  
| UDID                  | 0        | 1             | 0                  
+------------------------------------------------------------------------+

Design 'tinyriscv_soc_top' has been successfully mapped to architecture-specific objects.
Saving design to DB.
W: Public-4010: Pcf file D:/FPGA_LAB_pangomicro/tinyriscv/FPGA_Competition-RISC-V_Processor-in-PGL22G-main/device_map/tinyriscv_soc_top.pcf has been covered.
Action dev_map: Real time elapsed is 0h:0m:19s
Action dev_map: CPU time elapsed is 0h:0m:5s
Action dev_map: Process CPU time elapsed is 0h:0m:5s
Current time: Thu Oct 12 20:17:32 2023
Action dev_map: Peak memory pool usage is 292 MB
