#Build: Fabric Compiler 2022.1, Build 99559, Jul 12 00:20 2022
#Install: D:\pango\PDS_2022.1\bin
#Application name: pds_shell.exe
#OS: Windows 10 10.0.19045
#Hostname: LAPTOP-HH0DB6L7
Generated by Fabric Compiler (version 2022.1 build 99559) at Sun Oct 15 19:03:56 2023
Compiling verification operator library.
Compiling common defs.
Compiling prim grid devices.
Compiling gate devices.
Compiling gate operators.
Building architecture model.
Loading device packaging model.
Reading design from DB.
Start Generating Programming File...
Reading design from DB takes 1.609375 sec.
Generating architecture configuration.
The bitstream file is "D:/FPGA_LAB_pangomicro/tinyriscv/FPGA_Competition-RISC-V_Processor-in-PGL22G-main/generate_bitstream/tinyriscv_soc_top.sbit"
Generate programming file takes 11.609375 sec.
Generating Programming File done.
Action gen_bit_stream: Real time elapsed is 0h:0m:18s
Action gen_bit_stream: CPU time elapsed is 0h:0m:15s
Action gen_bit_stream: Process CPU time elapsed is 0h:0m:16s
Current time: Sun Oct 15 19:04:12 2023
Action gen_bit_stream: Peak memory pool usage is 410 MB
