E8|IOBD_0_366|BANKL0|DIFFIO_L0_0_P/BUSY|||
E7|IOBS_0_365|BANKL0|DIFFI0_L0_0_N|||
A1|IOBS_0_269|BANKL0|DIFFI0_L0_15_N/D7|||
C8|IOBD_0_362|BANKL0|DIFFI0_L0_1_P/VAUX9|||
D8|IOBS_0_361|BANKL0|DIFFIO_L0_1_N/VAUX8|||
C6|IOBD_0_358|BANKL0|DIFFIO_L0_2_P/VAUX7|||
D6|IOBS_0_357|BANKL0|DIFFI0_L0_2_N/VAUX6|||
C1|IOBD_0_266|BANKL0|DIFFIO_L0_16_P/D8|||
D9|IOBD_0_354|BANKL0|DIFFI0_L0_3_P/IO_STATUS_C|||
C9|IOBS_0_353|BANKL0|DIFFIO_L0_3_N/CFG_CLK|||
C2|IOBS_0_265|BANKL0|DIFFIO_L0_16_N/D9|||
B8|IOBD_0_350|BANKL0|DIFFIO_L0_4_P/FCS_N|||
A8|IOBS_0_349|BANKL0|DIFFI0_L0_4_N/CS_N|||
B9|IOBD_0_338|BANKL0|DIFFIO_L0_5_P/MODE_0|||
A9|IOBS_0_337|BANKL0|DIFFIO_L0_5_N/MODE_1|||
G4|IOBD_0_262|BANKL0|DIFFI0_L0_17_P/D10|||
C4|IOBD_0_334|BANKL0|DIFFIO_L0_6_P/MODE_2|||
D4|IOBR_0_333|BANKL0|DIFFIO_L0_6_N/VREF_L0/CSO_DOUT|||
F4|IOBS_0_261|BANKL0|DIFFI0_L0_17_N/D11|||
B7|IOBD_0_330|BANKL0|DIFFI0_L0_7_P/RWSEL|||
A7|IOBS_0_329|BANKL0|DIFFIO_L0_7_N/INIT_FLAG_N|||
E5|IOBD_0_326|BANKL0|DIFFIO_L0_8_P/PLL0_CLKOUT_P|||
E6|IOBS_0_325|BANKL0|DIFFIO_L0_8_N/PLL0_CLKOUT_N|||
D1|IOBD_0_258|BANKL0|DIFFIO_L0_18_P/D12|||
B6|IOBD_0_322|BANKL0|DIFFIO_L0_9_P/CLK0_L0/DIFFCLK0_L0_P/PLL0_CLKFB_P/XTALA_L0|||
A6|IOBS_0_321|BANKL0|DIFFIO_L0_9_N/CLK1_L0/DIFFCLK0_L0_N/PLL0_CLKFB_N/XTALB_L0|||
D2|IOBS_0_257|BANKL0|DIFFIO_L0_18_N/D13|||
B5|IOBD_0_298|BANKL0|DIFFIO_L0_10_P/CLK2_L0/DIFFCLK1_L0_P/PLL1_CLKIN0|clk_in|input|YES
A5|IOBS_0_297|BANKL0|DIFFIO_L0_10_N/CLK3_L0/DIFFCLK1_L0_N/PLL1_CLKIN1|||
F7|IOBD_0_294|BANKL0|DIFFIO_L0_11_P/PLL1_CLKIN2|||
F8|IOBS_0_293|BANKL0|DIFFIO_L0_11_N/PLL1_CLKIN3|||
E1|IOBD_0_254|BANKL0|DIFFIO_L0_19_P/D14|||
B4|IOBD_0_290|BANKL0|DIFFIO_L0_12_P/D0|||
A4|IOBS_0_289|BANKL0|DIFFI0_L0_12_N/RRN_L0/D1|||
E2|IOBS_0_253|BANKL0|DIFFIO_L0_19_N/D15|||
B3|IOBD_0_286|BANKL0|DIFFI0_L0_13_P/RRP_L0/D2|||
A3|IOBS_0_285|BANKL0|DIFFI0_L0_13_N/D3|||
B2|IOBD_0_282|BANKL0|DIFFIO_L0_14_P/D4|||
A2|IOBS_0_281|BANKL0|DIFFIO_L0_14_N/D5|||
B1|IOBD_0_270|BANKL0|DIFFI0_L0_15_P/D6|||
G6|IOBD_0_242|BANKL1|DIFFIO_L1_0_P|||
G5|IOBS_0_241|BANKL1|DIFFIO_L1_0_N|||
L4|IOBS_0_145|BANKL1|DIFFI0_L1_15_N|||
F1|IOBD_0_238|BANKL1|DIFFI0_L1_1_P|||
F2|IOBS_0_237|BANKL1|DIFFI0_L1_1_N|||
H5|IOBD_0_234|BANKL1|DIFFIO_L1_2_P|||
H6|IOBS_0_233|BANKL1|DIFFIO_L1_2_N|||
N1|IOBD_0_142|BANKL1|DIFFIO_L1_16_P|||
G3|IOBD_0_230|BANKL1|DIFFI0_L1_3_P|||
F3|IOBS_0_229|BANKL1|DIFFI0_L1_3_N|||
N2|IOBS_0_141|BANKL1|DIFFIO_L1_16_N|||
J6|IOBD_0_226|BANKL1|DIFFIO_L1_4_P|||
J7|IOBS_0_225|BANKL1|DIFFIO_L1_4_N|||
G1|IOBD_0_214|BANKL1|DIFFI0_L1_5_P|||
G2|IOBS_0_213|BANKL1|DIFFI0_L1_5_N|||
M5|IOBD_0_138|BANKL1|DIFFI0_L1_17_P|||
J5|IOBD_0_210|BANKL1|DIFFIO_L1_6_P|||
K5|IOBR_0_209|BANKL1|DIFFIO_L1_6_N/VREF_L1|||
L5|IOBS_0_137|BANKL1|DIFFI0_L1_17_N|||
J3|IOBD_0_206|BANKL1|DIFFIO_L1_7_P|||
H3|IOBS_0_205|BANKL1|DIFFIO_L1_7_N|||
K6|IOBD_0_202|BANKL1|DIFFIO_L1_8_P/PLL2_CLKOUT_P|||
L6|IOBS_0_201|BANKL1|DIFFIO_L1_8_N/PLL2_CLKOUT_N|||
P1|IOBD_0_134|BANKL1|DIFFIO_L1_18_P|||
H1|IOBD_0_198|BANKL1|DIFFIO_L1_9_P/CLK0_L1/DIFFCLK0_L1_P/PLL2_CLKFB_P/XTALA_L1|||
H2|IOBS_0_197|BANKL1|DIFFIO_L1_9_N/CLK1_L1/DIFFCLK0_L1_N/PLL2_CLKFB_N/XTALB_L1|||
P2|IOBS_0_133|BANKL1|DIFFIO_L1_18_N|||
J1|IOBD_0_174|BANKL1|DIFFIO_L1_10_P/CLK2_L1/DIFFCLK1_L1_P/PLL3_CLKIN0|||
J2|IOBS_0_173|BANKL1|DIFFIO_L1_10_N/CLK3_L1/DIFFCLK1_L1_N/PLL3_CLKIN1|||
K1|IOBD_0_170|BANKL1|DIFFIO_L1_11_P/PLL3_CLKIN2|||
K2|IOBS_0_169|BANKL1|DIFFIO_L1_11_N/PLL3_CLKIN3|||
M3|IOBD_0_130|BANKL1|DIFFIO_L1_19_P|||
L1|IOBD_0_166|BANKL1|DIFFIO_L1_12_P|||
L2|IOBS_0_165|BANKL1|DIFFI0_L1_12_N/RRN_L1|||
M4|IOBS_0_129|BANKL1|DIFFIO_L1_19_N|||
M7|IOBD_0_162|BANKL1|DIFFI0_L1_13_P/RRP_L1|||
M6|IOBS_0_161|BANKL1|DIFFI0_L1_13_N|||
M1|IOBD_0_158|BANKL1|DIFFIO_L1_14_P|||
M2|IOBS_0_157|BANKL1|DIFFIO_L1_14_N|||
K4|IOBD_0_146|BANKL1|DIFFI0_L1_15_P|||
U4|IOBD_0_118|BANKL2|DIFFIO_L2_0_P|||
V4|IOBS_0_117|BANKL2|DIFFIO_L2_0_N|||
N7|IOBS_0_21|BANKL2|DIFFI0_L2_15_N|||
U5|IOBD_0_114|BANKL2|DIFFI0_L2_1_P|||
V5|IOBS_0_113|BANKL2|DIFFI0_L2_1_N|||
U6|IOBD_0_110|BANKL2|DIFFIO_L2_2_P|||
V6|IOBS_0_109|BANKL2|DIFFIO_L2_2_N|||
T9|IOBD_0_18|BANKL2|DIFFIO_L2_16_P|||
U7|IOBD_0_106|BANKL2|DIFFI0_L2_3_P|||
V7|IOBS_0_105|BANKL2|DIFFI0_L2_3_N|||
R9|IOBS_0_17|BANKL2|DIFFIO_L2_16_N|||
U8|IOBD_0_102|BANKL2|DIFFIO_L2_4_P|||
V8|IOBS_0_101|BANKL2|DIFFIO_L2_4_N|||
U9|IOBD_0_90|BANKL2|DIFFI0_L2_5_P|||
V9|IOBS_0_89|BANKL2|DIFFI0_L2_5_N|||
R6|IOBD_0_14|BANKL2|DIFFI0_L2_17_P|||
T4|IOBD_0_86|BANKL2|DIFFIO_L2_6_P|||
R4|IOBR_0_85|BANKL2|DIFFIO_L2_6_N/VREF_L2|||
T6|IOBS_0_13|BANKL2|DIFFI0_L2_17_N|||
R1|IOBD_0_82|BANKL2|DIFFIO_L2_7_P|||
R2|IOBS_0_81|BANKL2|DIFFIO_L2_7_N|||
T1|IOBD_0_78|BANKL2|DIFFIO_L2_8_P/PLL4_CLKOUT_P|||
T2|IOBS_0_77|BANKL2|DIFFIO_L2_8_N/PLL4_CLKOUT_N|||
T8|IOBD_0_10|BANKL2|DIFFIO_L2_18_P|||
U1|IOBD_0_74|BANKL2|DIFFIO_L2_9_P/CLK0_L2/DIFFCLK0_L2_P/PLL4_CLKFB_P/XTALA_L2|||
U2|IOBS_0_73|BANKL2|DIFFIO_L2_9_N/CLK1_L2/DIFFCLK0_L2_N/PLL4_CLKFB_N/XTALB_L2|||
R8|IOBS_0_9|BANKL2|DIFFIO_L2_18_N|||
V1|IOBD_0_50|BANKL2|DIFFIO_L2_10_P/CLK2_L2/DIFFCLK1_L2_P/PLL5_CLKIN0|||
V2|IOBS_0_49|BANKL2|DIFFIO_L2_10_N/CLK3_L2/DIFFCLK1_L2_N/PLL5_CLKIN1|||
U3|IOBD_0_46|BANKL2|DIFFIO_L2_11_P/PLL5_CLKIN2|||
V3|IOBS_0_45|BANKL2|DIFFIO_L2_11_N/PLL5_CLKIN3|||
P8|IOBD_0_6|BANKL2|DIFFIO_L2_19_P|||
P3|IOBD_0_42|BANKL2|DIFFIO_L2_12_P|||
P4|IOBS_0_41|BANKL2|DIFFI0_L2_12_N/RRN_L2|||
P7|IOBS_0_5|BANKL2|DIFFIO_L2_19_N|||
P5|IOBD_0_38|BANKL2|DIFFI0_L2_13_P/RRP_L2|||
P6|IOBS_0_37|BANKL2|DIFFI0_L2_13_N|||
N5|IOBD_0_34|BANKL2|DIFFIO_L2_14_P|||
N4|IOBS_0_33|BANKL2|DIFFIO_L2_14_N|||
N6|IOBD_0_22|BANKL2|DIFFI0_L2_15_P|||
E12|IOBD_152_366|BANKR0|DIFFIO_R0_0_P/VAUX5|||
E11|IOBS_152_365|BANKR0|DIFFIO_R0_0_N/VAUX4|||
G12|IOBS_152_269|BANKR0|DIFFI0_R0_15_N/D23/ADR6|||
D10|IOBD_152_362|BANKR0|DIFFI0_R0_1_P/VAUX3|||
C10|IOBS_152_361|BANKR0|DIFFI0_R0_1_N/VAUX2|||
C13|IOBD_152_358|BANKR0|DIFFIO_R0_2_P/VAUX1|||
D13|IOBS_152_357|BANKR0|DIFFIO_R0_2_N/VAUX0|||
B18|IOBD_152_266|BANKR0|DIFFIO_R0_16_P/D24/ADR7|||
D11|IOBD_152_354|BANKR0|DIFFI0_R0_3_P|||
C11|IOBS_152_353|BANKR0|DIFFI0_R0_3_N/ECCLKIN|||
A18|IOBS_152_265|BANKR0|DIFFIO_R0_16_N/D25/ADR8|||
B10|IOBD_152_350|BANKR0|DIFFIO_R0_4_P/FCS2_N|||
A10|IOBS_152_349|BANKR0|DIFFIO_R0_4_N/BFCE_N|||
B11|IOBD_152_338|BANKR0|DIFFI0_R0_5_P/BFOE_N|||
A11|IOBS_152_337|BANKR0|DIFFI0_R0_5_N/BADRVO_N|||
C18|IOBD_152_262|BANKR0|DIFFI0_R0_17_P/D26/ADR9|||
B12|IOBD_152_334|BANKR0|DIFFIO_R0_6_P/BFWE_N|||
A12|IOBR_152_333|BANKR0|DIFFIO_R0_6_N/VREF_R0|||
C17|IOBS_152_261|BANKR0|DIFFI0_R0_17_N/D27/ADR10|||
B13|IOBD_152_330|BANKR0|DIFFIO_R0_7_P/VS1|||
A13|IOBS_152_329|BANKR0|DIFFIO_R0_7_N/VS0|||
B15|IOBD_152_326|BANKR0|DIFFIO_R0_8_P/PLL0_CLKIN0|||
A15|IOBS_152_325|BANKR0|DIFFIO_R0_8_N/PLL0_CLKIN1|||
D18|IOBD_152_258|BANKR0|DIFFIO_R0_18_P/D28/ADR11|||
B14|IOBD_152_322|BANKR0|DIFFIO_R0_9_P/CLK0_R0/DIFFCLK0_R0_P/PLL0_CLKIN2/XTALA_R0|||
A14|IOBS_152_321|BANKR0|DIFFIO_R0_9_N/CLK1_R0/DIFFCLK0_R0_N/PLL0_CLKIN3/XTALB_R0|||
D17|IOBS_152_257|BANKR0|DIFFIO_R0_18_N/D29/ADR12|||
B16|IOBD_152_298|BANKR0|DIFFIO_R0_10_P/CLK2_R0/DIFFCLK1_R0_P/PLL1_CLKFB_P|||
A16|IOBS_152_297|BANKR0|DIFFIO_R0_10_N/CLK3_R0/DIFFCLK1_R0_N/PLL1_CLKFB_N|||
C15|IOBD_152_294|BANKR0|DIFFIO_R0_11_P/PLL1_CLKOUT_P|||
D15|IOBS_152_293|BANKR0|DIFFIO_R0_11_N/PLL1_CLKOUT_N|||
E18|IOBD_152_254|BANKR0|DIFFIO_R0_19_P/D30/ADR13|||
B17|IOBD_152_290|BANKR0|DIFFIO_R0_12_P/D16|||
A17|IOBS_152_289|BANKR0|DIFFI0_R0_12_N/RRN_R0/D17/ADR0|||
E17|IOBS_152_253|BANKR0|DIFFIO_R0_19_N/D31/ADR14|||
F11|IOBD_152_286|BANKR0|DIFFI0_R0_13_P/RRP_R0/D18/ADR1|||
G11|IOBS_152_285|BANKR0|DIFFI0_R0_13_N/D19/ADR2|||
E15|IOBD_152_282|BANKR0|DIFFIO_R0_14_P/D20/ADR3|||
E16|IOBS_152_281|BANKR0|DIFFIO_R0_14_N/D21/ADR4|||
F12|IOBD_152_270|BANKR0|DIFFI0_R0_15_P/D22/ADR5|||
F14|IOBD_152_242|BANKR1|DIFFIO_R1_0_P/ADR16|||
F13|IOBS_152_241|BANKR1|DIFFIO_R1_0_N|||
M14|IOBS_152_145|BANKR1|DIFFI0_R1_15_N|spi2_miso|input|YES
F18|IOBD_152_238|BANKR1|DIFFI0_R1_1_P/ADR17|||
F17|IOBS_152_237|BANKR1|DIFFI0_R1_1_N/ADR18|||
G14|IOBD_152_234|BANKR1|DIFFIO_R1_2_P/ADR19|||
G13|IOBS_152_233|BANKR1|DIFFIO_R1_2_N/ADR20|||
M18|IOBD_152_142|BANKR1|DIFFIO_R1_16_P|||
F16|IOBD_152_230|BANKR1|DIFFI0_R1_3_P/ADR21|||
G16|IOBS_152_229|BANKR1|DIFFI0_R1_3_N/ADR22|||
M17|IOBS_152_141|BANKR1|DIFFIO_R1_16_N|||
H14|IOBD_152_226|BANKR1|DIFFIO_R1_4_P/ADR23|||
H13|IOBS_152_225|BANKR1|DIFFIO_R1_4_N/ADR24|||
G18|IOBD_152_214|BANKR1|DIFFI0_R1_5_P/ADR25|||
G17|IOBS_152_213|BANKR1|DIFFI0_R1_5_N|||
N18|IOBD_152_138|BANKR1|DIFFI0_R1_17_P|||
J15|IOBD_152_210|BANKR1|DIFFIO_R1_6_P|||
J14|IOBR_152_209|BANKR1|DIFFIO_R1_6_N/VREF_R1|||
N17|IOBS_152_137|BANKR1|DIFFI0_R1_17_N|||
H16|IOBD_152_206|BANKR1|DIFFIO_R1_7_P|||
J16|IOBS_152_205|BANKR1|DIFFIO_R1_7_N|||
K14|IOBD_152_202|BANKR1|DIFFIO_R1_8_P/PLL2_CLKIN0|||
K15|IOBS_152_201|BANKR1|DIFFIO_R1_8_N/PLL2_CLKIN1|||
N15|IOBD_152_134|BANKR1|DIFFIO_R1_18_P|spi_clk|output|YES
H18|IOBD_152_198|BANKR1|DIFFIO_R1_9_P/CLK0_R1/DIFFCLK0_R1_P/PLL2_CLKIN2/XTALA_R1|||
H17|IOBS_152_197|BANKR1|DIFFIO_R1_9_N/CLK1_R1/DIFFCLK0_R1_N/PLL2_CLKIN3/XTALB_R1|||
N16|IOBS_152_133|BANKR1|DIFFIO_R1_18_N|||
J18|IOBD_152_174|BANKR1|DIFFIO_R1_10_P/CLK2_R1/DIFFCLK1_R1_P/PLL3_CLKFB_P|||
J17|IOBS_152_173|BANKR1|DIFFIO_R1_10_N/CLK3_R1/DIFFCLK1_R1_N/PLL3_CLKFB_N|||
K18|IOBD_152_170|BANKR1|DIFFIO_R1_11_P/PLL3_CLKOUT_P|||
K17|IOBS_152_169|BANKR1|DIFFIO_R1_11_N/PLL3_CLKOUT_N|||
L15|IOBD_152_130|BANKR1|DIFFIO_R1_19_P|||
L18|IOBD_152_166|BANKR1|DIFFIO_R1_12_P|||
L17|IOBS_152_165|BANKR1|DIFFI0_R1_12_N/RRN_R1|||
L14|IOBS_152_129|BANKR1|DIFFIO_R1_19_N|||
L13|IOBD_152_162|BANKR1|DIFFI0_R1_13_P/RRP_R1|spi_mosi|output|YES
L12|IOBS_152_161|BANKR1|DIFFI0_R1_13_N|||
L16|IOBD_152_158|BANKR1|DIFFIO_R1_14_P|||
M16|IOBS_152_157|BANKR1|DIFFIO_R1_14_N|||
M13|IOBD_152_146|BANKR1|DIFFI0_R1_15_P|spi2_ss|output|YES
R10|IOBD_152_118|BANKR2|DIFFIO_R2_0_P|||
T10|IOBS_152_117|BANKR2|DIFFIO_R2_0_N|||
U16|IOBS_152_21|BANKR2|DIFFI0_R2_15_N|||
U10|IOBD_152_114|BANKR2|DIFFI0_R2_1_P|halted_ind|output|YES
V10|IOBS_152_113|BANKR2|DIFFI0_R2_1_N|||
U13|IOBD_152_110|BANKR2|DIFFIO_R2_2_P|||
V13|IOBS_152_109|BANKR2|DIFFIO_R2_2_N|||
R14|IOBD_152_18|BANKR2|DIFFIO_R2_16_P|gpio[7]|inout|YES
U12|IOBD_152_106|BANKR2|DIFFI0_R2_3_P|rst_ext_i|input|YES
V12|IOBS_152_105|BANKR2|DIFFI0_R2_3_N|||
R15|IOBS_152_17|BANKR2|DIFFIO_R2_16_N|gpio[6]|inout|YES
U11|IOBD_152_102|BANKR2|DIFFIO_R2_4_P|gpio[0]|inout|YES
V11|IOBS_152_101|BANKR2|DIFFIO_R2_4_N|||
R11|IOBD_152_90|BANKR2|DIFFI0_R2_5_P|||
T11|IOBS_152_89|BANKR2|DIFFI0_R2_5_N|||
R13|IOBD_152_14|BANKR2|DIFFI0_R2_17_P|gpio[3]|inout|YES
P11|IOBD_152_86|BANKR2|DIFFIO_R2_6_P|||
P12|IOBR_152_85|BANKR2|DIFFIO_R2_6_N/VREF_R2|||
T13|IOBS_152_13|BANKR2|DIFFI0_R2_17_N|gpio[2]|inout|YES
V18|IOBD_152_82|BANKR2|DIFFIO_R2_7_P|jtag_TDI|input|YES
V17|IOBS_152_81|BANKR2|DIFFIO_R2_7_N|jtag_TDO|output|YES
U18|IOBD_152_78|BANKR2|DIFFIO_R2_8_P/PLL4_CLKIN0|spi2_mosi|output|YES
U17|IOBS_152_77|BANKR2|DIFFIO_R2_8_N/PLL4_CLKIN1|spi2_clk|output|YES
P13|IOBD_152_10|BANKR2|DIFFIO_R2_18_P|gpio[4]|inout|YES
T18|IOBD_152_74|BANKR2|DIFFIO_R2_9_P/CLK0_R2/DIFFCLK0_R2_P/PLL4_CLKIN2/XTALA_R2|jtag_TMS|input|YES
T17|IOBS_152_73|BANKR2|DIFFIO_R2_9_N/CLK1_R2/DIFFCLK0_R2_N/PLL4_CLKIN3/XTALB_R2|jtag_TCK|input|YES
P14|IOBS_152_9|BANKR2|DIFFIO_R2_18_N|gpio[5]|inout|YES
R17|IOBD_152_50|BANKR2|DIFFIO_R2_10_P/CLK2_R2/DIFFCLK1_R2_P/PLL5_CLKFB_P|spi_miso|input|YES
R18|IOBS_152_49|BANKR2|DIFFIO_R2_10_N/CLK3_R2/DIFFCLK1_R2_N/PLL5_CLKFB_N|uart_tx_pin|output|YES
P17|IOBD_152_46|BANKR2|DIFFIO_R2_11_P/PLL5_CLKOUT_P|gpio[1]|inout|YES
P18|IOBS_152_45|BANKR2|DIFFIO_R2_11_N/PLL5_CLKOUT_N|spi_ss|output|YES
N13|IOBD_152_6|BANKR2|DIFFIO_R2_19_P|||
R16|IOBD_152_42|BANKR2|DIFFIO_R2_12_P|||
T16|IOBS_152_41|BANKR2|DIFFI0_R2_12_N/RRN_R2|||
N14|IOBS_152_5|BANKR2|DIFFIO_R2_19_N|uart_rx_pin|input|YES
U14|IOBD_152_38|BANKR2|DIFFI0_R2_13_P/RRP_R2|||
V14|IOBS_152_37|BANKR2|DIFFI0_R2_13_N|||
U15|IOBD_152_34|BANKR2|DIFFIO_R2_14_P|||
V15|IOBS_152_33|BANKR2|DIFFIO_R2_14_N|||
V16|IOBD_152_22|BANKR2|DIFFI0_R2_15_P|||
