#Build: Fabric Compiler 2020.3-Lite, Build 71107, Mar 15 18:01 2021
#Install: D:\PDS_2020.3-Lite\bin
#Application name: pds_shell.exe
#OS: Windows 10 10.0.22621
#Hostname: odincomputer
Generated by Fabric Compiler (version 2020.3-Lite build 71107) at Tue Oct 25 17:32:00 2022
Executing command action 'cmd_report_power'
Compiling verification operator library.
Compiling common defs.
Compiling prim grid devices.
Compiling gate devices.
Compiling gate operators.
Building architecture model.
Loading device packaging model 'MBG324'.
Reading design from pnr DB.
Start: Report Power
Report Power...
Report Power successfully.
Action report_power: Real time elapsed is 39.000 sec
Action report_power: CPU time elapsed is 22.828 sec
Current time: Tue Oct 25 17:32:36 2022
Action report_power: Peak memory pool usage is 468,000,768 bytes
