#Build: Fabric Compiler 2022.1, Build 99559, Jul 12 00:20 2022
#Install: D:\pango\PDS_2022.1\bin
#Application name: pds_shell.exe
#OS: Windows 10 10.0.19045
#Hostname: LAPTOP-HH0DB6L7
Generated by Fabric Compiler (version 2022.1 build 99559) at Thu Oct 12 15:33:09 2023
Compiling verification operator library.
Compiling common defs.
Compiling prim grid devices.
Compiling gate devices.
Compiling gate operators.
Building architecture model.
Loading device packaging model.
Building architecture floorplan logic view.
Constraint check start.
Executing : def_port {gpio[0]} LOC=U11 VCCIO=3.3 IOSTANDARD=LVCMOS33 DRIVE=4 SLEW=SLOW NONE=TRUE
Executing : def_port {gpio[0]} LOC=U11 VCCIO=3.3 IOSTANDARD=LVCMOS33 DRIVE=4 SLEW=SLOW NONE=TRUE successfully
Executing : def_port {gpio[1]} LOC=P17 VCCIO=3.3 IOSTANDARD=LVCMOS33 DRIVE=4 SLEW=SLOW NONE=TRUE
Executing : def_port {gpio[1]} LOC=P17 VCCIO=3.3 IOSTANDARD=LVCMOS33 DRIVE=4 SLEW=SLOW NONE=TRUE successfully
Executing : def_port {gpio[2]} LOC=T13 VCCIO=3.3 IOSTANDARD=LVCMOS33 DRIVE=4 SLEW=SLOW NONE=TRUE
Executing : def_port {gpio[2]} LOC=T13 VCCIO=3.3 IOSTANDARD=LVCMOS33 DRIVE=4 SLEW=SLOW NONE=TRUE successfully
Executing : def_port {gpio[3]} LOC=R13 VCCIO=3.3 IOSTANDARD=LVCMOS33 DRIVE=4 SLEW=SLOW NONE=TRUE
Executing : def_port {gpio[3]} LOC=R13 VCCIO=3.3 IOSTANDARD=LVCMOS33 DRIVE=4 SLEW=SLOW NONE=TRUE successfully
Executing : def_port {gpio[4]} LOC=P13 VCCIO=3.3 IOSTANDARD=LVCMOS33 DRIVE=4 SLEW=SLOW NONE=TRUE
Executing : def_port {gpio[4]} LOC=P13 VCCIO=3.3 IOSTANDARD=LVCMOS33 DRIVE=4 SLEW=SLOW NONE=TRUE successfully
Executing : def_port {gpio[5]} LOC=P14 VCCIO=3.3 IOSTANDARD=LVCMOS33 DRIVE=4 SLEW=SLOW NONE=TRUE
Executing : def_port {gpio[5]} LOC=P14 VCCIO=3.3 IOSTANDARD=LVCMOS33 DRIVE=4 SLEW=SLOW NONE=TRUE successfully
Executing : def_port {gpio[6]} LOC=R15 VCCIO=3.3 IOSTANDARD=LVCMOS33 DRIVE=4 SLEW=SLOW NONE=TRUE
Executing : def_port {gpio[6]} LOC=R15 VCCIO=3.3 IOSTANDARD=LVCMOS33 DRIVE=4 SLEW=SLOW NONE=TRUE successfully
Executing : def_port {gpio[7]} LOC=R14 VCCIO=3.3 IOSTANDARD=LVCMOS33 DRIVE=4 SLEW=SLOW NONE=TRUE
Executing : def_port {gpio[7]} LOC=R14 VCCIO=3.3 IOSTANDARD=LVCMOS33 DRIVE=4 SLEW=SLOW NONE=TRUE successfully
Executing : def_port {halted_ind} LOC=U10 VCCIO=3.3 IOSTANDARD=LVCMOS33 DRIVE=4 SLEW=SLOW NONE=TRUE
Executing : def_port {halted_ind} LOC=U10 VCCIO=3.3 IOSTANDARD=LVCMOS33 DRIVE=4 SLEW=SLOW NONE=TRUE successfully
Executing : def_port {jtag_TDO} LOC=V17 VCCIO=3.3 IOSTANDARD=LVCMOS33 DRIVE=4 SLEW=SLOW NONE=TRUE
Executing : def_port {jtag_TDO} LOC=V17 VCCIO=3.3 IOSTANDARD=LVCMOS33 DRIVE=4 SLEW=SLOW NONE=TRUE successfully
Executing : def_port {spi2_clk} LOC=U17 VCCIO=3.3 IOSTANDARD=LVCMOS33 DRIVE=4 SLEW=SLOW NONE=TRUE
Executing : def_port {spi2_clk} LOC=U17 VCCIO=3.3 IOSTANDARD=LVCMOS33 DRIVE=4 SLEW=SLOW NONE=TRUE successfully
Executing : def_port {spi2_mosi} LOC=U18 VCCIO=3.3 IOSTANDARD=LVCMOS33 DRIVE=4 SLEW=SLOW NONE=TRUE
Executing : def_port {spi2_mosi} LOC=U18 VCCIO=3.3 IOSTANDARD=LVCMOS33 DRIVE=4 SLEW=SLOW NONE=TRUE successfully
Executing : def_port {spi2_ss} LOC=M13 VCCIO=3.3 IOSTANDARD=LVCMOS33 DRIVE=4 SLEW=SLOW NONE=TRUE
Executing : def_port {spi2_ss} LOC=M13 VCCIO=3.3 IOSTANDARD=LVCMOS33 DRIVE=4 SLEW=SLOW NONE=TRUE successfully
Executing : def_port {spi_clk} LOC=N15 VCCIO=3.3 IOSTANDARD=LVCMOS33 DRIVE=4 SLEW=SLOW NONE=TRUE
Executing : def_port {spi_clk} LOC=N15 VCCIO=3.3 IOSTANDARD=LVCMOS33 DRIVE=4 SLEW=SLOW NONE=TRUE successfully
Executing : def_port {spi_mosi} LOC=L13 VCCIO=3.3 IOSTANDARD=LVCMOS33 DRIVE=4 SLEW=SLOW NONE=TRUE
Executing : def_port {spi_mosi} LOC=L13 VCCIO=3.3 IOSTANDARD=LVCMOS33 DRIVE=4 SLEW=SLOW NONE=TRUE successfully
Executing : def_port {spi_ss} LOC=P18 VCCIO=3.3 IOSTANDARD=LVCMOS33 DRIVE=4 SLEW=SLOW NONE=TRUE
Executing : def_port {spi_ss} LOC=P18 VCCIO=3.3 IOSTANDARD=LVCMOS33 DRIVE=4 SLEW=SLOW NONE=TRUE successfully
Executing : def_port {uart_tx_pin} LOC=R18 VCCIO=3.3 IOSTANDARD=LVCMOS33 DRIVE=4 SLEW=SLOW NONE=TRUE
Executing : def_port {uart_tx_pin} LOC=R18 VCCIO=3.3 IOSTANDARD=LVCMOS33 DRIVE=4 SLEW=SLOW NONE=TRUE successfully
Executing : def_port {clk_in} LOC=B5 VCCIO=3.3 IOSTANDARD=LVCMOS33 NONE=TRUE
Executing : def_port {clk_in} LOC=B5 VCCIO=3.3 IOSTANDARD=LVCMOS33 NONE=TRUE successfully
Executing : def_port {jtag_TCK} LOC=T17 VCCIO=3.3 IOSTANDARD=LVCMOS33 NONE=TRUE
Executing : def_port {jtag_TCK} LOC=T17 VCCIO=3.3 IOSTANDARD=LVCMOS33 NONE=TRUE successfully
Executing : def_port {jtag_TDI} LOC=V18 VCCIO=3.3 IOSTANDARD=LVCMOS33 NONE=TRUE
Executing : def_port {jtag_TDI} LOC=V18 VCCIO=3.3 IOSTANDARD=LVCMOS33 NONE=TRUE successfully
Executing : def_port {jtag_TMS} LOC=T18 VCCIO=3.3 IOSTANDARD=LVCMOS33 NONE=TRUE
Executing : def_port {jtag_TMS} LOC=T18 VCCIO=3.3 IOSTANDARD=LVCMOS33 NONE=TRUE successfully
Executing : def_port {rst_ext_i} LOC=U12 VCCIO=3.3 IOSTANDARD=LVCMOS33 NONE=TRUE
Executing : def_port {rst_ext_i} LOC=U12 VCCIO=3.3 IOSTANDARD=LVCMOS33 NONE=TRUE successfully
Executing : def_port {spi2_miso} LOC=M14 VCCIO=3.3 IOSTANDARD=LVCMOS33 NONE=TRUE
Executing : def_port {spi2_miso} LOC=M14 VCCIO=3.3 IOSTANDARD=LVCMOS33 NONE=TRUE successfully
Executing : def_port {spi_miso} LOC=R17 VCCIO=3.3 IOSTANDARD=LVCMOS33 NONE=TRUE
Executing : def_port {spi_miso} LOC=R17 VCCIO=3.3 IOSTANDARD=LVCMOS33 NONE=TRUE successfully
Executing : def_port {uart_rx_pin} LOC=N14 VCCIO=3.3 IOSTANDARD=LVCMOS33 NONE=TRUE
Executing : def_port {uart_rx_pin} LOC=N14 VCCIO=3.3 IOSTANDARD=LVCMOS33 NONE=TRUE successfully
Constraint check end.
I: Column Clock Check close.

Placement started.
Phase 1 Pre global placement started.
Mapping instance u_CORES/u_GTP_SCANCHAIN_PG/scanchain to SCANCHAIN_48_328.
Mapping instance pll589824/u_pll_e1/goppll to PLL_82_319.
Phase 1.1 1st GP placement started.
Design Utilization : 32%.
Wirelength after clock region global placement is 62369.
1st GP placement takes 8.47 sec.

Phase 1.2 Clock placement started.
Mapping instance clkbufg_3/gopclkbufg to USCM_74_104.
Mapping instance clkbufg_4/gopclkbufg to USCM_74_105.
C: Place-2028: GLOBAL_CLOCK: the driver u_CORES/u_GTP_SCANCHAIN_PG/scanchain fixed at SCANCHAIN_48_328 is unreasonable. Sub-optimal placement for a clock source and a clock buffer.
Mapping instance clkbufg_5/gopclkbufg to USCM_74_107.
Mapping instance clkbufg_6/gopclkbufg to USCM_74_106.
C: Place-2028: GLOBAL_CLOCK: the driver u_CORES/u_GTP_SCANCHAIN_PG/scanchain fixed at SCANCHAIN_48_328 is unreasonable. Sub-optimal placement for a clock source and a clock buffer.
Mapping instance clkbufg_7/gopclkbufg to USCM_74_108.
Clock placement takes 1.36 sec.

Pre global placement takes 10.80 sec.

Phase 2 Global placement started.
Phase 2.1 Fixed placement started.
Placed fixed group with base inst clk_in_ibuf/opit_1 on IOL_7_298.
Placed fixed group with base inst gpio_tri[0]/opit_1 on IOL_151_102.
Placed fixed group with base inst gpio_tri[1]/opit_1 on IOL_151_46.
Placed fixed group with base inst gpio_tri[2]/opit_1 on IOL_151_13.
Placed fixed group with base inst gpio_tri[3]/opit_1 on IOL_151_14.
Placed fixed group with base inst gpio_tri[4]/opit_1 on IOL_151_10.
Placed fixed group with base inst gpio_tri[5]/opit_1 on IOL_151_9.
Placed fixed group with base inst gpio_tri[6]/opit_1 on IOL_151_17.
Placed fixed group with base inst gpio_tri[7]/opit_1 on IOL_151_18.
Placed fixed group with base inst halted_ind_obuf/opit_1 on IOL_151_114.
Placed fixed group with base inst jtag_TCK_ibuf/opit_1 on IOL_151_73.
Placed fixed group with base inst jtag_TDI_ibuf/opit_1 on IOL_151_82.
Placed fixed group with base inst jtag_TDO_obuf/opit_1 on IOL_151_81.
Placed fixed group with base inst jtag_TMS_ibuf/opit_1 on IOL_151_74.
Placed fixed group with base inst rst_ext_i_ibuf/opit_1 on IOL_151_106.
Placed fixed group with base inst spi2_clk_obuf/opit_1 on IOL_151_77.
Placed fixed group with base inst spi2_miso_ibuf/opit_1 on IOL_151_145.
Placed fixed group with base inst spi2_mosi_obuf/opit_1 on IOL_151_78.
Placed fixed group with base inst spi2_ss_obuf/opit_1 on IOL_151_146.
Placed fixed group with base inst spi_clk_obuf/opit_1 on IOL_151_134.
Placed fixed group with base inst spi_miso_ibuf/opit_1 on IOL_151_50.
Placed fixed group with base inst spi_mosi_obuf/opit_1 on IOL_151_162.
Placed fixed group with base inst spi_ss_obuf/opit_1 on IOL_151_45.
Placed fixed group with base inst uart_rx_pin_ibuf/opit_1 on IOL_151_5.
Placed fixed group with base inst uart_tx_pin_obuf/opit_1 on IOL_151_49.
Placed fixed instance clkbufg_3/gopclkbufg on USCM_74_104.
Placed fixed instance clkbufg_4/gopclkbufg on USCM_74_105.
Placed fixed instance clkbufg_5/gopclkbufg on USCM_74_107.
Placed fixed instance clkbufg_6/gopclkbufg on USCM_74_106.
Placed fixed instance clkbufg_7/gopclkbufg on USCM_74_108.
Placed fixed instance pll589824/u_pll_e1/goppll on PLL_82_319.
Placed fixed instance u_CORES/u_GTP_SCANCHAIN_PG/scanchain on SCANCHAIN_48_328.
Placed fixed instance BKCL_auto_0 on BKCL_2_268.
Placed fixed instance BKCL_auto_1 on BKCL_154_144.
Placed fixed instance BKCL_auto_2 on BKCL_154_20.
Fixed placement takes 0.00 sec.

Phase 2.2 Process placement started.
Process placement takes 0.00 sec.

Phase 2.3 IO placement started.
IO placement takes 0.05 sec.

Phase 2.4 2nd GP placement started.
Run super clustering :
	Initial slack 18618.
	3 iterations finished.
	Final slack 19536.
Super clustering done.
Design Utilization : 32%.
2nd GP placement takes 9.23 sec.

Wirelength after global placement is 77006.
Global placement takes 9.28 sec.

Phase 3 Post global placement started.
Phase 3.1 Macro cell placement started.
Wirelength after macro cell placement is 84725.
Macro cell placement takes 0.02 sec.

Phase 3.2 3rd GP placement started.
Run super clustering :
	Initial slack 18618.
	3 iterations finished.
	Final slack 19536.
Super clustering done.
Design Utilization : 32%.
3rd GP placement takes 8.66 sec.

Wirelength after post global placement is 73680.
Post global placement takes 8.67 sec.

Phase 4 Legalization started.
The average distance in LP is 1.069685.
Wirelength after legalization is 79477.
Legalization takes 0.77 sec.

Phase 5 Timing-driven detailed placement started.
Phase 5.1 Replication placement started.
Worst slack before Replication Place is 21761.
Replication placement takes 0.50 sec.

Wirelength after replication placement is 79477.
Phase 5.2 DP placement started.
Legalized cost 21761.000000.
The detailed placement ends at 0th iteration.
DP placement takes 0.39 sec.

Wirelength after detailed placement is 79477.
Timing-driven detailed placement takes 0.91 sec.

Worst slack is 21761, TNS after placement is 0.
Placement done.
Total placement takes 32.66 sec.
Finished placement. (CPU time elapsed 0h:00m:32s)

Routing started.
Building routing graph takes 1.00 sec.
Worst slack is 21761, TNS before global route is 0.
Processing design graph takes 0.47 sec.
Total memory for routing:
	52.279499 M.
Total nets for routing : 8912.
Rcf routing step 1 processed 0 nets, it takes 0.00 sec.
Rcf routing step 2 processed 0 nets, it takes 0.00 sec.
Rcf routing step 3 processed 0 nets, it takes 0.00 sec.
Unrouted nets 0 at the end of iteration 0.
Global Routing step 1 processed 77 nets, it takes 0.02 sec.
Unrouted nets 156 at the end of iteration 0.
Unrouted nets 102 at the end of iteration 1.
Unrouted nets 58 at the end of iteration 2.
Unrouted nets 40 at the end of iteration 3.
Unrouted nets 27 at the end of iteration 4.
Unrouted nets 20 at the end of iteration 5.
Unrouted nets 18 at the end of iteration 6.
Unrouted nets 8 at the end of iteration 7.
Unrouted nets 14 at the end of iteration 8.
Unrouted nets 13 at the end of iteration 9.
Unrouted nets 11 at the end of iteration 10.
Unrouted nets 5 at the end of iteration 11.
Unrouted nets 2 at the end of iteration 12.
Unrouted nets 1 at the end of iteration 13.
Unrouted nets 1 at the end of iteration 14.
Unrouted nets 1 at the end of iteration 15.
Unrouted nets 1 at the end of iteration 16.
Unrouted nets 1 at the end of iteration 17.
Unrouted nets 2 at the end of iteration 18.
Unrouted nets 1 at the end of iteration 19.
Unrouted nets 2 at the end of iteration 20.
Unrouted nets 1 at the end of iteration 21.
Unrouted nets 1 at the end of iteration 22.
Unrouted nets 0 at the end of iteration 23.
Global Routing step 2 processed 200 nets, it takes 2.14 sec.
Unrouted nets 267 at the end of iteration 0.
Unrouted nets 170 at the end of iteration 1.
Unrouted nets 132 at the end of iteration 2.
Unrouted nets 101 at the end of iteration 3.
Unrouted nets 75 at the end of iteration 4.
Unrouted nets 48 at the end of iteration 5.
Unrouted nets 40 at the end of iteration 6.
Unrouted nets 27 at the end of iteration 7.
Unrouted nets 27 at the end of iteration 8.
Unrouted nets 32 at the end of iteration 9.
Unrouted nets 24 at the end of iteration 10.
Unrouted nets 17 at the end of iteration 11.
Unrouted nets 10 at the end of iteration 12.
Unrouted nets 10 at the end of iteration 13.
Unrouted nets 8 at the end of iteration 14.
Unrouted nets 6 at the end of iteration 15.
Unrouted nets 2 at the end of iteration 16.
Unrouted nets 2 at the end of iteration 17.
Unrouted nets 2 at the end of iteration 18.
Unrouted nets 0 at the end of iteration 19.
Global Routing step 3 processed 407 nets, it takes 4.58 sec.
Global routing takes 6.75 sec.
Total 11204 subnets.
    forward max bucket size 17787 , backward 605.
        Unrouted nets 8629 at the end of iteration 0.
    route iteration 0, CPU time elapsed 2.515625 sec.
    forward max bucket size 17851 , backward 792.
        Unrouted nets 6690 at the end of iteration 1.
    route iteration 1, CPU time elapsed 2.437500 sec.
    forward max bucket size 686 , backward 731.
        Unrouted nets 5328 at the end of iteration 2.
    route iteration 2, CPU time elapsed 2.031250 sec.
    forward max bucket size 1181 , backward 858.
        Unrouted nets 4325 at the end of iteration 3.
    route iteration 3, CPU time elapsed 1.750000 sec.
    forward max bucket size 1004 , backward 814.
        Unrouted nets 3522 at the end of iteration 4.
    route iteration 4, CPU time elapsed 1.656250 sec.
    forward max bucket size 1081 , backward 557.
        Unrouted nets 3733 at the end of iteration 5.
    route iteration 5, CPU time elapsed 1.390625 sec.
    forward max bucket size 775 , backward 1131.
        Unrouted nets 3488 at the end of iteration 6.
    route iteration 6, CPU time elapsed 1.359375 sec.
    forward max bucket size 935 , backward 762.
        Unrouted nets 3055 at the end of iteration 7.
    route iteration 7, CPU time elapsed 1.234375 sec.
    forward max bucket size 756 , backward 643.
        Unrouted nets 2591 at the end of iteration 8.
    route iteration 8, CPU time elapsed 1.046875 sec.
    forward max bucket size 571 , backward 721.
        Unrouted nets 2136 at the end of iteration 9.
    route iteration 9, CPU time elapsed 0.906250 sec.
    forward max bucket size 585 , backward 522.
        Unrouted nets 1746 at the end of iteration 10.
    route iteration 10, CPU time elapsed 0.765625 sec.
    forward max bucket size 981 , backward 705.
        Unrouted nets 1471 at the end of iteration 11.
    route iteration 11, CPU time elapsed 0.640625 sec.
    forward max bucket size 596 , backward 344.
        Unrouted nets 1211 at the end of iteration 12.
    route iteration 12, CPU time elapsed 0.546875 sec.
    forward max bucket size 518 , backward 455.
        Unrouted nets 998 at the end of iteration 13.
    route iteration 13, CPU time elapsed 0.453125 sec.
    forward max bucket size 675 , backward 348.
        Unrouted nets 820 at the end of iteration 14.
    route iteration 14, CPU time elapsed 0.406250 sec.
    forward max bucket size 593 , backward 346.
        Unrouted nets 671 at the end of iteration 15.
    route iteration 15, CPU time elapsed 0.328125 sec.
    forward max bucket size 347 , backward 528.
        Unrouted nets 548 at the end of iteration 16.
    route iteration 16, CPU time elapsed 0.281250 sec.
    forward max bucket size 549 , backward 488.
        Unrouted nets 452 at the end of iteration 17.
    route iteration 17, CPU time elapsed 0.250000 sec.
    forward max bucket size 402 , backward 477.
        Unrouted nets 408 at the end of iteration 18.
    route iteration 18, CPU time elapsed 0.218750 sec.
    forward max bucket size 546 , backward 336.
        Unrouted nets 346 at the end of iteration 19.
    route iteration 19, CPU time elapsed 0.203125 sec.
    forward max bucket size 211 , backward 131.
        Unrouted nets 280 at the end of iteration 20.
    route iteration 20, CPU time elapsed 0.171875 sec.
    forward max bucket size 233 , backward 171.
        Unrouted nets 244 at the end of iteration 21.
    route iteration 21, CPU time elapsed 0.171875 sec.
    forward max bucket size 200 , backward 169.
        Unrouted nets 214 at the end of iteration 22.
    route iteration 22, CPU time elapsed 0.156250 sec.
    forward max bucket size 313 , backward 97.
        Unrouted nets 171 at the end of iteration 23.
    route iteration 23, CPU time elapsed 0.140625 sec.
    forward max bucket size 290 , backward 314.
        Unrouted nets 135 at the end of iteration 24.
    route iteration 24, CPU time elapsed 0.140625 sec.
    forward max bucket size 333 , backward 156.
        Unrouted nets 108 at the end of iteration 25.
    route iteration 25, CPU time elapsed 0.109375 sec.
    forward max bucket size 435 , backward 215.
        Unrouted nets 79 at the end of iteration 26.
    route iteration 26, CPU time elapsed 0.093750 sec.
    forward max bucket size 165 , backward 137.
        Unrouted nets 60 at the end of iteration 27.
    route iteration 27, CPU time elapsed 0.078125 sec.
    forward max bucket size 209 , backward 95.
        Unrouted nets 42 at the end of iteration 28.
    route iteration 28, CPU time elapsed 0.078125 sec.
    forward max bucket size 339 , backward 24.
        Unrouted nets 25 at the end of iteration 29.
    route iteration 29, CPU time elapsed 0.062500 sec.
    forward max bucket size 409 , backward 57.
        Unrouted nets 22 at the end of iteration 30.
    route iteration 30, CPU time elapsed 0.062500 sec.
    forward max bucket size 91 , backward 69.
        Unrouted nets 22 at the end of iteration 31.
    route iteration 31, CPU time elapsed 0.062500 sec.
    forward max bucket size 19 , backward 18.
        Unrouted nets 10 at the end of iteration 32.
    route iteration 32, CPU time elapsed 0.046875 sec.
    forward max bucket size 15 , backward 18.
        Unrouted nets 4 at the end of iteration 33.
    route iteration 33, CPU time elapsed 0.046875 sec.
    forward max bucket size 14 , backward 11.
        Unrouted nets 2 at the end of iteration 34.
    route iteration 34, CPU time elapsed 0.062500 sec.
    forward max bucket size 12 , backward 8.
        Unrouted nets 2 at the end of iteration 35.
    route iteration 35, CPU time elapsed 0.046875 sec.
    forward max bucket size 12 , backward 6.
        Unrouted nets 2 at the end of iteration 36.
    route iteration 36, CPU time elapsed 0.046875 sec.
    forward max bucket size 12 , backward 5.
        Unrouted nets 2 at the end of iteration 37.
    route iteration 37, CPU time elapsed 0.046875 sec.
    forward max bucket size 12 , backward 5.
        Unrouted nets 2 at the end of iteration 38.
    route iteration 38, CPU time elapsed 0.046875 sec.
    forward max bucket size 18 , backward 13.
        Unrouted nets 0 at the end of iteration 39.
    route iteration 39, CPU time elapsed 0.046875 sec.
Detailed routing takes 39 iterations
C: Route-2036: The clock path from u_CORES/u_GTP_SCANCHAIN_PG/scanchain:CAPDR to clkbufg_7/gopclkbufg:CLK is routed by SRB.
C: Route-2036: The clock path from u_CORES/u_GTP_SCANCHAIN_PG/scanchain:TCK_USER to clkbufg_5/gopclkbufg:CLK is routed by SRB.
Detailed routing takes 23.06 sec.
Start fix hold violation.
Build tmp routing results takes 0.16 sec.
Timing analysis takes 1.17 sec.
Hold violation fix iter 0 takes 0.55 sec, total_step_forward 102897.
Incremental timing analysis takes 1.02 sec.
Hold violation fix iter 1 takes 0.64 sec, total_step_forward 111873.
Incremental timing analysis takes 1.02 sec.
Hold violation fix iter 2 takes 0.64 sec, total_step_forward 111875.
Incremental timing analysis takes 1.02 sec.
Hold violation fix iter 3 takes 0.67 sec, total_step_forward 111879.
Incremental timing analysis takes 1.03 sec.
Hold violation fix iter 4 takes 0.67 sec, total_step_forward 111888.
Incremental timing analysis takes 1.02 sec.
Hold violation fix iter 5 takes 0.62 sec, total_step_forward 111881.
Hold Violation Fix in router takes 6 iterations.
Fix hold violation Finished.
Hold Violation Fix in router takes 10.64 sec.

Dispose routing result:
    Collect routing result.
    Delete unused device instances.
    Annotate routing result.
    Change LUT configuration.
    Dispose misc instances.
    Annotate routing result again.
Finish routing takes 0.94 sec.
Used SRB routing arc is 106455.
Cleanup routing takes 0.02 sec.
Routing done.
Total routing takes 43.45 sec.
W: Timing-4105: The worst slack of endpoint u_CORES/u_debug_core_0/u_hub_data_decode/newconfini.conf_id_ini[2]/opit_0_inv/D of clock DebugCore_CAPTURE is -274ps(slow corner), but required hold violation threshold is 200ps.
C: STA-3017: There are 1 clock cross SRB paths do not meet the required hold violation threshold(200ps).


Device Utilization Summary :
+---------------------------------------------------------------------------+
| Logic Utilization        | Used     | Available     | Utilization(%)     
+---------------------------------------------------------------------------+
| Use of ADC               | 0        | 1             | 0                  
| Use of APM               | 4        | 30            | 14                 
| Use of BKCL              | 3        | 6             | 50                 
| Use of CLMA              | 1786     | 3274          | 55                 
|   FF                     | 3270     | 19644         | 17                 
|   LUT                    | 4301     | 13096         | 33                 
|   LUT-FF pairs           | 1589     | 13096         | 13                 
| Use of CLMS              | 578      | 1110          | 53                 
|   FF                     | 1063     | 6660          | 16                 
|   LUT                    | 1278     | 4440          | 29                 
|   LUT-FF pairs           | 466      | 4440          | 11                 
|   Distributed RAM        | 0        | 4440          | 0                  
| Use of CRYSTAL           | 0        | 6             | 0                  
| Use of DLL               | 0        | 6             | 0                  
| Use of DQSL              | 0        | 18            | 0                  
| Use of DRM               | 41       | 48            | 86                 
| Use of FLSIF             | 0        | 1             | 0                  
| Use of FUSECODE          | 0        | 1             | 0                  
| Use of HARD0N1           | 0        | 2745          | 0                  
| Use of HMEMC             | 0        | 2             | 0                  
| Use of IO                | 25       | 240           | 11                 
|   IOBD                   | 15       | 120           | 13                 
|   IOBR                   | 0        | 6             | 0                  
|   IOBS                   | 10       | 114           | 9                  
| Use of IOCKDIV           | 0        | 12            | 0                  
| Use of IOCKDLY           | 0        | 24            | 0                  
| Use of IOCKGATE          | 0        | 12            | 0                  
| Use of IOCKGMUX_TEST     | 0        | 12            | 0                  
| Use of IOL               | 25       | 240           | 11                 
| Use of IPAL              | 0        | 1             | 0                  
| Use of MFG_TEST          | 0        | 1             | 0                  
| Use of OSC               | 0        | 1             | 0                  
| Use of PLL               | 1        | 6             | 17                 
| Use of PREGMUX_TEST      | 0        | 6             | 0                  
| Use of RCKB              | 0        | 24            | 0                  
| Use of RCKBMUX_TEST      | 0        | 12            | 0                  
| Use of RESCAL            | 0        | 6             | 0                  
| Use of SCANCHAIN         | 1        | 4             | 25                 
| Use of START             | 1        | 1             | 100                
| Use of UDID              | 0        | 1             | 0                  
| Use of USCM              | 5        | 20            | 25                 
| Use of USCMMUX_TEST      | 0        | 20            | 0                  
| Use of VCKBMUX_TEST      | 0        | 12            | 0                  
+---------------------------------------------------------------------------+

Finished routing. (CPU time elapsed 0h:00m:43s)
Design 'tinyriscv_soc_top' has been placed and routed successfully.
Saving design to DB.
Finished placement and routing. (CPU time elapsed 0h:01m:29s)
Action pnr: Real time elapsed is 0h:1m:33s
Action pnr: CPU time elapsed is 0h:1m:30s
Action pnr: Process CPU time elapsed is 0h:1m:30s
Current time: Thu Oct 12 15:34:40 2023
Action pnr: Peak memory pool usage is 842 MB
