#Build: Fabric Compiler 2022.1, Build 99559, Jul 12 00:20 2022
#Install: D:\pango\PDS_2022.1\bin
#Application name: pds_shell.exe
#OS: Windows 10 10.0.19045
#Hostname: LAPTOP-HH0DB6L7
Generated by Fabric Compiler (version 2022.1 build 99559) at Thu Oct 12 20:17:34 2023
Compiling verification operator library.
Compiling common defs.
Compiling prim grid devices.
Compiling gate devices.
Compiling gate operators.
Building architecture model.
Loading device packaging model.
Building architecture floorplan logic view.
Constraint check start.
Executing : def_port {gpio[0]} LOC=U11 VCCIO=3.3 IOSTANDARD=LVCMOS33 DRIVE=4 SLEW=SLOW NONE=TRUE
Executing : def_port {gpio[0]} LOC=U11 VCCIO=3.3 IOSTANDARD=LVCMOS33 DRIVE=4 SLEW=SLOW NONE=TRUE successfully
Executing : def_port {gpio[1]} LOC=P17 VCCIO=3.3 IOSTANDARD=LVCMOS33 DRIVE=4 SLEW=SLOW NONE=TRUE
Executing : def_port {gpio[1]} LOC=P17 VCCIO=3.3 IOSTANDARD=LVCMOS33 DRIVE=4 SLEW=SLOW NONE=TRUE successfully
Executing : def_port {gpio[2]} LOC=T13 VCCIO=3.3 IOSTANDARD=LVCMOS33 DRIVE=4 SLEW=SLOW NONE=TRUE
Executing : def_port {gpio[2]} LOC=T13 VCCIO=3.3 IOSTANDARD=LVCMOS33 DRIVE=4 SLEW=SLOW NONE=TRUE successfully
Executing : def_port {gpio[3]} LOC=R13 VCCIO=3.3 IOSTANDARD=LVCMOS33 DRIVE=4 SLEW=SLOW NONE=TRUE
Executing : def_port {gpio[3]} LOC=R13 VCCIO=3.3 IOSTANDARD=LVCMOS33 DRIVE=4 SLEW=SLOW NONE=TRUE successfully
Executing : def_port {gpio[4]} LOC=P13 VCCIO=3.3 IOSTANDARD=LVCMOS33 DRIVE=4 SLEW=SLOW NONE=TRUE
Executing : def_port {gpio[4]} LOC=P13 VCCIO=3.3 IOSTANDARD=LVCMOS33 DRIVE=4 SLEW=SLOW NONE=TRUE successfully
Executing : def_port {gpio[5]} LOC=P14 VCCIO=3.3 IOSTANDARD=LVCMOS33 DRIVE=4 SLEW=SLOW NONE=TRUE
Executing : def_port {gpio[5]} LOC=P14 VCCIO=3.3 IOSTANDARD=LVCMOS33 DRIVE=4 SLEW=SLOW NONE=TRUE successfully
Executing : def_port {gpio[6]} LOC=R15 VCCIO=3.3 IOSTANDARD=LVCMOS33 DRIVE=4 SLEW=SLOW NONE=TRUE
Executing : def_port {gpio[6]} LOC=R15 VCCIO=3.3 IOSTANDARD=LVCMOS33 DRIVE=4 SLEW=SLOW NONE=TRUE successfully
Executing : def_port {gpio[7]} LOC=R14 VCCIO=3.3 IOSTANDARD=LVCMOS33 DRIVE=4 SLEW=SLOW NONE=TRUE
Executing : def_port {gpio[7]} LOC=R14 VCCIO=3.3 IOSTANDARD=LVCMOS33 DRIVE=4 SLEW=SLOW NONE=TRUE successfully
Executing : def_port {halted_ind} LOC=U10 VCCIO=3.3 IOSTANDARD=LVCMOS33 DRIVE=4 SLEW=SLOW NONE=TRUE
Executing : def_port {halted_ind} LOC=U10 VCCIO=3.3 IOSTANDARD=LVCMOS33 DRIVE=4 SLEW=SLOW NONE=TRUE successfully
Executing : def_port {jtag_TDO} LOC=V17 VCCIO=3.3 IOSTANDARD=LVCMOS33 DRIVE=4 SLEW=SLOW NONE=TRUE
Executing : def_port {jtag_TDO} LOC=V17 VCCIO=3.3 IOSTANDARD=LVCMOS33 DRIVE=4 SLEW=SLOW NONE=TRUE successfully
Executing : def_port {spi2_clk} LOC=U17 VCCIO=3.3 IOSTANDARD=LVCMOS33 DRIVE=4 SLEW=SLOW NONE=TRUE
Executing : def_port {spi2_clk} LOC=U17 VCCIO=3.3 IOSTANDARD=LVCMOS33 DRIVE=4 SLEW=SLOW NONE=TRUE successfully
Executing : def_port {spi2_mosi} LOC=U18 VCCIO=3.3 IOSTANDARD=LVCMOS33 DRIVE=4 SLEW=SLOW NONE=TRUE
Executing : def_port {spi2_mosi} LOC=U18 VCCIO=3.3 IOSTANDARD=LVCMOS33 DRIVE=4 SLEW=SLOW NONE=TRUE successfully
Executing : def_port {spi2_ss} LOC=M13 VCCIO=3.3 IOSTANDARD=LVCMOS33 DRIVE=4 SLEW=SLOW NONE=TRUE
Executing : def_port {spi2_ss} LOC=M13 VCCIO=3.3 IOSTANDARD=LVCMOS33 DRIVE=4 SLEW=SLOW NONE=TRUE successfully
Executing : def_port {spi_clk} LOC=N15 VCCIO=3.3 IOSTANDARD=LVCMOS33 DRIVE=4 SLEW=SLOW NONE=TRUE
Executing : def_port {spi_clk} LOC=N15 VCCIO=3.3 IOSTANDARD=LVCMOS33 DRIVE=4 SLEW=SLOW NONE=TRUE successfully
Executing : def_port {spi_mosi} LOC=L13 VCCIO=3.3 IOSTANDARD=LVCMOS33 DRIVE=4 SLEW=SLOW NONE=TRUE
Executing : def_port {spi_mosi} LOC=L13 VCCIO=3.3 IOSTANDARD=LVCMOS33 DRIVE=4 SLEW=SLOW NONE=TRUE successfully
Executing : def_port {spi_ss} LOC=P18 VCCIO=3.3 IOSTANDARD=LVCMOS33 DRIVE=4 SLEW=SLOW NONE=TRUE
Executing : def_port {spi_ss} LOC=P18 VCCIO=3.3 IOSTANDARD=LVCMOS33 DRIVE=4 SLEW=SLOW NONE=TRUE successfully
Executing : def_port {uart_tx_pin} LOC=R18 VCCIO=3.3 IOSTANDARD=LVCMOS33 DRIVE=4 SLEW=SLOW NONE=TRUE
Executing : def_port {uart_tx_pin} LOC=R18 VCCIO=3.3 IOSTANDARD=LVCMOS33 DRIVE=4 SLEW=SLOW NONE=TRUE successfully
Executing : def_port {clk_in} LOC=B5 VCCIO=3.3 IOSTANDARD=LVCMOS33 NONE=TRUE
Executing : def_port {clk_in} LOC=B5 VCCIO=3.3 IOSTANDARD=LVCMOS33 NONE=TRUE successfully
Executing : def_port {jtag_TCK} LOC=T17 VCCIO=3.3 IOSTANDARD=LVCMOS33 NONE=TRUE
Executing : def_port {jtag_TCK} LOC=T17 VCCIO=3.3 IOSTANDARD=LVCMOS33 NONE=TRUE successfully
Executing : def_port {jtag_TDI} LOC=V18 VCCIO=3.3 IOSTANDARD=LVCMOS33 NONE=TRUE
Executing : def_port {jtag_TDI} LOC=V18 VCCIO=3.3 IOSTANDARD=LVCMOS33 NONE=TRUE successfully
Executing : def_port {jtag_TMS} LOC=T18 VCCIO=3.3 IOSTANDARD=LVCMOS33 NONE=TRUE
Executing : def_port {jtag_TMS} LOC=T18 VCCIO=3.3 IOSTANDARD=LVCMOS33 NONE=TRUE successfully
Executing : def_port {rst_ext_i} LOC=U12 VCCIO=3.3 IOSTANDARD=LVCMOS33 NONE=TRUE
Executing : def_port {rst_ext_i} LOC=U12 VCCIO=3.3 IOSTANDARD=LVCMOS33 NONE=TRUE successfully
Executing : def_port {spi2_miso} LOC=M14 VCCIO=3.3 IOSTANDARD=LVCMOS33 NONE=TRUE
Executing : def_port {spi2_miso} LOC=M14 VCCIO=3.3 IOSTANDARD=LVCMOS33 NONE=TRUE successfully
Executing : def_port {spi_miso} LOC=R17 VCCIO=3.3 IOSTANDARD=LVCMOS33 NONE=TRUE
Executing : def_port {spi_miso} LOC=R17 VCCIO=3.3 IOSTANDARD=LVCMOS33 NONE=TRUE successfully
Executing : def_port {uart_rx_pin} LOC=N14 VCCIO=3.3 IOSTANDARD=LVCMOS33 NONE=TRUE
Executing : def_port {uart_rx_pin} LOC=N14 VCCIO=3.3 IOSTANDARD=LVCMOS33 NONE=TRUE successfully
Constraint check end.
I: Column Clock Check close.

Placement started.
Phase 1 Pre global placement started.
Mapping instance u_CORES/u_GTP_SCANCHAIN_PG/scanchain to SCANCHAIN_48_328.
Mapping instance pll589824/u_pll_e1/goppll to PLL_82_319.
Phase 1.1 1st GP placement started.
Design Utilization : 28%.
Wirelength after clock region global placement is 70231.
1st GP placement takes 7.72 sec.

Phase 1.2 Clock placement started.
Mapping instance clkbufg_3/gopclkbufg to USCM_74_104.
Mapping instance clkbufg_5/gopclkbufg to USCM_74_105.
Mapping instance clkbufg_4/gopclkbufg to USCM_74_106.
C: Place-2028: GLOBAL_CLOCK: the driver u_CORES/u_GTP_SCANCHAIN_PG/scanchain fixed at SCANCHAIN_48_328 is unreasonable. Sub-optimal placement for a clock source and a clock buffer.
Mapping instance clkbufg_6/gopclkbufg to USCM_74_107.
C: Place-2028: GLOBAL_CLOCK: the driver u_CORES/u_GTP_SCANCHAIN_PG/scanchain fixed at SCANCHAIN_48_328 is unreasonable. Sub-optimal placement for a clock source and a clock buffer.
Mapping instance clkbufg_7/gopclkbufg to USCM_74_108.
Clock placement takes 1.41 sec.

Pre global placement takes 10.03 sec.

Phase 2 Global placement started.
Phase 2.1 Fixed placement started.
Placed fixed group with base inst clk_in_ibuf/opit_1 on IOL_7_298.
Placed fixed group with base inst gpio_tri[0]/opit_1 on IOL_151_102.
Placed fixed group with base inst gpio_tri[1]/opit_1 on IOL_151_46.
Placed fixed group with base inst gpio_tri[2]/opit_1 on IOL_151_13.
Placed fixed group with base inst gpio_tri[3]/opit_1 on IOL_151_14.
Placed fixed group with base inst gpio_tri[4]/opit_1 on IOL_151_10.
Placed fixed group with base inst gpio_tri[5]/opit_1 on IOL_151_9.
Placed fixed group with base inst gpio_tri[6]/opit_1 on IOL_151_17.
Placed fixed group with base inst gpio_tri[7]/opit_1 on IOL_151_18.
Placed fixed group with base inst halted_ind_obuf/opit_1 on IOL_151_114.
Placed fixed group with base inst jtag_TCK_ibuf/opit_1 on IOL_151_73.
Placed fixed group with base inst jtag_TDI_ibuf/opit_1 on IOL_151_82.
Placed fixed group with base inst jtag_TDO_obuf/opit_1 on IOL_151_81.
Placed fixed group with base inst jtag_TMS_ibuf/opit_1 on IOL_151_74.
Placed fixed group with base inst rst_ext_i_ibuf/opit_1 on IOL_151_106.
Placed fixed group with base inst spi2_clk_obuf/opit_1 on IOL_151_77.
Placed fixed group with base inst spi2_miso_ibuf/opit_1 on IOL_151_145.
Placed fixed group with base inst spi2_mosi_obuf/opit_1 on IOL_151_78.
Placed fixed group with base inst spi2_ss_obuf/opit_1 on IOL_151_146.
Placed fixed group with base inst spi_clk_obuf/opit_1 on IOL_151_134.
Placed fixed group with base inst spi_miso_ibuf/opit_1 on IOL_151_50.
Placed fixed group with base inst spi_mosi_obuf/opit_1 on IOL_151_162.
Placed fixed group with base inst spi_ss_obuf/opit_1 on IOL_151_45.
Placed fixed group with base inst uart_rx_pin_ibuf/opit_1 on IOL_151_5.
Placed fixed group with base inst uart_tx_pin_obuf/opit_1 on IOL_151_49.
Placed fixed instance clkbufg_3/gopclkbufg on USCM_74_104.
Placed fixed instance clkbufg_4/gopclkbufg on USCM_74_106.
Placed fixed instance clkbufg_5/gopclkbufg on USCM_74_105.
Placed fixed instance clkbufg_6/gopclkbufg on USCM_74_107.
Placed fixed instance clkbufg_7/gopclkbufg on USCM_74_108.
Placed fixed instance pll589824/u_pll_e1/goppll on PLL_82_319.
Placed fixed instance u_CORES/u_GTP_SCANCHAIN_PG/scanchain on SCANCHAIN_48_328.
Placed fixed instance BKCL_auto_0 on BKCL_2_268.
Placed fixed instance BKCL_auto_1 on BKCL_154_144.
Placed fixed instance BKCL_auto_2 on BKCL_154_20.
Fixed placement takes 0.02 sec.

Phase 2.2 Process placement started.
Process placement takes 0.00 sec.

Phase 2.3 IO placement started.
IO placement takes 0.03 sec.

Phase 2.4 2nd GP placement started.
Run super clustering :
	Initial slack 18618.
	2 iterations finished.
	Final slack 19607.
Super clustering done.
Design Utilization : 28%.
2nd GP placement takes 6.86 sec.

Wirelength after global placement is 71191.
Global placement takes 6.91 sec.

Phase 3 Post global placement started.
Phase 3.1 Macro cell placement started.
Wirelength after macro cell placement is 74322.
Macro cell placement takes 0.02 sec.

Phase 3.2 3rd GP placement started.
Run super clustering :
	Initial slack 18618.
	2 iterations finished.
	Final slack 19607.
Super clustering done.
Design Utilization : 28%.
3rd GP placement takes 6.72 sec.

Wirelength after post global placement is 65773.
Post global placement takes 6.73 sec.

Phase 4 Legalization started.
The average distance in LP is 1.130345.
Wirelength after legalization is 71497.
Legalization takes 0.55 sec.

Phase 5 Timing-driven detailed placement started.
Phase 5.1 Replication placement started.
Worst slack before Replication Place is 21800.
Replication placement takes 0.41 sec.

Wirelength after replication placement is 71497.
Phase 5.2 DP placement started.
Legalized cost 21800.000000.
The detailed placement ends at 0th iteration.
DP placement takes 0.31 sec.

Wirelength after detailed placement is 71497.
Timing-driven detailed placement takes 0.73 sec.

Worst slack is 21800, TNS after placement is 0.
Placement done.
Total placement takes 27.00 sec.
Finished placement. (CPU time elapsed 0h:00m:27s)

Routing started.
Building routing graph takes 1.02 sec.
Worst slack is 21800, TNS before global route is 0.
Processing design graph takes 0.45 sec.
Total memory for routing:
	51.601933 M.
Total nets for routing : 7788.
Rcf routing step 1 processed 0 nets, it takes 0.00 sec.
Rcf routing step 2 processed 0 nets, it takes 0.00 sec.
Rcf routing step 3 processed 0 nets, it takes 0.00 sec.
Unrouted nets 0 at the end of iteration 0.
Global Routing step 1 processed 82 nets, it takes 0.02 sec.
Unrouted nets 112 at the end of iteration 0.
Unrouted nets 75 at the end of iteration 1.
Unrouted nets 45 at the end of iteration 2.
Unrouted nets 26 at the end of iteration 3.
Unrouted nets 12 at the end of iteration 4.
Unrouted nets 9 at the end of iteration 5.
Unrouted nets 9 at the end of iteration 6.
Unrouted nets 9 at the end of iteration 7.
Unrouted nets 6 at the end of iteration 8.
Unrouted nets 7 at the end of iteration 9.
Unrouted nets 15 at the end of iteration 10.
Unrouted nets 9 at the end of iteration 11.
Unrouted nets 11 at the end of iteration 12.
Unrouted nets 3 at the end of iteration 13.
Unrouted nets 0 at the end of iteration 14.
Global Routing step 2 processed 151 nets, it takes 1.34 sec.
Unrouted nets 251 at the end of iteration 0.
Unrouted nets 181 at the end of iteration 1.
Unrouted nets 123 at the end of iteration 2.
Unrouted nets 94 at the end of iteration 3.
Unrouted nets 65 at the end of iteration 4.
Unrouted nets 43 at the end of iteration 5.
Unrouted nets 35 at the end of iteration 6.
Unrouted nets 17 at the end of iteration 7.
Unrouted nets 13 at the end of iteration 8.
Unrouted nets 8 at the end of iteration 9.
Unrouted nets 2 at the end of iteration 10.
Unrouted nets 0 at the end of iteration 11.
Global Routing step 3 processed 374 nets, it takes 2.14 sec.
Global routing takes 3.52 sec.
Total 9904 subnets.
    forward max bucket size 17757 , backward 378.
        Unrouted nets 7662 at the end of iteration 0.
    route iteration 0, CPU time elapsed 2.312500 sec.
    forward max bucket size 17654 , backward 316.
        Unrouted nets 6052 at the end of iteration 1.
    route iteration 1, CPU time elapsed 2.187500 sec.
    forward max bucket size 17677 , backward 509.
        Unrouted nets 4777 at the end of iteration 2.
    route iteration 2, CPU time elapsed 2.234375 sec.
    forward max bucket size 660 , backward 428.
        Unrouted nets 3891 at the end of iteration 3.
    route iteration 3, CPU time elapsed 1.828125 sec.
    forward max bucket size 614 , backward 478.
        Unrouted nets 3200 at the end of iteration 4.
    route iteration 4, CPU time elapsed 1.453125 sec.
    forward max bucket size 766 , backward 675.
        Unrouted nets 3395 at the end of iteration 5.
    route iteration 5, CPU time elapsed 1.187500 sec.
    forward max bucket size 944 , backward 937.
        Unrouted nets 3179 at the end of iteration 6.
    route iteration 6, CPU time elapsed 1.031250 sec.
    forward max bucket size 724 , backward 413.
        Unrouted nets 2783 at the end of iteration 7.
    route iteration 7, CPU time elapsed 0.953125 sec.
    forward max bucket size 941 , backward 524.
        Unrouted nets 2329 at the end of iteration 8.
    route iteration 8, CPU time elapsed 0.859375 sec.
    forward max bucket size 482 , backward 485.
        Unrouted nets 1922 at the end of iteration 9.
    route iteration 9, CPU time elapsed 0.671875 sec.
    forward max bucket size 644 , backward 371.
        Unrouted nets 1600 at the end of iteration 10.
    route iteration 10, CPU time elapsed 0.593750 sec.
    forward max bucket size 749 , backward 392.
        Unrouted nets 1283 at the end of iteration 11.
    route iteration 11, CPU time elapsed 0.468750 sec.
    forward max bucket size 585 , backward 803.
        Unrouted nets 1105 at the end of iteration 12.
    route iteration 12, CPU time elapsed 0.421875 sec.
    forward max bucket size 616 , backward 840.
        Unrouted nets 896 at the end of iteration 13.
    route iteration 13, CPU time elapsed 0.359375 sec.
    forward max bucket size 474 , backward 733.
        Unrouted nets 743 at the end of iteration 14.
    route iteration 14, CPU time elapsed 0.328125 sec.
    forward max bucket size 505 , backward 1412.
        Unrouted nets 609 at the end of iteration 15.
    route iteration 15, CPU time elapsed 0.296875 sec.
    forward max bucket size 447 , backward 701.
        Unrouted nets 470 at the end of iteration 16.
    route iteration 16, CPU time elapsed 0.250000 sec.
    forward max bucket size 404 , backward 544.
        Unrouted nets 342 at the end of iteration 17.
    route iteration 17, CPU time elapsed 0.187500 sec.
    forward max bucket size 358 , backward 475.
        Unrouted nets 299 at the end of iteration 18.
    route iteration 18, CPU time elapsed 0.171875 sec.
    forward max bucket size 277 , backward 275.
        Unrouted nets 247 at the end of iteration 19.
    route iteration 19, CPU time elapsed 0.156250 sec.
    forward max bucket size 294 , backward 183.
        Unrouted nets 208 at the end of iteration 20.
    route iteration 20, CPU time elapsed 0.140625 sec.
    forward max bucket size 97 , backward 198.
        Unrouted nets 182 at the end of iteration 21.
    route iteration 21, CPU time elapsed 0.125000 sec.
    forward max bucket size 235 , backward 207.
        Unrouted nets 147 at the end of iteration 22.
    route iteration 22, CPU time elapsed 0.109375 sec.
    forward max bucket size 95 , backward 82.
        Unrouted nets 147 at the end of iteration 23.
    route iteration 23, CPU time elapsed 0.093750 sec.
    forward max bucket size 194 , backward 137.
        Unrouted nets 101 at the end of iteration 24.
    route iteration 24, CPU time elapsed 0.078125 sec.
    forward max bucket size 412 , backward 494.
        Unrouted nets 90 at the end of iteration 25.
    route iteration 25, CPU time elapsed 0.078125 sec.
    forward max bucket size 83 , backward 145.
        Unrouted nets 101 at the end of iteration 26.
    route iteration 26, CPU time elapsed 0.093750 sec.
    forward max bucket size 89 , backward 61.
        Unrouted nets 79 at the end of iteration 27.
    route iteration 27, CPU time elapsed 0.078125 sec.
    forward max bucket size 74 , backward 84.
        Unrouted nets 64 at the end of iteration 28.
    route iteration 28, CPU time elapsed 0.062500 sec.
    forward max bucket size 151 , backward 80.
        Unrouted nets 56 at the end of iteration 29.
    route iteration 29, CPU time elapsed 0.078125 sec.
    forward max bucket size 104 , backward 66.
        Unrouted nets 45 at the end of iteration 30.
    route iteration 30, CPU time elapsed 0.062500 sec.
    forward max bucket size 128 , backward 90.
        Unrouted nets 35 at the end of iteration 31.
    route iteration 31, CPU time elapsed 0.062500 sec.
    forward max bucket size 22 , backward 47.
        Unrouted nets 34 at the end of iteration 32.
    route iteration 32, CPU time elapsed 0.062500 sec.
    forward max bucket size 128 , backward 521.
        Unrouted nets 17 at the end of iteration 33.
    route iteration 33, CPU time elapsed 0.062500 sec.
    forward max bucket size 88 , backward 533.
        Unrouted nets 10 at the end of iteration 34.
    route iteration 34, CPU time elapsed 0.046875 sec.
    forward max bucket size 30 , backward 38.
        Unrouted nets 10 at the end of iteration 35.
    route iteration 35, CPU time elapsed 0.046875 sec.
    forward max bucket size 22 , backward 23.
        Unrouted nets 8 at the end of iteration 36.
    route iteration 36, CPU time elapsed 0.046875 sec.
    forward max bucket size 27 , backward 26.
        Unrouted nets 6 at the end of iteration 37.
    route iteration 37, CPU time elapsed 0.046875 sec.
    forward max bucket size 32 , backward 26.
        Unrouted nets 8 at the end of iteration 38.
    route iteration 38, CPU time elapsed 0.046875 sec.
    forward max bucket size 12 , backward 22.
        Unrouted nets 7 at the end of iteration 39.
    route iteration 39, CPU time elapsed 0.046875 sec.
    forward max bucket size 17 , backward 15.
        Unrouted nets 11 at the end of iteration 40.
    route iteration 40, CPU time elapsed 0.031250 sec.
    forward max bucket size 28 , backward 39.
        Unrouted nets 9 at the end of iteration 41.
    route iteration 41, CPU time elapsed 0.046875 sec.
    forward max bucket size 37 , backward 48.
        Unrouted nets 12 at the end of iteration 42.
    route iteration 42, CPU time elapsed 0.046875 sec.
    forward max bucket size 16 , backward 18.
        Unrouted nets 12 at the end of iteration 43.
    route iteration 43, CPU time elapsed 0.046875 sec.
    forward max bucket size 14 , backward 21.
        Unrouted nets 16 at the end of iteration 44.
    route iteration 44, CPU time elapsed 0.046875 sec.
    forward max bucket size 18 , backward 29.
        Unrouted nets 10 at the end of iteration 45.
    route iteration 45, CPU time elapsed 0.046875 sec.
    forward max bucket size 21 , backward 23.
        Unrouted nets 13 at the end of iteration 46.
    route iteration 46, CPU time elapsed 0.046875 sec.
    forward max bucket size 29 , backward 43.
        Unrouted nets 8 at the end of iteration 47.
    route iteration 47, CPU time elapsed 0.046875 sec.
    forward max bucket size 13 , backward 19.
        Unrouted nets 6 at the end of iteration 48.
    route iteration 48, CPU time elapsed 0.046875 sec.
    forward max bucket size 12 , backward 22.
        Unrouted nets 6 at the end of iteration 49.
    route iteration 49, CPU time elapsed 0.046875 sec.
    forward max bucket size 193 , backward 182.
        Unrouted nets 2 at the end of iteration 50.
    route iteration 50, CPU time elapsed 0.046875 sec.
    forward max bucket size 13 , backward 19.
        Unrouted nets 5 at the end of iteration 51.
    route iteration 51, CPU time elapsed 0.046875 sec.
    forward max bucket size 18 , backward 18.
        Unrouted nets 4 at the end of iteration 52.
    route iteration 52, CPU time elapsed 0.046875 sec.
    forward max bucket size 12 , backward 18.
        Unrouted nets 5 at the end of iteration 53.
    route iteration 53, CPU time elapsed 0.046875 sec.
    forward max bucket size 16 , backward 22.
        Unrouted nets 4 at the end of iteration 54.
    route iteration 54, CPU time elapsed 0.046875 sec.
    forward max bucket size 17 , backward 17.
        Unrouted nets 6 at the end of iteration 55.
    route iteration 55, CPU time elapsed 0.031250 sec.
    forward max bucket size 13 , backward 50.
        Unrouted nets 4 at the end of iteration 56.
    route iteration 56, CPU time elapsed 0.046875 sec.
    forward max bucket size 11 , backward 19.
        Unrouted nets 2 at the end of iteration 57.
    route iteration 57, CPU time elapsed 0.046875 sec.
    forward max bucket size 7 , backward 13.
        Unrouted nets 0 at the end of iteration 58.
    route iteration 58, CPU time elapsed 0.046875 sec.
Detailed routing takes 58 iterations
C: Route-2036: The clock path from u_CORES/u_GTP_SCANCHAIN_PG/scanchain:CAPDR to clkbufg_7/gopclkbufg:CLK is routed by SRB.
C: Route-2036: The clock path from u_CORES/u_GTP_SCANCHAIN_PG/scanchain:TCK_USER to clkbufg_6/gopclkbufg:CLK is routed by SRB.
Detailed routing takes 21.47 sec.
Start fix hold violation.
Build tmp routing results takes 0.14 sec.
Timing analysis takes 1.02 sec.
Hold violation fix iter 0 takes 0.00 sec, total_step_forward 333.
Incremental timing analysis takes 0.91 sec.
Hold violation fix iter 1 takes 0.00 sec, total_step_forward 0.
Hold Violation Fix in router takes 2 iterations.
Fix hold violation Finished.
Hold Violation Fix in router takes 2.48 sec.

Dispose routing result:
    Collect routing result.
    Delete unused device instances.
    Annotate routing result.
    Change LUT configuration.
    Dispose misc instances.
    Annotate routing result again.
Finish routing takes 0.89 sec.
Used SRB routing arc is 97729.
Cleanup routing takes 0.02 sec.
Routing done.
Total routing takes 30.38 sec.


Device Utilization Summary :
+---------------------------------------------------------------------------+
| Logic Utilization        | Used     | Available     | Utilization(%)     
+---------------------------------------------------------------------------+
| Use of ADC               | 0        | 1             | 0                  
| Use of APM               | 4        | 30            | 14                 
| Use of BKCL              | 3        | 6             | 50                 
| Use of CLMA              | 1556     | 3274          | 48                 
|   FF                     | 2496     | 19644         | 13                 
|   LUT                    | 3747     | 13096         | 29                 
|   LUT-FF pairs           | 1105     | 13096         | 9                  
| Use of CLMS              | 518      | 1110          | 47                 
|   FF                     | 892      | 6660          | 14                 
|   LUT                    | 1198     | 4440          | 27                 
|   LUT-FF pairs           | 381      | 4440          | 9                  
|   Distributed RAM        | 0        | 4440          | 0                  
| Use of CRYSTAL           | 0        | 6             | 0                  
| Use of DLL               | 0        | 6             | 0                  
| Use of DQSL              | 0        | 18            | 0                  
| Use of DRM               | 44       | 48            | 92                 
| Use of FLSIF             | 0        | 1             | 0                  
| Use of FUSECODE          | 0        | 1             | 0                  
| Use of HARD0N1           | 0        | 2745          | 0                  
| Use of HMEMC             | 0        | 2             | 0                  
| Use of IO                | 25       | 240           | 11                 
|   IOBD                   | 15       | 120           | 13                 
|   IOBR                   | 0        | 6             | 0                  
|   IOBS                   | 10       | 114           | 9                  
| Use of IOCKDIV           | 0        | 12            | 0                  
| Use of IOCKDLY           | 0        | 24            | 0                  
| Use of IOCKGATE          | 0        | 12            | 0                  
| Use of IOCKGMUX_TEST     | 0        | 12            | 0                  
| Use of IOL               | 25       | 240           | 11                 
| Use of IPAL              | 0        | 1             | 0                  
| Use of MFG_TEST          | 0        | 1             | 0                  
| Use of OSC               | 0        | 1             | 0                  
| Use of PLL               | 1        | 6             | 17                 
| Use of PREGMUX_TEST      | 0        | 6             | 0                  
| Use of RCKB              | 1        | 24            | 5                  
| Use of RCKBMUX_TEST      | 0        | 12            | 0                  
| Use of RESCAL            | 0        | 6             | 0                  
| Use of SCANCHAIN         | 1        | 4             | 25                 
| Use of START             | 1        | 1             | 100                
| Use of UDID              | 0        | 1             | 0                  
| Use of USCM              | 5        | 20            | 25                 
| Use of USCMMUX_TEST      | 0        | 20            | 0                  
| Use of VCKBMUX_TEST      | 0        | 12            | 0                  
+---------------------------------------------------------------------------+

Finished routing. (CPU time elapsed 0h:00m:30s)
Design 'tinyriscv_soc_top' has been placed and routed successfully.
Saving design to DB.
Finished placement and routing. (CPU time elapsed 0h:01m:09s)
Action pnr: Real time elapsed is 0h:1m:13s
Action pnr: CPU time elapsed is 0h:1m:10s
Action pnr: Process CPU time elapsed is 0h:1m:10s
Current time: Thu Oct 12 20:18:45 2023
Action pnr: Peak memory pool usage is 823 MB
