#Build: Fabric Compiler 2022.1, Build 99559, Jul 12 00:20 2022
#Install: D:\pango\PDS_2022.1\bin
#Application name: pds_shell.exe
#OS: Windows 10 10.0.19045
#Hostname: LAPTOP-HH0DB6L7
Generated by Fabric Compiler (version 2022.1 build 99559) at Mon Oct 16 08:35:26 2023
Compiling verification operator library.
Compiling common defs.
Compiling prim grid devices.
Compiling gate devices.
Compiling gate operators.
Building architecture model.
Loading device packaging model.
Building architecture floorplan logic view.
Constraint check start.
Executing : def_port {gpio[0]} LOC=U11 VCCIO=3.3 IOSTANDARD=LVCMOS33 DRIVE=4 SLEW=SLOW NONE=TRUE
Executing : def_port {gpio[0]} LOC=U11 VCCIO=3.3 IOSTANDARD=LVCMOS33 DRIVE=4 SLEW=SLOW NONE=TRUE successfully
Executing : def_port {gpio[1]} LOC=P17 VCCIO=3.3 IOSTANDARD=LVCMOS33 DRIVE=4 SLEW=SLOW NONE=TRUE
Executing : def_port {gpio[1]} LOC=P17 VCCIO=3.3 IOSTANDARD=LVCMOS33 DRIVE=4 SLEW=SLOW NONE=TRUE successfully
Executing : def_port {gpio[2]} LOC=T13 VCCIO=3.3 IOSTANDARD=LVCMOS33 DRIVE=4 SLEW=SLOW NONE=TRUE
Executing : def_port {gpio[2]} LOC=T13 VCCIO=3.3 IOSTANDARD=LVCMOS33 DRIVE=4 SLEW=SLOW NONE=TRUE successfully
Executing : def_port {gpio[3]} LOC=R13 VCCIO=3.3 IOSTANDARD=LVCMOS33 DRIVE=4 SLEW=SLOW NONE=TRUE
Executing : def_port {gpio[3]} LOC=R13 VCCIO=3.3 IOSTANDARD=LVCMOS33 DRIVE=4 SLEW=SLOW NONE=TRUE successfully
Executing : def_port {gpio[4]} LOC=P13 VCCIO=3.3 IOSTANDARD=LVCMOS33 DRIVE=4 SLEW=SLOW NONE=TRUE
Executing : def_port {gpio[4]} LOC=P13 VCCIO=3.3 IOSTANDARD=LVCMOS33 DRIVE=4 SLEW=SLOW NONE=TRUE successfully
Executing : def_port {gpio[5]} LOC=P14 VCCIO=3.3 IOSTANDARD=LVCMOS33 DRIVE=4 SLEW=SLOW NONE=TRUE
Executing : def_port {gpio[5]} LOC=P14 VCCIO=3.3 IOSTANDARD=LVCMOS33 DRIVE=4 SLEW=SLOW NONE=TRUE successfully
Executing : def_port {gpio[6]} LOC=R15 VCCIO=3.3 IOSTANDARD=LVCMOS33 DRIVE=4 SLEW=SLOW NONE=TRUE
Executing : def_port {gpio[6]} LOC=R15 VCCIO=3.3 IOSTANDARD=LVCMOS33 DRIVE=4 SLEW=SLOW NONE=TRUE successfully
Executing : def_port {gpio[7]} LOC=R14 VCCIO=3.3 IOSTANDARD=LVCMOS33 DRIVE=4 SLEW=SLOW NONE=TRUE
Executing : def_port {gpio[7]} LOC=R14 VCCIO=3.3 IOSTANDARD=LVCMOS33 DRIVE=4 SLEW=SLOW NONE=TRUE successfully
Executing : def_port {halted_ind} LOC=U10 VCCIO=3.3 IOSTANDARD=LVCMOS33 DRIVE=4 SLEW=SLOW NONE=TRUE
Executing : def_port {halted_ind} LOC=U10 VCCIO=3.3 IOSTANDARD=LVCMOS33 DRIVE=4 SLEW=SLOW NONE=TRUE successfully
Executing : def_port {jtag_TDO} LOC=V17 VCCIO=3.3 IOSTANDARD=LVCMOS33 DRIVE=4 SLEW=SLOW NONE=TRUE
Executing : def_port {jtag_TDO} LOC=V17 VCCIO=3.3 IOSTANDARD=LVCMOS33 DRIVE=4 SLEW=SLOW NONE=TRUE successfully
Executing : def_port {spi2_clk} LOC=U17 VCCIO=3.3 IOSTANDARD=LVCMOS33 DRIVE=4 SLEW=SLOW NONE=TRUE
Executing : def_port {spi2_clk} LOC=U17 VCCIO=3.3 IOSTANDARD=LVCMOS33 DRIVE=4 SLEW=SLOW NONE=TRUE successfully
Executing : def_port {spi2_mosi} LOC=U18 VCCIO=3.3 IOSTANDARD=LVCMOS33 DRIVE=4 SLEW=SLOW NONE=TRUE
Executing : def_port {spi2_mosi} LOC=U18 VCCIO=3.3 IOSTANDARD=LVCMOS33 DRIVE=4 SLEW=SLOW NONE=TRUE successfully
Executing : def_port {spi2_ss} LOC=M13 VCCIO=3.3 IOSTANDARD=LVCMOS33 DRIVE=4 SLEW=SLOW NONE=TRUE
Executing : def_port {spi2_ss} LOC=M13 VCCIO=3.3 IOSTANDARD=LVCMOS33 DRIVE=4 SLEW=SLOW NONE=TRUE successfully
Executing : def_port {spi_clk} LOC=N15 VCCIO=3.3 IOSTANDARD=LVCMOS33 DRIVE=4 SLEW=SLOW NONE=TRUE
Executing : def_port {spi_clk} LOC=N15 VCCIO=3.3 IOSTANDARD=LVCMOS33 DRIVE=4 SLEW=SLOW NONE=TRUE successfully
Executing : def_port {spi_mosi} LOC=L13 VCCIO=3.3 IOSTANDARD=LVCMOS33 DRIVE=4 SLEW=SLOW NONE=TRUE
Executing : def_port {spi_mosi} LOC=L13 VCCIO=3.3 IOSTANDARD=LVCMOS33 DRIVE=4 SLEW=SLOW NONE=TRUE successfully
Executing : def_port {spi_ss} LOC=P18 VCCIO=3.3 IOSTANDARD=LVCMOS33 DRIVE=4 SLEW=SLOW NONE=TRUE
Executing : def_port {spi_ss} LOC=P18 VCCIO=3.3 IOSTANDARD=LVCMOS33 DRIVE=4 SLEW=SLOW NONE=TRUE successfully
Executing : def_port {uart_tx_pin} LOC=R18 VCCIO=3.3 IOSTANDARD=LVCMOS33 DRIVE=4 SLEW=SLOW NONE=TRUE
Executing : def_port {uart_tx_pin} LOC=R18 VCCIO=3.3 IOSTANDARD=LVCMOS33 DRIVE=4 SLEW=SLOW NONE=TRUE successfully
Executing : def_port {clk_in} LOC=B5 VCCIO=3.3 IOSTANDARD=LVCMOS33 NONE=TRUE
Executing : def_port {clk_in} LOC=B5 VCCIO=3.3 IOSTANDARD=LVCMOS33 NONE=TRUE successfully
Executing : def_port {jtag_TCK} LOC=T17 VCCIO=3.3 IOSTANDARD=LVCMOS33 NONE=TRUE
Executing : def_port {jtag_TCK} LOC=T17 VCCIO=3.3 IOSTANDARD=LVCMOS33 NONE=TRUE successfully
Executing : def_port {jtag_TDI} LOC=V18 VCCIO=3.3 IOSTANDARD=LVCMOS33 NONE=TRUE
Executing : def_port {jtag_TDI} LOC=V18 VCCIO=3.3 IOSTANDARD=LVCMOS33 NONE=TRUE successfully
Executing : def_port {jtag_TMS} LOC=T18 VCCIO=3.3 IOSTANDARD=LVCMOS33 NONE=TRUE
Executing : def_port {jtag_TMS} LOC=T18 VCCIO=3.3 IOSTANDARD=LVCMOS33 NONE=TRUE successfully
Executing : def_port {rst_ext_i} LOC=U12 VCCIO=3.3 IOSTANDARD=LVCMOS33 NONE=TRUE
Executing : def_port {rst_ext_i} LOC=U12 VCCIO=3.3 IOSTANDARD=LVCMOS33 NONE=TRUE successfully
Executing : def_port {spi2_miso} LOC=M14 VCCIO=3.3 IOSTANDARD=LVCMOS33 NONE=TRUE
Executing : def_port {spi2_miso} LOC=M14 VCCIO=3.3 IOSTANDARD=LVCMOS33 NONE=TRUE successfully
Executing : def_port {spi_miso} LOC=R17 VCCIO=3.3 IOSTANDARD=LVCMOS33 NONE=TRUE
Executing : def_port {spi_miso} LOC=R17 VCCIO=3.3 IOSTANDARD=LVCMOS33 NONE=TRUE successfully
Executing : def_port {uart_rx_pin} LOC=N14 VCCIO=3.3 IOSTANDARD=LVCMOS33 NONE=TRUE
Executing : def_port {uart_rx_pin} LOC=N14 VCCIO=3.3 IOSTANDARD=LVCMOS33 NONE=TRUE successfully
Constraint check end.
I: Column Clock Check close.

Placement started.
Phase 1 Pre global placement started.
Mapping instance pll1/u_pll_e1/goppll to PLL_82_319.
Phase 1.1 1st GP placement started.
Design Utilization : 26%.
Wirelength after clock region global placement is 72069.
1st GP placement takes 8.67 sec.

Phase 1.2 Clock placement started.
Mapping instance clkbufg_0/gopclkbufg to USCM_74_104.
Mapping instance clkbufg_1/gopclkbufg to USCM_74_105.
Clock placement takes 0.09 sec.

Pre global placement takes 9.88 sec.

Phase 2 Global placement started.
Phase 2.1 Fixed placement started.
Placed fixed group with base inst clk_in_ibuf/opit_1 on IOL_7_298.
Placed fixed group with base inst gpio_tri[0]/opit_1 on IOL_151_102.
Placed fixed group with base inst gpio_tri[1]/opit_1 on IOL_151_46.
Placed fixed group with base inst gpio_tri[2]/opit_1 on IOL_151_13.
Placed fixed group with base inst gpio_tri[3]/opit_1 on IOL_151_14.
Placed fixed group with base inst gpio_tri[4]/opit_1 on IOL_151_10.
Placed fixed group with base inst gpio_tri[5]/opit_1 on IOL_151_9.
Placed fixed group with base inst gpio_tri[6]/opit_1 on IOL_151_17.
Placed fixed group with base inst gpio_tri[7]/opit_1 on IOL_151_18.
Placed fixed group with base inst halted_ind_obuf/opit_1 on IOL_151_114.
Placed fixed group with base inst jtag_TCK_ibuf/opit_1 on IOL_151_73.
Placed fixed group with base inst jtag_TDI_ibuf/opit_1 on IOL_151_82.
Placed fixed group with base inst jtag_TDO_obuf/opit_1 on IOL_151_81.
Placed fixed group with base inst jtag_TMS_ibuf/opit_1 on IOL_151_74.
Placed fixed group with base inst rst_ext_i_ibuf/opit_1 on IOL_151_106.
Placed fixed group with base inst spi2_clk_obuf/opit_1 on IOL_151_77.
Placed fixed group with base inst spi2_miso_ibuf/opit_1 on IOL_151_145.
Placed fixed group with base inst spi2_mosi_obuf/opit_1 on IOL_151_78.
Placed fixed group with base inst spi2_ss_obuf/opit_1 on IOL_151_146.
Placed fixed group with base inst spi_clk_obuf/opit_1 on IOL_151_134.
Placed fixed group with base inst spi_miso_ibuf/opit_1 on IOL_151_50.
Placed fixed group with base inst spi_mosi_obuf/opit_1 on IOL_151_162.
Placed fixed group with base inst spi_ss_obuf/opit_1 on IOL_151_45.
Placed fixed group with base inst uart_rx_pin_ibuf/opit_1 on IOL_151_5.
Placed fixed group with base inst uart_tx_pin_obuf/opit_1 on IOL_151_49.
Placed fixed instance clkbufg_0/gopclkbufg on USCM_74_104.
Placed fixed instance clkbufg_1/gopclkbufg on USCM_74_105.
Placed fixed instance pll1/u_pll_e1/goppll on PLL_82_319.
Placed fixed instance BKCL_auto_0 on BKCL_2_268.
Placed fixed instance BKCL_auto_1 on BKCL_154_144.
Placed fixed instance BKCL_auto_2 on BKCL_154_20.
Fixed placement takes 0.00 sec.

Phase 2.2 Process placement started.
Process placement takes 0.00 sec.

Phase 2.3 IO placement started.
IO placement takes 0.03 sec.

Phase 2.4 2nd GP placement started.
Run super clustering :
	Initial slack 494955.
	1 iterations finished.
	Final slack 494955.
Super clustering done.
Design Utilization : 26%.
2nd GP placement takes 7.72 sec.

Wirelength after global placement is 69849.
Global placement takes 7.75 sec.

Phase 3 Post global placement started.
Phase 3.1 Macro cell placement started.
Wirelength after macro cell placement is 80378.
Macro cell placement takes 0.02 sec.

Phase 3.2 3rd GP placement started.
Run super clustering :
	Initial slack 494955.
	1 iterations finished.
	Final slack 494955.
Super clustering done.
Design Utilization : 26%.
3rd GP placement takes 6.95 sec.

Wirelength after post global placement is 71029.
Post global placement takes 7.00 sec.

Phase 4 Legalization started.
The average distance in LP is 1.123117.
Wirelength after legalization is 76717.
Legalization takes 0.59 sec.

Phase 5 Timing-driven detailed placement started.
Phase 5.1 Replication placement started.
Worst slack before Replication Place is 496996.
Replication placement takes 0.45 sec.

Wirelength after replication placement is 76717.
Phase 5.2 DP placement started.
Legalized cost 496996.000000.
The detailed placement ends at 0th iteration.
DP placement takes 0.34 sec.

Wirelength after detailed placement is 76717.
Timing-driven detailed placement takes 0.81 sec.

Worst slack is 496996, TNS after placement is 0.
Placement done.
Total placement takes 28.58 sec.
Finished placement. (CPU time elapsed 0h:00m:28s)

Routing started.
Building routing graph takes 1.14 sec.
Worst slack is 496996, TNS before global route is 0.
Processing design graph takes 0.55 sec.
Total memory for routing:
	51.313889 M.
Total nets for routing : 7461.
Rcf routing step 1 processed 0 nets, it takes 0.00 sec.
Rcf routing step 2 processed 0 nets, it takes 0.00 sec.
Rcf routing step 3 processed 0 nets, it takes 0.00 sec.
Global Routing step 1 processed 0 nets, it takes 0.00 sec.
Global Routing step 2 processed 0 nets, it takes 0.02 sec.
Unrouted nets 275 at the end of iteration 0.
Unrouted nets 192 at the end of iteration 1.
Unrouted nets 141 at the end of iteration 2.
Unrouted nets 95 at the end of iteration 3.
Unrouted nets 89 at the end of iteration 4.
Unrouted nets 57 at the end of iteration 5.
Unrouted nets 48 at the end of iteration 6.
Unrouted nets 40 at the end of iteration 7.
Unrouted nets 31 at the end of iteration 8.
Unrouted nets 27 at the end of iteration 9.
Unrouted nets 17 at the end of iteration 10.
Unrouted nets 11 at the end of iteration 11.
Unrouted nets 4 at the end of iteration 12.
Unrouted nets 0 at the end of iteration 13.
Global Routing step 3 processed 394 nets, it takes 4.70 sec.
Global routing takes 4.73 sec.
Total 10004 subnets.
    forward max bucket size 531 , backward 452.
        Unrouted nets 7694 at the end of iteration 0.
    route iteration 0, CPU time elapsed 2.562500 sec.
    forward max bucket size 470 , backward 324.
        Unrouted nets 6050 at the end of iteration 1.
    route iteration 1, CPU time elapsed 2.109375 sec.
    forward max bucket size 770 , backward 597.
        Unrouted nets 4826 at the end of iteration 2.
    route iteration 2, CPU time elapsed 1.656250 sec.
    forward max bucket size 517 , backward 503.
        Unrouted nets 3986 at the end of iteration 3.
    route iteration 3, CPU time elapsed 1.625000 sec.
    forward max bucket size 730 , backward 625.
        Unrouted nets 3194 at the end of iteration 4.
    route iteration 4, CPU time elapsed 1.609375 sec.
    forward max bucket size 1048 , backward 689.
        Unrouted nets 2744 at the end of iteration 5.
    route iteration 5, CPU time elapsed 1.515625 sec.
    forward max bucket size 625 , backward 654.
        Unrouted nets 3032 at the end of iteration 6.
    route iteration 6, CPU time elapsed 1.281250 sec.
    forward max bucket size 824 , backward 707.
        Unrouted nets 2814 at the end of iteration 7.
    route iteration 7, CPU time elapsed 1.593750 sec.
    forward max bucket size 643 , backward 626.
        Unrouted nets 2572 at the end of iteration 8.
    route iteration 8, CPU time elapsed 1.015625 sec.
    forward max bucket size 516 , backward 424.
        Unrouted nets 2160 at the end of iteration 9.
    route iteration 9, CPU time elapsed 0.796875 sec.
    forward max bucket size 649 , backward 611.
        Unrouted nets 1840 at the end of iteration 10.
    route iteration 10, CPU time elapsed 0.734375 sec.
    forward max bucket size 1156 , backward 446.
        Unrouted nets 1541 at the end of iteration 11.
    route iteration 11, CPU time elapsed 0.625000 sec.
    forward max bucket size 832 , backward 474.
        Unrouted nets 1236 at the end of iteration 12.
    route iteration 12, CPU time elapsed 0.500000 sec.
    forward max bucket size 560 , backward 403.
        Unrouted nets 1087 at the end of iteration 13.
    route iteration 13, CPU time elapsed 0.437500 sec.
    forward max bucket size 457 , backward 424.
        Unrouted nets 869 at the end of iteration 14.
    route iteration 14, CPU time elapsed 0.375000 sec.
    forward max bucket size 431 , backward 392.
        Unrouted nets 692 at the end of iteration 15.
    route iteration 15, CPU time elapsed 0.312500 sec.
    forward max bucket size 499 , backward 561.
        Unrouted nets 586 at the end of iteration 16.
    route iteration 16, CPU time elapsed 0.265625 sec.
    forward max bucket size 377 , backward 454.
        Unrouted nets 473 at the end of iteration 17.
    route iteration 17, CPU time elapsed 0.250000 sec.
    forward max bucket size 387 , backward 400.
        Unrouted nets 399 at the end of iteration 18.
    route iteration 18, CPU time elapsed 0.203125 sec.
    forward max bucket size 322 , backward 310.
        Unrouted nets 312 at the end of iteration 19.
    route iteration 19, CPU time elapsed 0.171875 sec.
    forward max bucket size 481 , backward 393.
        Unrouted nets 265 at the end of iteration 20.
    route iteration 20, CPU time elapsed 0.140625 sec.
    forward max bucket size 658 , backward 286.
        Unrouted nets 234 at the end of iteration 21.
    route iteration 21, CPU time elapsed 0.140625 sec.
    forward max bucket size 671 , backward 469.
        Unrouted nets 193 at the end of iteration 22.
    route iteration 22, CPU time elapsed 0.125000 sec.
    forward max bucket size 360 , backward 251.
        Unrouted nets 158 at the end of iteration 23.
    route iteration 23, CPU time elapsed 0.109375 sec.
    forward max bucket size 265 , backward 250.
        Unrouted nets 126 at the end of iteration 24.
    route iteration 24, CPU time elapsed 0.109375 sec.
    forward max bucket size 390 , backward 255.
        Unrouted nets 111 at the end of iteration 25.
    route iteration 25, CPU time elapsed 0.093750 sec.
    forward max bucket size 174 , backward 193.
        Unrouted nets 86 at the end of iteration 26.
    route iteration 26, CPU time elapsed 0.093750 sec.
    forward max bucket size 390 , backward 420.
        Unrouted nets 72 at the end of iteration 27.
    route iteration 27, CPU time elapsed 0.078125 sec.
    forward max bucket size 118 , backward 150.
        Unrouted nets 67 at the end of iteration 28.
    route iteration 28, CPU time elapsed 0.062500 sec.
    forward max bucket size 312 , backward 219.
        Unrouted nets 43 at the end of iteration 29.
    route iteration 29, CPU time elapsed 0.078125 sec.
    forward max bucket size 364 , backward 194.
        Unrouted nets 52 at the end of iteration 30.
    route iteration 30, CPU time elapsed 0.062500 sec.
    forward max bucket size 428 , backward 331.
        Unrouted nets 47 at the end of iteration 31.
    route iteration 31, CPU time elapsed 0.062500 sec.
    forward max bucket size 738 , backward 396.
        Unrouted nets 43 at the end of iteration 32.
    route iteration 32, CPU time elapsed 0.078125 sec.
    forward max bucket size 697 , backward 330.
        Unrouted nets 41 at the end of iteration 33.
    route iteration 33, CPU time elapsed 0.062500 sec.
    forward max bucket size 602 , backward 500.
        Unrouted nets 32 at the end of iteration 34.
    route iteration 34, CPU time elapsed 0.062500 sec.
    forward max bucket size 508 , backward 335.
        Unrouted nets 33 at the end of iteration 35.
    route iteration 35, CPU time elapsed 0.062500 sec.
    forward max bucket size 507 , backward 335.
        Unrouted nets 20 at the end of iteration 36.
    route iteration 36, CPU time elapsed 0.046875 sec.
    forward max bucket size 503 , backward 336.
        Unrouted nets 18 at the end of iteration 37.
    route iteration 37, CPU time elapsed 0.046875 sec.
    forward max bucket size 222 , backward 197.
        Unrouted nets 12 at the end of iteration 38.
    route iteration 38, CPU time elapsed 0.046875 sec.
    forward max bucket size 339 , backward 306.
        Unrouted nets 15 at the end of iteration 39.
    route iteration 39, CPU time elapsed 0.046875 sec.
    forward max bucket size 37 , backward 43.
        Unrouted nets 14 at the end of iteration 40.
    route iteration 40, CPU time elapsed 0.046875 sec.
    forward max bucket size 95 , backward 246.
        Unrouted nets 19 at the end of iteration 41.
    route iteration 41, CPU time elapsed 0.046875 sec.
    forward max bucket size 87 , backward 131.
        Unrouted nets 12 at the end of iteration 42.
    route iteration 42, CPU time elapsed 0.062500 sec.
    forward max bucket size 27 , backward 45.
        Unrouted nets 8 at the end of iteration 43.
    route iteration 43, CPU time elapsed 0.046875 sec.
    forward max bucket size 24 , backward 48.
        Unrouted nets 4 at the end of iteration 44.
    route iteration 44, CPU time elapsed 0.046875 sec.
    forward max bucket size 32 , backward 58.
        Unrouted nets 2 at the end of iteration 45.
    route iteration 45, CPU time elapsed 0.046875 sec.
    forward max bucket size 8 , backward 17.
        Unrouted nets 0 at the end of iteration 46.
    route iteration 46, CPU time elapsed 0.046875 sec.
Detailed routing takes 46 iterations
Detailed routing takes 22.62 sec.
Start fix hold violation.
Build tmp routing results takes 0.12 sec.
Timing analysis takes 1.16 sec.
No hold violation.
Hold Violation Fix in router takes 0 iterations.
Fix hold violation Finished.
Hold Violation Fix in router takes 1.69 sec.

Dispose routing result:
    Collect routing result.
    Delete unused device instances.
    Annotate routing result.
    Change LUT configuration.
    Dispose misc instances.
    Annotate routing result again.
Finish routing takes 0.92 sec.
Used SRB routing arc is 97425.
Cleanup routing takes 0.02 sec.
Routing done.
Total routing takes 32.28 sec.


Device Utilization Summary :
+---------------------------------------------------------------------------+
| Logic Utilization        | Used     | Available     | Utilization(%)     
+---------------------------------------------------------------------------+
| Use of ADC               | 0        | 1             | 0                  
| Use of APM               | 4        | 30            | 14                 
| Use of BKCL              | 3        | 6             | 50                 
| Use of CLMA              | 1517     | 3274          | 47                 
|   FF                     | 2269     | 19644         | 12                 
|   LUT                    | 3551     | 13096         | 28                 
|   LUT-FF pairs           | 953      | 13096         | 8                  
| Use of CLMS              | 495      | 1110          | 45                 
|   FF                     | 807      | 6660          | 13                 
|   LUT                    | 1041     | 4440          | 24                 
|   LUT-FF pairs           | 327      | 4440          | 8                  
|   Distributed RAM        | 0        | 4440          | 0                  
| Use of CRYSTAL           | 0        | 6             | 0                  
| Use of DLL               | 0        | 6             | 0                  
| Use of DQSL              | 0        | 18            | 0                  
| Use of DRM               | 48       | 48            | 100                
| Use of FLSIF             | 0        | 1             | 0                  
| Use of FUSECODE          | 0        | 1             | 0                  
| Use of HARD0N1           | 0        | 2745          | 0                  
| Use of HMEMC             | 0        | 2             | 0                  
| Use of IO                | 25       | 240           | 11                 
|   IOBD                   | 15       | 120           | 13                 
|   IOBR                   | 0        | 6             | 0                  
|   IOBS                   | 10       | 114           | 9                  
| Use of IOCKDIV           | 0        | 12            | 0                  
| Use of IOCKDLY           | 0        | 24            | 0                  
| Use of IOCKGATE          | 0        | 12            | 0                  
| Use of IOCKGMUX_TEST     | 0        | 12            | 0                  
| Use of IOL               | 25       | 240           | 11                 
| Use of IPAL              | 0        | 1             | 0                  
| Use of MFG_TEST          | 0        | 1             | 0                  
| Use of OSC               | 0        | 1             | 0                  
| Use of PLL               | 1        | 6             | 17                 
| Use of PREGMUX_TEST      | 0        | 6             | 0                  
| Use of RCKB              | 4        | 24            | 17                 
| Use of RCKBMUX_TEST      | 0        | 12            | 0                  
| Use of RESCAL            | 0        | 6             | 0                  
| Use of SCANCHAIN         | 0        | 4             | 0                  
| Use of START             | 1        | 1             | 100                
| Use of UDID              | 0        | 1             | 0                  
| Use of USCM              | 2        | 20            | 10                 
| Use of USCMMUX_TEST      | 0        | 20            | 0                  
| Use of VCKBMUX_TEST      | 0        | 12            | 0                  
+---------------------------------------------------------------------------+

Finished routing. (CPU time elapsed 0h:00m:32s)
Design 'tinyriscv_soc_top' has been placed and routed successfully.
Saving design to DB.
Finished placement and routing. (CPU time elapsed 0h:01m:15s)
Action pnr: Real time elapsed is 0h:1m:19s
Action pnr: CPU time elapsed is 0h:1m:16s
Action pnr: Process CPU time elapsed is 0h:1m:16s
Current time: Mon Oct 16 08:36:43 2023
Action pnr: Peak memory pool usage is 799 MB
